{"/Users/weixiaoxin/Desktop/AboutMe/MiniMarkDownEditor-/lib/command/priority.ts": {"path":"/Users/weixiaoxin/Desktop/AboutMe/MiniMarkDownEditor-/lib/command/priority.ts","statementMap":{"0":{"start":{"line":5,"column":13},"end":{"line":21,"column":null}}},"fnMap":{},"branchMap":{},"s":{"0":1},"f":{},"b":{}}
,"/Users/weixiaoxin/Desktop/AboutMe/MiniMarkDownEditor-/lib/core/parser.ts": {"path":"/Users/weixiaoxin/Desktop/AboutMe/MiniMarkDownEditor-/lib/core/parser.ts","statementMap":{"0":{"start":{"line":3,"column":0},"end":{"line":3,"column":41}},"1":{"start":{"line":4,"column":0},"end":{"line":4,"column":51}},"2":{"start":{"line":5,"column":0},"end":{"line":5,"column":52}},"3":{"start":{"line":6,"column":0},"end":{"line":6,"column":64}},"4":{"start":{"line":7,"column":0},"end":{"line":7,"column":60}},"5":{"start":{"line":8,"column":0},"end":{"line":8,"column":60}},"6":{"start":{"line":9,"column":0},"end":{"line":9,"column":54}},"7":{"start":{"line":10,"column":0},"end":{"line":10,"column":61}},"8":{"start":{"line":11,"column":0},"end":{"line":11,"column":66}},"9":{"start":{"line":12,"column":0},"end":{"line":12,"column":56}},"10":{"start":{"line":13,"column":0},"end":{"line":13,"column":46}},"11":{"start":{"line":14,"column":0},"end":{"line":14,"column":57}},"12":{"start":{"line":15,"column":0},"end":{"line":15,"column":49}},"13":{"start":{"line":16,"column":0},"end":{"line":16,"column":51}},"14":{"start":{"line":17,"column":0},"end":{"line":17,"column":57}},"15":{"start":{"line":28,"column":12},"end":{"line":28,"column":43}},"16":{"start":{"line":29,"column":12},"end":{"line":29,"column":44}},"17":{"start":{"line":30,"column":12},"end":{"line":30,"column":46}},"18":{"start":{"line":33,"column":8},"end":{"line":33,"column":44}},"19":{"start":{"line":35,"column":8},"end":{"line":35,"column":59}},"20":{"start":{"line":36,"column":8},"end":{"line":36,"column":57}},"21":{"start":{"line":37,"column":8},"end":{"line":37,"column":54}},"22":{"start":{"line":38,"column":8},"end":{"line":38,"column":60}},"23":{"start":{"line":39,"column":8},"end":{"line":39,"column":60}},"24":{"start":{"line":40,"column":8},"end":{"line":40,"column":55}},"25":{"start":{"line":41,"column":8},"end":{"line":41,"column":59}},"26":{"start":{"line":43,"column":8},"end":{"line":43,"column":57}},"27":{"start":{"line":44,"column":8},"end":{"line":44,"column":57}},"28":{"start":{"line":45,"column":8},"end":{"line":45,"column":53}},"29":{"start":{"line":46,"column":8},"end":{"line":46,"column":54}},"30":{"start":{"line":50,"column":22},"end":{"line":50,"column":42}},"31":{"start":{"line":51,"column":32},"end":{"line":51,"column":34}},"32":{"start":{"line":52,"column":8},"end":{"line":52,"column":37}},"33":{"start":{"line":53,"column":8},"end":{"line":56,"column":9}},"34":{"start":{"line":54,"column":25},"end":{"line":54,"column":56}},"35":{"start":{"line":55,"column":12},"end":{"line":55,"column":49}},"36":{"start":{"line":59,"column":8},"end":{"line":66,"column":9}},"37":{"start":{"line":60,"column":12},"end":{"line":65,"column":16}},"38":{"start":{"line":68,"column":8},"end":{"line":68,"column":22}},"39":{"start":{"line":74,"column":23},"end":{"line":74,"column":69}},"40":{"start":{"line":76,"column":8},"end":{"line":83,"column":11}},"41":{"start":{"line":77,"column":12},"end":{"line":82,"column":13}},"42":{"start":{"line":79,"column":16},"end":{"line":79,"column":84}},"43":{"start":{"line":86,"column":8},"end":{"line":92,"column":9}},"44":{"start":{"line":87,"column":12},"end":{"line":91,"column":15}},"45":{"start":{"line":94,"column":8},"end":{"line":94,"column":22}},"46":{"start":{"line":98,"column":8},"end":{"line":98,"column":51}},"47":{"start":{"line":24,"column":0},"end":{"line":24,"column":13}}},"fnMap":{"0":{"name":"(anonymous_0)","decl":{"start":{"line":32,"column":4},"end":{"line":32,"column":16}},"loc":{"start":{"line":32,"column":49},"end":{"line":47,"column":5}}},"1":{"name":"(anonymous_1)","decl":{"start":{"line":49,"column":4},"end":{"line":49,"column":9}},"loc":{"start":{"line":49,"column":26},"end":{"line":69,"column":5}}},"2":{"name":"(anonymous_2)","decl":{"start":{"line":72,"column":12},"end":{"line":72,"column":21}},"loc":{"start":{"line":72,"column":34},"end":{"line":95,"column":5}}},"3":{"name":"(anonymous_3)","decl":{"start":{"line":76,"column":23},"end":{"line":76,"column":24}},"loc":{"start":{"line":76,"column":33},"end":{"line":83,"column":9}}},"4":{"name":"(anonymous_4)","decl":{"start":{"line":97,"column":11},"end":{"line":97,"column":21}},"loc":{"start":{"line":97,"column":34},"end":{"line":99,"column":5}}}},"branchMap":{"0":{"loc":{"start":{"line":32,"column":16},"end":{"line":32,"column":49}},"type":"default-arg","locations":[{"start":{"line":32,"column":47},"end":{"line":32,"column":49}}]},"1":{"loc":{"start":{"line":33,"column":21},"end":{"line":33,"column":43}},"type":"binary-expr","locations":[{"start":{"line":33,"column":21},"end":{"line":33,"column":34}},{"start":{"line":33,"column":38},"end":{"line":33,"column":43}}]},"2":{"loc":{"start":{"line":59,"column":8},"end":{"line":66,"column":9}},"type":"if","locations":[{"start":{"line":59,"column":8},"end":{"line":66,"column":9}}]},"3":{"loc":{"start":{"line":77,"column":12},"end":{"line":82,"column":13}},"type":"if","locations":[{"start":{"line":77,"column":12},"end":{"line":82,"column":13}}]},"4":{"loc":{"start":{"line":77,"column":16},"end":{"line":77,"column":80}},"type":"binary-expr","locations":[{"start":{"line":77,"column":16},"end":{"line":77,"column":45}},{"start":{"line":77,"column":49},"end":{"line":77,"column":80}}]},"5":{"loc":{"start":{"line":79,"column":63},"end":{"line":79,"column":82}},"type":"binary-expr","locations":[{"start":{"line":79,"column":63},"end":{"line":79,"column":76}},{"start":{"line":79,"column":80},"end":{"line":79,"column":82}}]},"6":{"loc":{"start":{"line":86,"column":8},"end":{"line":92,"column":9}},"type":"if","locations":[{"start":{"line":86,"column":8},"end":{"line":92,"column":9}}]}},"s":{"0":1,"1":1,"2":1,"3":1,"4":1,"5":1,"6":1,"7":1,"8":1,"9":1,"10":1,"11":1,"12":1,"13":1,"14":1,"15":1,"16":1,"17":1,"18":1,"19":1,"20":1,"21":1,"22":1,"23":1,"24":1,"25":1,"26":1,"27":1,"28":1,"29":1,"30":1,"31":1,"32":1,"33":1,"34":6,"35":6,"36":1,"37":0,"38":1,"39":6,"40":6,"41":9,"42":3,"43":6,"44":0,"45":6,"46":0,"47":1},"f":{"0":1,"1":1,"2":6,"3":9,"4":0},"b":{"0":[1],"1":[1,1],"2":[0],"3":[3],"4":[9,6],"5":[3,0],"6":[0]}}
,"/Users/weixiaoxin/Desktop/AboutMe/MiniMarkDownEditor-/lib/core/state.ts": {"path":"/Users/weixiaoxin/Desktop/AboutMe/MiniMarkDownEditor-/lib/core/state.ts","statementMap":{"0":{"start":{"line":6,"column":9},"end":{"line":6,"column":25}},"1":{"start":{"line":7,"column":9},"end":{"line":7,"column":25}},"2":{"start":{"line":8,"column":10},"end":{"line":35,"column":4}},"3":{"start":{"line":208,"column":10},"end":{"line":208,"column":32}},"4":{"start":{"line":39,"column":6},"end":{"line":39,"column":59}},"5":{"start":{"line":44,"column":6},"end":{"line":44,"column":42}},"6":{"start":{"line":49,"column":6},"end":{"line":49,"column":43}},"7":{"start":{"line":54,"column":6},"end":{"line":54,"column":45}},"8":{"start":{"line":59,"column":6},"end":{"line":59,"column":44}},"9":{"start":{"line":64,"column":6},"end":{"line":64,"column":39}},"10":{"start":{"line":69,"column":6},"end":{"line":69,"column":47}},"11":{"start":{"line":74,"column":6},"end":{"line":74,"column":45}},"12":{"start":{"line":79,"column":6},"end":{"line":79,"column":47}},"13":{"start":{"line":84,"column":6},"end":{"line":84,"column":48}},"14":{"start":{"line":89,"column":6},"end":{"line":89,"column":40}},"15":{"start":{"line":90,"column":6},"end":{"line":94,"column":7}},"16":{"start":{"line":91,"column":10},"end":{"line":91,"column":49}},"17":{"start":{"line":92,"column":10},"end":{"line":92,"column":46}},"18":{"start":{"line":93,"column":10},"end":{"line":93,"column":51}},"19":{"start":{"line":99,"column":6},"end":{"line":99,"column":53}},"20":{"start":{"line":104,"column":20},"end":{"line":104,"column":52}},"21":{"start":{"line":105,"column":6},"end":{"line":105,"column":60}},"22":{"start":{"line":110,"column":6},"end":{"line":112,"column":7}},"23":{"start":{"line":111,"column":10},"end":{"line":111,"column":17}},"24":{"start":{"line":113,"column":6},"end":{"line":113,"column":42}},"25":{"start":{"line":114,"column":6},"end":{"line":114,"column":52}},"26":{"start":{"line":119,"column":6},"end":{"line":122,"column":7}},"27":{"start":{"line":120,"column":10},"end":{"line":120,"column":49}},"28":{"start":{"line":121,"column":10},"end":{"line":121,"column":85}},"29":{"start":{"line":127,"column":6},"end":{"line":127,"column":54}},"30":{"start":{"line":132,"column":6},"end":{"line":144,"column":9}},"31":{"start":{"line":149,"column":6},"end":{"line":151,"column":7}},"32":{"start":{"line":150,"column":10},"end":{"line":150,"column":33}},"33":{"start":{"line":156,"column":6},"end":{"line":156,"column":43}},"34":{"start":{"line":161,"column":6},"end":{"line":161,"column":44}},"35":{"start":{"line":166,"column":6},"end":{"line":166,"column":46}},"36":{"start":{"line":171,"column":6},"end":{"line":171,"column":53}},"37":{"start":{"line":176,"column":6},"end":{"line":176,"column":40}},"38":{"start":{"line":181,"column":6},"end":{"line":181,"column":64}},"39":{"start":{"line":200,"column":6},"end":{"line":200,"column":48}},"40":{"start":{"line":204,"column":6},"end":{"line":204,"column":46}},"41":{"start":{"line":210,"column":6},"end":{"line":210,"column":26}},"42":{"start":{"line":214,"column":6},"end":{"line":214,"column":25}},"43":{"start":{"line":218,"column":6},"end":{"line":218,"column":30}},"44":{"start":{"line":223,"column":4},"end":{"line":223,"column":31}},"45":{"start":{"line":224,"column":4},"end":{"line":224,"column":30}},"46":{"start":{"line":225,"column":4},"end":{"line":225,"column":33}},"47":{"start":{"line":226,"column":4},"end":{"line":226,"column":27}},"48":{"start":{"line":229,"column":4},"end":{"line":229,"column":43}},"49":{"start":{"line":230,"column":4},"end":{"line":230,"column":43}},"50":{"start":{"line":233,"column":4},"end":{"line":233,"column":42}},"51":{"start":{"line":236,"column":4},"end":{"line":236,"column":25}},"52":{"start":{"line":237,"column":4},"end":{"line":237,"column":25}},"53":{"start":{"line":5,"column":0},"end":{"line":5,"column":13}}},"fnMap":{"0":{"name":"(anonymous_0)","decl":{"start":{"line":5,"column":0},"end":{"line":5,"column":13}},"loc":{"start":{"line":5,"column":0},"end":{"line":239,"column":1}}},"1":{"name":"(anonymous_1)","decl":{"start":{"line":38,"column":2},"end":{"line":38,"column":6}},"loc":{"start":{"line":38,"column":18},"end":{"line":40,"column":3}}},"2":{"name":"(anonymous_2)","decl":{"start":{"line":43,"column":2},"end":{"line":43,"column":6}},"loc":{"start":{"line":43,"column":18},"end":{"line":45,"column":3}}},"3":{"name":"(anonymous_3)","decl":{"start":{"line":48,"column":2},"end":{"line":48,"column":6}},"loc":{"start":{"line":48,"column":19},"end":{"line":50,"column":3}}},"4":{"name":"(anonymous_4)","decl":{"start":{"line":53,"column":2},"end":{"line":53,"column":6}},"loc":{"start":{"line":53,"column":21},"end":{"line":55,"column":3}}},"5":{"name":"(anonymous_5)","decl":{"start":{"line":58,"column":2},"end":{"line":58,"column":6}},"loc":{"start":{"line":58,"column":20},"end":{"line":60,"column":3}}},"6":{"name":"(anonymous_6)","decl":{"start":{"line":63,"column":2},"end":{"line":63,"column":6}},"loc":{"start":{"line":63,"column":15},"end":{"line":65,"column":3}}},"7":{"name":"(anonymous_7)","decl":{"start":{"line":68,"column":2},"end":{"line":68,"column":6}},"loc":{"start":{"line":68,"column":21},"end":{"line":70,"column":3}}},"8":{"name":"(anonymous_8)","decl":{"start":{"line":73,"column":2},"end":{"line":73,"column":6}},"loc":{"start":{"line":73,"column":19},"end":{"line":75,"column":3}}},"9":{"name":"(anonymous_9)","decl":{"start":{"line":78,"column":2},"end":{"line":78,"column":6}},"loc":{"start":{"line":78,"column":21},"end":{"line":80,"column":3}}},"10":{"name":"(anonymous_10)","decl":{"start":{"line":83,"column":2},"end":{"line":83,"column":20}},"loc":{"start":{"line":83,"column":41},"end":{"line":85,"column":3}}},"11":{"name":"(anonymous_11)","decl":{"start":{"line":88,"column":2},"end":{"line":88,"column":12}},"loc":{"start":{"line":88,"column":27},"end":{"line":95,"column":3}}},"12":{"name":"(anonymous_12)","decl":{"start":{"line":98,"column":2},"end":{"line":98,"column":6}},"loc":{"start":{"line":98,"column":22},"end":{"line":100,"column":3}}},"13":{"name":"(anonymous_13)","decl":{"start":{"line":103,"column":2},"end":{"line":103,"column":22}},"loc":{"start":{"line":103,"column":22},"end":{"line":106,"column":3}}},"14":{"name":"(anonymous_14)","decl":{"start":{"line":109,"column":2},"end":{"line":109,"column":16}},"loc":{"start":{"line":109,"column":31},"end":{"line":115,"column":3}}},"15":{"name":"(anonymous_15)","decl":{"start":{"line":118,"column":2},"end":{"line":118,"column":16}},"loc":{"start":{"line":118,"column":16},"end":{"line":123,"column":3}}},"16":{"name":"(anonymous_16)","decl":{"start":{"line":126,"column":2},"end":{"line":126,"column":6}},"loc":{"start":{"line":126,"column":23},"end":{"line":128,"column":3}}},"17":{"name":"(anonymous_17)","decl":{"start":{"line":131,"column":2},"end":{"line":131,"column":11}},"loc":{"start":{"line":131,"column":25},"end":{"line":145,"column":3}}},"18":{"name":"(anonymous_18)","decl":{"start":{"line":148,"column":2},"end":{"line":148,"column":10}},"loc":{"start":{"line":148,"column":10},"end":{"line":152,"column":3}}},"19":{"name":"(anonymous_19)","decl":{"start":{"line":155,"column":2},"end":{"line":155,"column":15}},"loc":{"start":{"line":155,"column":30},"end":{"line":157,"column":3}}},"20":{"name":"(anonymous_20)","decl":{"start":{"line":160,"column":2},"end":{"line":160,"column":16}},"loc":{"start":{"line":160,"column":31},"end":{"line":162,"column":3}}},"21":{"name":"(anonymous_21)","decl":{"start":{"line":165,"column":2},"end":{"line":165,"column":18}},"loc":{"start":{"line":165,"column":33},"end":{"line":167,"column":3}}},"22":{"name":"(anonymous_22)","decl":{"start":{"line":170,"column":2},"end":{"line":170,"column":20}},"loc":{"start":{"line":170,"column":41},"end":{"line":172,"column":3}}},"23":{"name":"(anonymous_23)","decl":{"start":{"line":175,"column":2},"end":{"line":175,"column":24}},"loc":{"start":{"line":175,"column":24},"end":{"line":177,"column":3}}},"24":{"name":"(anonymous_24)","decl":{"start":{"line":180,"column":2},"end":{"line":180,"column":20}},"loc":{"start":{"line":180,"column":34},"end":{"line":182,"column":3}}},"25":{"name":"(anonymous_25)","decl":{"start":{"line":199,"column":2},"end":{"line":199,"column":17}},"loc":{"start":{"line":199,"column":17},"end":{"line":201,"column":3}}},"26":{"name":"(anonymous_26)","decl":{"start":{"line":203,"column":2},"end":{"line":203,"column":17}},"loc":{"start":{"line":203,"column":17},"end":{"line":205,"column":3}}},"27":{"name":"(anonymous_27)","decl":{"start":{"line":209,"column":2},"end":{"line":209,"column":10}},"loc":{"start":{"line":209,"column":26},"end":{"line":211,"column":3}}},"28":{"name":"(anonymous_28)","decl":{"start":{"line":213,"column":2},"end":{"line":213,"column":10}},"loc":{"start":{"line":213,"column":10},"end":{"line":215,"column":3}}},"29":{"name":"(anonymous_29)","decl":{"start":{"line":217,"column":2},"end":{"line":217,"column":21}},"loc":{"start":{"line":217,"column":21},"end":{"line":219,"column":3}}},"30":{"name":"(anonymous_30)","decl":{"start":{"line":222,"column":2},"end":{"line":222,"column":7}},"loc":{"start":{"line":222,"column":7},"end":{"line":238,"column":3}}}},"branchMap":{"0":{"loc":{"start":{"line":90,"column":6},"end":{"line":94,"column":7}},"type":"if","locations":[{"start":{"line":90,"column":6},"end":{"line":94,"column":7}}]},"1":{"loc":{"start":{"line":105,"column":13},"end":{"line":105,"column":59}},"type":"cond-expr","locations":[{"start":{"line":105,"column":32},"end":{"line":105,"column":55}},{"start":{"line":105,"column":58},"end":{"line":105,"column":59}}]},"2":{"loc":{"start":{"line":110,"column":6},"end":{"line":112,"column":7}},"type":"if","locations":[{"start":{"line":110,"column":6},"end":{"line":112,"column":7}}]},"3":{"loc":{"start":{"line":119,"column":6},"end":{"line":122,"column":7}},"type":"if","locations":[{"start":{"line":119,"column":6},"end":{"line":122,"column":7}}]},"4":{"loc":{"start":{"line":149,"column":6},"end":{"line":151,"column":7}},"type":"if","locations":[{"start":{"line":149,"column":6},"end":{"line":151,"column":7}}]},"5":{"loc":{"start":{"line":181,"column":13},"end":{"line":181,"column":63}},"type":"binary-expr","locations":[{"start":{"line":181,"column":13},"end":{"line":181,"column":53}},{"start":{"line":181,"column":57},"end":{"line":181,"column":63}}]}},"s":{"0":2,"1":2,"2":2,"3":2,"4":31,"5":3,"6":10,"7":3,"8":3,"9":3,"10":0,"11":0,"12":0,"13":0,"14":0,"15":0,"16":0,"17":0,"18":0,"19":3,"20":0,"21":0,"22":0,"23":0,"24":0,"25":0,"26":0,"27":0,"28":0,"29":0,"30":0,"31":0,"32":0,"33":0,"34":6,"35":0,"36":0,"37":0,"38":0,"39":0,"40":0,"41":1,"42":3,"43":3,"44":0,"45":0,"46":0,"47":0,"48":0,"49":0,"50":0,"51":0,"52":0,"53":1},"f":{"0":2,"1":31,"2":3,"3":10,"4":3,"5":3,"6":3,"7":0,"8":0,"9":0,"10":0,"11":0,"12":3,"13":0,"14":0,"15":0,"16":0,"17":0,"18":0,"19":0,"20":6,"21":0,"22":0,"23":0,"24":0,"25":0,"26":0,"27":1,"28":3,"29":3,"30":0},"b":{"0":[0],"1":[0,0],"2":[0],"3":[0],"4":[0],"5":[0,0]}}
,"/Users/weixiaoxin/Desktop/AboutMe/MiniMarkDownEditor-/lib/core/fsm/fsm-manager.ts": {"path":"/Users/weixiaoxin/Desktop/AboutMe/MiniMarkDownEditor-/lib/core/fsm/fsm-manager.ts","statementMap":{"0":{"start":{"line":15,"column":6},"end":{"line":15,"column":39}},"1":{"start":{"line":19,"column":6},"end":{"line":21,"column":7}},"2":{"start":{"line":20,"column":8},"end":{"line":20,"column":82}},"3":{"start":{"line":22,"column":6},"end":{"line":22,"column":33}},"4":{"start":{"line":26,"column":6},"end":{"line":26,"column":22}},"5":{"start":{"line":31,"column":6},"end":{"line":31,"column":53}},"6":{"start":{"line":32,"column":6},"end":{"line":32,"column":23}},"7":{"start":{"line":37,"column":6},"end":{"line":44,"column":8}}},"fnMap":{"0":{"name":"(anonymous_0)","decl":{"start":{"line":14,"column":4},"end":{"line":14,"column":24}},"loc":{"start":{"line":14,"column":71},"end":{"line":16,"column":5}}},"1":{"name":"(anonymous_1)","decl":{"start":{"line":18,"column":11},"end":{"line":18,"column":17}},"loc":{"start":{"line":18,"column":56},"end":{"line":23,"column":5}}},"2":{"name":"(anonymous_2)","decl":{"start":{"line":25,"column":11},"end":{"line":25,"column":17}},"loc":{"start":{"line":25,"column":17},"end":{"line":27,"column":5}}},"3":{"name":"(anonymous_3)","decl":{"start":{"line":29,"column":11},"end":{"line":29,"column":28}},"loc":{"start":{"line":29,"column":28},"end":{"line":33,"column":5}}},"4":{"name":"(anonymous_4)","decl":{"start":{"line":35,"column":12},"end":{"line":35,"column":28}},"loc":{"start":{"line":35,"column":28},"end":{"line":45,"column":5}}}},"branchMap":{"0":{"loc":{"start":{"line":14,"column":24},"end":{"line":14,"column":71}},"type":"default-arg","locations":[{"start":{"line":14,"column":52},"end":{"line":14,"column":71}}]},"1":{"loc":{"start":{"line":19,"column":6},"end":{"line":21,"column":7}},"type":"if","locations":[{"start":{"line":19,"column":6},"end":{"line":21,"column":7}}]},"2":{"loc":{"start":{"line":20,"column":45},"end":{"line":20,"column":80}},"type":"binary-expr","locations":[{"start":{"line":20,"column":45},"end":{"line":20,"column":57}},{"start":{"line":20,"column":61},"end":{"line":20,"column":80}}]}},"s":{"0":0,"1":0,"2":0,"3":0,"4":0,"5":0,"6":0,"7":0},"f":{"0":0,"1":0,"2":0,"3":0,"4":0},"b":{"0":[0],"1":[0],"2":[0,0]}}
,"/Users/weixiaoxin/Desktop/AboutMe/MiniMarkDownEditor-/lib/core/fsm/fsm.ts": {"path":"/Users/weixiaoxin/Desktop/AboutMe/MiniMarkDownEditor-/lib/core/fsm/fsm.ts","statementMap":{"0":{"start":{"line":2,"column":0},"end":{"line":2,"column":51}},"1":{"start":{"line":6,"column":4},"end":{"line":6,"column":71}},"2":{"start":{"line":11,"column":8},"end":{"line":11,"column":41}},"3":{"start":{"line":12,"column":8},"end":{"line":12,"column":37}},"4":{"start":{"line":18,"column":8},"end":{"line":24,"column":10}},"5":{"start":{"line":27,"column":8},"end":{"line":35,"column":10}},"6":{"start":{"line":38,"column":8},"end":{"line":47,"column":null}},"7":{"start":{"line":50,"column":8},"end":{"line":60,"column":10}},"8":{"start":{"line":63,"column":8},"end":{"line":67,"column":10}},"9":{"start":{"line":70,"column":8},"end":{"line":74,"column":10}},"10":{"start":{"line":76,"column":8},"end":{"line":80,"column":10}},"11":{"start":{"line":83,"column":8},"end":{"line":87,"column":10}},"12":{"start":{"line":92,"column":23},"end":{"line":92,"column":67}},"13":{"start":{"line":94,"column":4},"end":{"line":97,"column":7}},"14":{"start":{"line":95,"column":8},"end":{"line":95,"column":96}},"15":{"start":{"line":96,"column":8},"end":{"line":96,"column":21}},"16":{"start":{"line":100,"column":6},"end":{"line":102,"column":7}},"17":{"start":{"line":101,"column":8},"end":{"line":101,"column":21}},"18":{"start":{"line":104,"column":6},"end":{"line":104,"column":103}},"19":{"start":{"line":105,"column":6},"end":{"line":105,"column":37}},"20":{"start":{"line":106,"column":6},"end":{"line":106,"column":18}},"21":{"start":{"line":114,"column":4},"end":{"line":118,"column":5}},"22":{"start":{"line":117,"column":6},"end":{"line":117,"column":19}},"23":{"start":{"line":119,"column":4},"end":{"line":119,"column":16}},"24":{"start":{"line":124,"column":4},"end":{"line":124,"column":29}},"25":{"start":{"line":129,"column":4},"end":{"line":129,"column":44}},"26":{"start":{"line":5,"column":0},"end":{"line":5,"column":13}}},"fnMap":{"0":{"name":"(anonymous_0)","decl":{"start":{"line":10,"column":4},"end":{"line":10,"column":16}},"loc":{"start":{"line":10,"column":36},"end":{"line":13,"column":5}}},"1":{"name":"(anonymous_1)","decl":{"start":{"line":16,"column":12},"end":{"line":16,"column":33}},"loc":{"start":{"line":16,"column":33},"end":{"line":88,"column":5}}},"2":{"name":"(anonymous_2)","decl":{"start":{"line":91,"column":9},"end":{"line":91,"column":16}},"loc":{"start":{"line":91,"column":61},"end":{"line":107,"column":3}}},"3":{"name":"(anonymous_3)","decl":{"start":{"line":109,"column":10},"end":{"line":109,"column":38}},"loc":{"start":{"line":111,"column":27},"end":{"line":120,"column":3}}},"4":{"name":"(anonymous_4)","decl":{"start":{"line":123,"column":10},"end":{"line":123,"column":18}},"loc":{"start":{"line":123,"column":18},"end":{"line":125,"column":3}}},"5":{"name":"(anonymous_5)","decl":{"start":{"line":128,"column":9},"end":{"line":128,"column":14}},"loc":{"start":{"line":128,"column":14},"end":{"line":130,"column":3}}}},"branchMap":{"0":{"loc":{"start":{"line":94,"column":4},"end":{"line":97,"column":7}},"type":"if","locations":[{"start":{"line":94,"column":4},"end":{"line":97,"column":7}}]},"1":{"loc":{"start":{"line":100,"column":6},"end":{"line":102,"column":7}},"type":"if","locations":[{"start":{"line":100,"column":6},"end":{"line":102,"column":7}}]},"2":{"loc":{"start":{"line":100,"column":10},"end":{"line":100,"column":76}},"type":"binary-expr","locations":[{"start":{"line":100,"column":10},"end":{"line":100,"column":17}},{"start":{"line":100,"column":21},"end":{"line":100,"column":76}}]},"3":{"loc":{"start":{"line":114,"column":4},"end":{"line":118,"column":5}},"type":"if","locations":[{"start":{"line":114,"column":4},"end":{"line":118,"column":5}}]},"4":{"loc":{"start":{"line":114,"column":8},"end":{"line":116,"column":45}},"type":"binary-expr","locations":[{"start":{"line":114,"column":8},"end":{"line":114,"column":52}},{"start":{"line":115,"column":8},"end":{"line":115,"column":45}},{"start":{"line":116,"column":8},"end":{"line":116,"column":45}}]}},"s":{"0":1,"1":2,"2":2,"3":2,"4":2,"5":2,"6":2,"7":2,"8":2,"9":2,"10":2,"11":2,"12":2,"13":2,"14":0,"15":0,"16":2,"17":0,"18":2,"19":2,"20":2,"21":0,"22":0,"23":0,"24":3,"25":0,"26":1},"f":{"0":2,"1":2,"2":2,"3":0,"4":3,"5":0},"b":{"0":[0],"1":[0],"2":[2,0],"3":[0],"4":[0,0,0]}}
,"/Users/weixiaoxin/Desktop/AboutMe/MiniMarkDownEditor-/lib/core/fsm/manager.ts": {"path":"/Users/weixiaoxin/Desktop/AboutMe/MiniMarkDownEditor-/lib/core/fsm/manager.ts","statementMap":{"0":{"start":{"line":27,"column":8},"end":{"line":27,"column":48}},"1":{"start":{"line":28,"column":8},"end":{"line":28,"column":48}},"2":{"start":{"line":29,"column":8},"end":{"line":29,"column":46}},"3":{"start":{"line":30,"column":8},"end":{"line":30,"column":35}},"4":{"start":{"line":35,"column":8},"end":{"line":35,"column":33}},"5":{"start":{"line":40,"column":8},"end":{"line":40,"column":46}},"6":{"start":{"line":45,"column":27},"end":{"line":46,"column":null}},"7":{"start":{"line":46,"column":12},"end":{"line":46,"column":61}},"8":{"start":{"line":49,"column":8},"end":{"line":53,"column":9}},"9":{"start":{"line":50,"column":12},"end":{"line":50,"column":46}},"10":{"start":{"line":51,"column":12},"end":{"line":51,"column":34}},"11":{"start":{"line":52,"column":12},"end":{"line":52,"column":24}},"12":{"start":{"line":55,"column":8},"end":{"line":55,"column":21}},"13":{"start":{"line":60,"column":23},"end":{"line":60,"column":35}},"14":{"start":{"line":61,"column":8},"end":{"line":61,"column":38}},"15":{"start":{"line":63,"column":8},"end":{"line":66,"column":11}},"16":{"start":{"line":64,"column":12},"end":{"line":64,"column":31}},"17":{"start":{"line":65,"column":12},"end":{"line":65,"column":29}},"18":{"start":{"line":69,"column":8},"end":{"line":73,"column":11}},"19":{"start":{"line":70,"column":12},"end":{"line":72,"column":13}},"20":{"start":{"line":71,"column":16},"end":{"line":71,"column":68}},"21":{"start":{"line":78,"column":24},"end":{"line":78,"column":36}},"22":{"start":{"line":79,"column":27},"end":{"line":79,"column":46}},"23":{"start":{"line":81,"column":8},"end":{"line":90,"column":9}},"24":{"start":{"line":82,"column":28},"end":{"line":82,"column":42}},"25":{"start":{"line":83,"column":12},"end":{"line":83,"column":53}},"26":{"start":{"line":83,"column":41},"end":{"line":83,"column":53}},"27":{"start":{"line":84,"column":12},"end":{"line":84,"column":47}},"28":{"start":{"line":84,"column":38},"end":{"line":84,"column":47}},"29":{"start":{"line":86,"column":12},"end":{"line":86,"column":33}},"30":{"start":{"line":87,"column":12},"end":{"line":89,"column":48}},"31":{"start":{"line":88,"column":29},"end":{"line":88,"column":47}},"32":{"start":{"line":89,"column":30},"end":{"line":89,"column":46}},"33":{"start":{"line":92,"column":8},"end":{"line":92,"column":21}},"34":{"start":{"line":98,"column":12},"end":{"line":98,"column":70}},"35":{"start":{"line":102,"column":8},"end":{"line":104,"column":9}},"36":{"start":{"line":103,"column":12},"end":{"line":103,"column":48}},"37":{"start":{"line":105,"column":8},"end":{"line":105,"column":41}},"38":{"start":{"line":110,"column":8},"end":{"line":110,"column":47}},"39":{"start":{"line":115,"column":24},"end":{"line":115,"column":47}},"40":{"start":{"line":116,"column":8},"end":{"line":118,"column":9}},"41":{"start":{"line":117,"column":12},"end":{"line":117,"column":28}},"42":{"start":{"line":123,"column":8},"end":{"line":123,"column":58}},"43":{"start":{"line":123,"column":41},"end":{"line":123,"column":56}}},"fnMap":{"0":{"name":"(anonymous_0)","decl":{"start":{"line":26,"column":4},"end":{"line":26,"column":16}},"loc":{"start":{"line":26,"column":48},"end":{"line":31,"column":5}}},"1":{"name":"(anonymous_1)","decl":{"start":{"line":34,"column":4},"end":{"line":34,"column":19}},"loc":{"start":{"line":34,"column":19},"end":{"line":36,"column":5}}},"2":{"name":"(anonymous_2)","decl":{"start":{"line":39,"column":4},"end":{"line":39,"column":9}},"loc":{"start":{"line":39,"column":9},"end":{"line":41,"column":5}}},"3":{"name":"(anonymous_3)","decl":{"start":{"line":44,"column":4},"end":{"line":44,"column":11}},"loc":{"start":{"line":44,"column":20},"end":{"line":56,"column":5}}},"4":{"name":"(anonymous_4)","decl":{"start":{"line":45,"column":49},"end":{"line":45,"column":50}},"loc":{"start":{"line":46,"column":12},"end":{"line":46,"column":61}}},"5":{"name":"(anonymous_5)","decl":{"start":{"line":59,"column":12},"end":{"line":59,"column":31}},"loc":{"start":{"line":59,"column":31},"end":{"line":74,"column":5}}},"6":{"name":"(anonymous_6)","decl":{"start":{"line":63,"column":33},"end":{"line":63,"column":34}},"loc":{"start":{"line":63,"column":37},"end":{"line":66,"column":9}}},"7":{"name":"(anonymous_7)","decl":{"start":{"line":69,"column":23},"end":{"line":69,"column":28}},"loc":{"start":{"line":69,"column":31},"end":{"line":73,"column":9}}},"8":{"name":"(anonymous_8)","decl":{"start":{"line":77,"column":12},"end":{"line":77,"column":26}},"loc":{"start":{"line":77,"column":41},"end":{"line":93,"column":5}}},"9":{"name":"(anonymous_9)","decl":{"start":{"line":88,"column":24},"end":{"line":88,"column":25}},"loc":{"start":{"line":88,"column":29},"end":{"line":88,"column":47}}},"10":{"name":"(anonymous_10)","decl":{"start":{"line":89,"column":25},"end":{"line":89,"column":26}},"loc":{"start":{"line":89,"column":30},"end":{"line":89,"column":46}}},"11":{"name":"(anonymous_11)","decl":{"start":{"line":97,"column":0},"end":{"line":97,"column":6}},"loc":{"start":{"line":97,"column":0},"end":{"line":125,"column":1}}},"12":{"name":"(anonymous_12)","decl":{"start":{"line":101,"column":4},"end":{"line":101,"column":12}},"loc":{"start":{"line":101,"column":60},"end":{"line":106,"column":5}}},"13":{"name":"(anonymous_13)","decl":{"start":{"line":109,"column":4},"end":{"line":109,"column":14}},"loc":{"start":{"line":109,"column":33},"end":{"line":111,"column":5}}},"14":{"name":"(anonymous_14)","decl":{"start":{"line":114,"column":4},"end":{"line":114,"column":16}},"loc":{"start":{"line":114,"column":29},"end":{"line":119,"column":5}}},"15":{"name":"(anonymous_15)","decl":{"start":{"line":122,"column":4},"end":{"line":122,"column":12}},"loc":{"start":{"line":122,"column":12},"end":{"line":124,"column":5}}},"16":{"name":"(anonymous_16)","decl":{"start":{"line":123,"column":30},"end":{"line":123,"column":37}},"loc":{"start":{"line":123,"column":41},"end":{"line":123,"column":56}}}},"branchMap":{"0":{"loc":{"start":{"line":46,"column":12},"end":{"line":46,"column":61}},"type":"binary-expr","locations":[{"start":{"line":46,"column":12},"end":{"line":46,"column":40}},{"start":{"line":46,"column":44},"end":{"line":46,"column":61}}]},"1":{"loc":{"start":{"line":49,"column":8},"end":{"line":53,"column":9}},"type":"if","locations":[{"start":{"line":49,"column":8},"end":{"line":53,"column":9}}]},"2":{"loc":{"start":{"line":70,"column":12},"end":{"line":72,"column":13}},"type":"if","locations":[{"start":{"line":70,"column":12},"end":{"line":72,"column":13}}]},"3":{"loc":{"start":{"line":70,"column":16},"end":{"line":70,"column":74}},"type":"binary-expr","locations":[{"start":{"line":70,"column":16},"end":{"line":70,"column":43}},{"start":{"line":70,"column":47},"end":{"line":70,"column":74}}]},"4":{"loc":{"start":{"line":83,"column":12},"end":{"line":83,"column":53}},"type":"if","locations":[{"start":{"line":83,"column":12},"end":{"line":83,"column":53}}]},"5":{"loc":{"start":{"line":84,"column":12},"end":{"line":84,"column":47}},"type":"if","locations":[{"start":{"line":84,"column":12},"end":{"line":84,"column":47}}]},"6":{"loc":{"start":{"line":102,"column":8},"end":{"line":104,"column":9}},"type":"if","locations":[{"start":{"line":102,"column":8},"end":{"line":104,"column":9}}]},"7":{"loc":{"start":{"line":110,"column":15},"end":{"line":110,"column":46}},"type":"binary-expr","locations":[{"start":{"line":110,"column":15},"end":{"line":110,"column":38}},{"start":{"line":110,"column":42},"end":{"line":110,"column":46}}]},"8":{"loc":{"start":{"line":116,"column":8},"end":{"line":118,"column":9}},"type":"if","locations":[{"start":{"line":116,"column":8},"end":{"line":118,"column":9}}]}},"s":{"0":0,"1":0,"2":0,"3":0,"4":0,"5":0,"6":0,"7":0,"8":0,"9":0,"10":0,"11":0,"12":0,"13":0,"14":0,"15":0,"16":0,"17":0,"18":0,"19":0,"20":0,"21":0,"22":0,"23":0,"24":0,"25":0,"26":0,"27":0,"28":0,"29":0,"30":0,"31":0,"32":0,"33":0,"34":0,"35":0,"36":0,"37":0,"38":0,"39":0,"40":0,"41":0,"42":0,"43":0},"f":{"0":0,"1":0,"2":0,"3":0,"4":0,"5":0,"6":0,"7":0,"8":0,"9":0,"10":0,"11":0,"12":0,"13":0,"14":0,"15":0,"16":0},"b":{"0":[0,0],"1":[0],"2":[0],"3":[0,0],"4":[0],"5":[0],"6":[0],"7":[0,0],"8":[0]}}
,"/Users/weixiaoxin/Desktop/AboutMe/MiniMarkDownEditor-/lib/core/fsm/state.ts": {"path":"/Users/weixiaoxin/Desktop/AboutMe/MiniMarkDownEditor-/lib/core/fsm/state.ts","statementMap":{"0":{"start":{"line":8,"column":0},"end":{"line":8,"column":null}},"1":{"start":{"line":10,"column":2},"end":{"line":10,"column":null}},"2":{"start":{"line":13,"column":2},"end":{"line":13,"column":null}},"3":{"start":{"line":14,"column":2},"end":{"line":14,"column":null}},"4":{"start":{"line":15,"column":2},"end":{"line":15,"column":null}},"5":{"start":{"line":16,"column":2},"end":{"line":16,"column":null}},"6":{"start":{"line":17,"column":2},"end":{"line":17,"column":null}},"7":{"start":{"line":18,"column":2},"end":{"line":18,"column":null}},"8":{"start":{"line":19,"column":2},"end":{"line":19,"column":null}},"9":{"start":{"line":20,"column":2},"end":{"line":20,"column":null}},"10":{"start":{"line":21,"column":2},"end":{"line":21,"column":null}},"11":{"start":{"line":22,"column":2},"end":{"line":22,"column":null}},"12":{"start":{"line":23,"column":2},"end":{"line":23,"column":null}},"13":{"start":{"line":25,"column":2},"end":{"line":25,"column":null}},"14":{"start":{"line":28,"column":2},"end":{"line":28,"column":null}},"15":{"start":{"line":29,"column":2},"end":{"line":29,"column":null}},"16":{"start":{"line":30,"column":2},"end":{"line":30,"column":null}},"17":{"start":{"line":33,"column":2},"end":{"line":33,"column":null}},"18":{"start":{"line":36,"column":4},"end":{"line":36,"column":null}},"19":{"start":{"line":37,"column":4},"end":{"line":37,"column":null}},"20":{"start":{"line":38,"column":4},"end":{"line":38,"column":null}},"21":{"start":{"line":39,"column":4},"end":{"line":39,"column":null}},"22":{"start":{"line":40,"column":4},"end":{"line":40,"column":null}},"23":{"start":{"line":45,"column":0},"end":{"line":45,"column":null}},"24":{"start":{"line":47,"column":2},"end":{"line":47,"column":null}},"25":{"start":{"line":48,"column":2},"end":{"line":48,"column":null}},"26":{"start":{"line":49,"column":2},"end":{"line":49,"column":null}},"27":{"start":{"line":50,"column":2},"end":{"line":50,"column":null}},"28":{"start":{"line":51,"column":2},"end":{"line":51,"column":null}},"29":{"start":{"line":52,"column":2},"end":{"line":52,"column":null}},"30":{"start":{"line":53,"column":2},"end":{"line":53,"column":null}},"31":{"start":{"line":54,"column":2},"end":{"line":54,"column":null}},"32":{"start":{"line":55,"column":2},"end":{"line":55,"column":null}},"33":{"start":{"line":58,"column":2},"end":{"line":58,"column":null}},"34":{"start":{"line":59,"column":2},"end":{"line":59,"column":null}},"35":{"start":{"line":60,"column":2},"end":{"line":60,"column":null}},"36":{"start":{"line":61,"column":2},"end":{"line":61,"column":null}},"37":{"start":{"line":62,"column":2},"end":{"line":62,"column":null}},"38":{"start":{"line":63,"column":2},"end":{"line":63,"column":null}},"39":{"start":{"line":64,"column":2},"end":{"line":64,"column":null}},"40":{"start":{"line":65,"column":2},"end":{"line":65,"column":null}},"41":{"start":{"line":66,"column":2},"end":{"line":66,"column":null}},"42":{"start":{"line":67,"column":2},"end":{"line":67,"column":null}},"43":{"start":{"line":68,"column":2},"end":{"line":68,"column":null}},"44":{"start":{"line":69,"column":2},"end":{"line":69,"column":null}},"45":{"start":{"line":70,"column":2},"end":{"line":70,"column":null}},"46":{"start":{"line":73,"column":2},"end":{"line":73,"column":null}},"47":{"start":{"line":74,"column":2},"end":{"line":74,"column":44}}},"fnMap":{"0":{"name":"(anonymous_0)","decl":{"start":{"line":8,"column":0},"end":{"line":8,"column":12}},"loc":{"start":{"line":8,"column":23},"end":{"line":41,"column":1}}},"1":{"name":"(anonymous_1)","decl":{"start":{"line":45,"column":0},"end":{"line":45,"column":12}},"loc":{"start":{"line":45,"column":23},"end":{"line":75,"column":1}}}},"branchMap":{"0":{"loc":{"start":{"line":8,"column":12},"end":{"line":8,"column":null}},"type":"binary-expr","locations":[{"start":{"line":8,"column":12},"end":{"line":8,"column":23}},{"start":{"line":8,"column":23},"end":{"line":8,"column":null}}]},"1":{"loc":{"start":{"line":45,"column":12},"end":{"line":45,"column":null}},"type":"binary-expr","locations":[{"start":{"line":45,"column":12},"end":{"line":45,"column":23}},{"start":{"line":45,"column":23},"end":{"line":45,"column":null}}]}},"s":{"0":1,"1":1,"2":1,"3":1,"4":1,"5":1,"6":1,"7":1,"8":1,"9":1,"10":1,"11":1,"12":1,"13":1,"14":1,"15":1,"16":1,"17":1,"18":1,"19":1,"20":1,"21":1,"22":1,"23":1,"24":1,"25":1,"26":1,"27":1,"28":1,"29":1,"30":1,"31":1,"32":1,"33":1,"34":1,"35":1,"36":1,"37":1,"38":1,"39":1,"40":1,"41":1,"42":1,"43":1,"44":1,"45":1,"46":1,"47":1},"f":{"0":1,"1":1},"b":{"0":[1,1],"1":[1,1]}}
,"/Users/weixiaoxin/Desktop/AboutMe/MiniMarkDownEditor-/lib/core/renderer/baseRenderer.ts": {"path":"/Users/weixiaoxin/Desktop/AboutMe/MiniMarkDownEditor-/lib/core/renderer/baseRenderer.ts","statementMap":{"0":{"start":{"line":38,"column":12},"end":{"line":38,"column":97}},"1":{"start":{"line":46,"column":17},"end":{"line":46,"column":19}},"2":{"start":{"line":47,"column":4},"end":{"line":49,"column":5}},"3":{"start":{"line":47,"column":17},"end":{"line":47,"column":18}},"4":{"start":{"line":48,"column":6},"end":{"line":48,"column":55}},"5":{"start":{"line":50,"column":4},"end":{"line":50,"column":18}},"6":{"start":{"line":62,"column":4},"end":{"line":64,"column":5}},"7":{"start":{"line":63,"column":6},"end":{"line":63,"column":16}},"8":{"start":{"line":67,"column":17},"end":{"line":67,"column":39}},"9":{"start":{"line":68,"column":4},"end":{"line":70,"column":5}},"10":{"start":{"line":69,"column":6},"end":{"line":69,"column":40}},"11":{"start":{"line":73,"column":4},"end":{"line":79,"column":5}},"12":{"start":{"line":74,"column":19},"end":{"line":74,"column":21}},"13":{"start":{"line":75,"column":6},"end":{"line":77,"column":7}},"14":{"start":{"line":75,"column":19},"end":{"line":75,"column":20}},"15":{"start":{"line":76,"column":8},"end":{"line":76,"column":73}},"16":{"start":{"line":78,"column":6},"end":{"line":78,"column":20}},"17":{"start":{"line":82,"column":4},"end":{"line":82,"column":31}},"18":{"start":{"line":91,"column":4},"end":{"line":91,"column":28}},"19":{"start":{"line":33,"column":0},"end":{"line":33,"column":22}}},"fnMap":{"0":{"name":"(anonymous_0)","decl":{"start":{"line":33,"column":0},"end":{"line":33,"column":22}},"loc":{"start":{"line":33,"column":0},"end":{"line":93,"column":1}}},"1":{"name":"(anonymous_1)","decl":{"start":{"line":45,"column":2},"end":{"line":45,"column":8}},"loc":{"start":{"line":45,"column":24},"end":{"line":51,"column":3}}},"2":{"name":"(anonymous_2)","decl":{"start":{"line":60,"column":2},"end":{"line":60,"column":13}},"loc":{"start":{"line":60,"column":58},"end":{"line":83,"column":3}}},"3":{"name":"(anonymous_3)","decl":{"start":{"line":90,"column":12},"end":{"line":90,"column":24}},"loc":{"start":{"line":90,"column":101},"end":{"line":92,"column":3}}}},"branchMap":{"0":{"loc":{"start":{"line":62,"column":4},"end":{"line":64,"column":5}},"type":"if","locations":[{"start":{"line":62,"column":4},"end":{"line":64,"column":5}}]},"1":{"loc":{"start":{"line":68,"column":4},"end":{"line":70,"column":5}},"type":"if","locations":[{"start":{"line":68,"column":4},"end":{"line":70,"column":5}}]},"2":{"loc":{"start":{"line":73,"column":4},"end":{"line":79,"column":5}},"type":"if","locations":[{"start":{"line":73,"column":4},"end":{"line":79,"column":5}}]},"3":{"loc":{"start":{"line":73,"column":8},"end":{"line":73,"column":51}},"type":"binary-expr","locations":[{"start":{"line":73,"column":8},"end":{"line":73,"column":22}},{"start":{"line":73,"column":26},"end":{"line":73,"column":51}}]},"4":{"loc":{"start":{"line":82,"column":11},"end":{"line":82,"column":30}},"type":"binary-expr","locations":[{"start":{"line":82,"column":11},"end":{"line":82,"column":24}},{"start":{"line":82,"column":28},"end":{"line":82,"column":30}}]}},"s":{"0":2,"1":1,"2":1,"3":1,"4":9,"5":1,"6":9,"7":0,"8":9,"9":9,"10":9,"11":0,"12":0,"13":0,"14":0,"15":0,"16":0,"17":0,"18":36,"19":1},"f":{"0":2,"1":1,"2":9,"3":36},"b":{"0":[0],"1":[9],"2":[0],"3":[0,0],"4":[0,0]}}
,"/Users/weixiaoxin/Desktop/AboutMe/MiniMarkDownEditor-/lib/core/renderer/codeRenderer.ts": {"path":"/Users/weixiaoxin/Desktop/AboutMe/MiniMarkDownEditor-/lib/core/renderer/codeRenderer.ts","statementMap":{"0":{"start":{"line":3,"column":0},"end":{"line":3,"column":54}},"1":{"start":{"line":4,"column":0},"end":{"line":4,"column":46}},"2":{"start":{"line":13,"column":4},"end":{"line":13,"column":12}},"3":{"start":{"line":14,"column":4},"end":{"line":14,"column":21}},"4":{"start":{"line":22,"column":4},"end":{"line":25,"column":7}},"5":{"start":{"line":23,"column":23},"end":{"line":23,"column":39}},"6":{"start":{"line":24,"column":6},"end":{"line":24,"column":94}},"7":{"start":{"line":28,"column":4},"end":{"line":28,"column":69}},"8":{"start":{"line":28,"column":50},"end":{"line":28,"column":67}},"9":{"start":{"line":31,"column":4},"end":{"line":33,"column":7}},"10":{"start":{"line":32,"column":6},"end":{"line":32,"column":68}},"11":{"start":{"line":42,"column":4},"end":{"line":47,"column":30}},"12":{"start":{"line":11,"column":0},"end":{"line":11,"column":13}}},"fnMap":{"0":{"name":"(anonymous_0)","decl":{"start":{"line":12,"column":2},"end":{"line":12,"column":null}},"loc":{"start":{"line":12,"column":2},"end":{"line":15,"column":3}}},"1":{"name":"(anonymous_1)","decl":{"start":{"line":20,"column":10},"end":{"line":20,"column":19}},"loc":{"start":{"line":20,"column":19},"end":{"line":34,"column":3}}},"2":{"name":"(anonymous_2)","decl":{"start":{"line":22,"column":43},"end":{"line":22,"column":44}},"loc":{"start":{"line":22,"column":53},"end":{"line":25,"column":5}}},"3":{"name":"(anonymous_3)","decl":{"start":{"line":28,"column":44},"end":{"line":28,"column":47}},"loc":{"start":{"line":28,"column":50},"end":{"line":28,"column":67}}},"4":{"name":"(anonymous_4)","decl":{"start":{"line":31,"column":37},"end":{"line":31,"column":38}},"loc":{"start":{"line":31,"column":47},"end":{"line":33,"column":5}}},"5":{"name":"(anonymous_5)","decl":{"start":{"line":41,"column":10},"end":{"line":41,"column":20}},"loc":{"start":{"line":41,"column":32},"end":{"line":48,"column":3}}}},"branchMap":{"0":{"loc":{"start":{"line":23,"column":23},"end":{"line":23,"column":39}},"type":"binary-expr","locations":[{"start":{"line":23,"column":23},"end":{"line":23,"column":33}},{"start":{"line":23,"column":37},"end":{"line":23,"column":39}}]},"1":{"loc":{"start":{"line":24,"column":26},"end":{"line":24,"column":90}},"type":"cond-expr","locations":[{"start":{"line":24,"column":37},"end":{"line":24,"column":85}},{"start":{"line":24,"column":88},"end":{"line":24,"column":90}}]},"2":{"loc":{"start":{"line":32,"column":38},"end":{"line":32,"column":57}},"type":"binary-expr","locations":[{"start":{"line":32,"column":38},"end":{"line":32,"column":51}},{"start":{"line":32,"column":55},"end":{"line":32,"column":57}}]}},"s":{"0":1,"1":1,"2":1,"3":1,"4":1,"5":0,"6":0,"7":1,"8":0,"9":1,"10":0,"11":0,"12":1},"f":{"0":1,"1":1,"2":0,"3":0,"4":0,"5":0},"b":{"0":[0,0],"1":[0,0],"2":[0,0]}}
,"/Users/weixiaoxin/Desktop/AboutMe/MiniMarkDownEditor-/lib/core/renderer/htmlRender.ts": {"path":"/Users/weixiaoxin/Desktop/AboutMe/MiniMarkDownEditor-/lib/core/renderer/htmlRender.ts","statementMap":{"0":{"start":{"line":3,"column":0},"end":{"line":3,"column":54}},"1":{"start":{"line":4,"column":0},"end":{"line":4,"column":46}},"2":{"start":{"line":13,"column":4},"end":{"line":13,"column":12}},"3":{"start":{"line":14,"column":4},"end":{"line":14,"column":21}},"4":{"start":{"line":22,"column":4},"end":{"line":22,"column":92}},"5":{"start":{"line":22,"column":59},"end":{"line":22,"column":90}},"6":{"start":{"line":23,"column":4},"end":{"line":23,"column":65}},"7":{"start":{"line":23,"column":55},"end":{"line":23,"column":63}},"8":{"start":{"line":26,"column":4},"end":{"line":29,"column":7}},"9":{"start":{"line":27,"column":20},"end":{"line":27,"column":47}},"10":{"start":{"line":28,"column":6},"end":{"line":28,"column":53}},"11":{"start":{"line":30,"column":4},"end":{"line":33,"column":7}},"12":{"start":{"line":31,"column":20},"end":{"line":31,"column":47}},"13":{"start":{"line":32,"column":6},"end":{"line":32,"column":30}},"14":{"start":{"line":36,"column":4},"end":{"line":36,"column":87}},"15":{"start":{"line":36,"column":49},"end":{"line":36,"column":85}},"16":{"start":{"line":39,"column":4},"end":{"line":47,"column":7}},"17":{"start":{"line":40,"column":19},"end":{"line":40,"column":21}},"18":{"start":{"line":41,"column":6},"end":{"line":45,"column":7}},"19":{"start":{"line":42,"column":8},"end":{"line":44,"column":9}},"20":{"start":{"line":42,"column":21},"end":{"line":42,"column":22}},"21":{"start":{"line":43,"column":10},"end":{"line":43,"column":75}},"22":{"start":{"line":46,"column":6},"end":{"line":46,"column":20}},"23":{"start":{"line":50,"column":4},"end":{"line":50,"column":55}},"24":{"start":{"line":50,"column":47},"end":{"line":50,"column":53}},"25":{"start":{"line":51,"column":4},"end":{"line":51,"column":57}},"26":{"start":{"line":51,"column":48},"end":{"line":51,"column":55}},"27":{"start":{"line":54,"column":4},"end":{"line":54,"column":63}},"28":{"start":{"line":54,"column":51},"end":{"line":54,"column":61}},"29":{"start":{"line":55,"column":4},"end":{"line":55,"column":65}},"30":{"start":{"line":55,"column":52},"end":{"line":55,"column":63}},"31":{"start":{"line":58,"column":4},"end":{"line":58,"column":57}},"32":{"start":{"line":58,"column":48},"end":{"line":58,"column":55}},"33":{"start":{"line":59,"column":4},"end":{"line":59,"column":59}},"34":{"start":{"line":59,"column":49},"end":{"line":59,"column":57}},"35":{"start":{"line":62,"column":4},"end":{"line":65,"column":7}},"36":{"start":{"line":63,"column":24},"end":{"line":63,"column":48}},"37":{"start":{"line":64,"column":6},"end":{"line":64,"column":45}},"38":{"start":{"line":66,"column":4},"end":{"line":69,"column":7}},"39":{"start":{"line":67,"column":24},"end":{"line":67,"column":48}},"40":{"start":{"line":68,"column":6},"end":{"line":68,"column":47}},"41":{"start":{"line":70,"column":4},"end":{"line":70,"column":62}},"42":{"start":{"line":70,"column":54},"end":{"line":70,"column":60}},"43":{"start":{"line":71,"column":4},"end":{"line":71,"column":66}},"44":{"start":{"line":71,"column":55},"end":{"line":71,"column":64}},"45":{"start":{"line":74,"column":4},"end":{"line":74,"column":73}},"46":{"start":{"line":74,"column":55},"end":{"line":74,"column":71}},"47":{"start":{"line":75,"column":4},"end":{"line":75,"column":75}},"48":{"start":{"line":75,"column":56},"end":{"line":75,"column":73}},"49":{"start":{"line":78,"column":4},"end":{"line":78,"column":65}},"50":{"start":{"line":78,"column":55},"end":{"line":78,"column":63}},"51":{"start":{"line":81,"column":4},"end":{"line":81,"column":63}},"52":{"start":{"line":81,"column":50},"end":{"line":81,"column":61}},"53":{"start":{"line":82,"column":4},"end":{"line":82,"column":65}},"54":{"start":{"line":82,"column":51},"end":{"line":82,"column":63}},"55":{"start":{"line":83,"column":4},"end":{"line":83,"column":70}},"56":{"start":{"line":83,"column":57},"end":{"line":83,"column":68}},"57":{"start":{"line":84,"column":4},"end":{"line":84,"column":72}},"58":{"start":{"line":84,"column":58},"end":{"line":84,"column":70}},"59":{"start":{"line":85,"column":4},"end":{"line":85,"column":68}},"60":{"start":{"line":85,"column":55},"end":{"line":85,"column":66}},"61":{"start":{"line":86,"column":4},"end":{"line":86,"column":70}},"62":{"start":{"line":86,"column":56},"end":{"line":86,"column":68}},"63":{"start":{"line":87,"column":4},"end":{"line":87,"column":64}},"64":{"start":{"line":87,"column":54},"end":{"line":87,"column":62}},"65":{"start":{"line":88,"column":4},"end":{"line":88,"column":66}},"66":{"start":{"line":88,"column":55},"end":{"line":88,"column":64}},"67":{"start":{"line":89,"column":4},"end":{"line":93,"column":7}},"68":{"start":{"line":90,"column":23},"end":{"line":90,"column":46}},"69":{"start":{"line":91,"column":18},"end":{"line":91,"column":40}},"70":{"start":{"line":92,"column":6},"end":{"line":92,"column":50}},"71":{"start":{"line":94,"column":4},"end":{"line":98,"column":7}},"72":{"start":{"line":95,"column":23},"end":{"line":95,"column":46}},"73":{"start":{"line":96,"column":18},"end":{"line":96,"column":40}},"74":{"start":{"line":97,"column":6},"end":{"line":97,"column":27}},"75":{"start":{"line":101,"column":4},"end":{"line":105,"column":7}},"76":{"start":{"line":102,"column":19},"end":{"line":102,"column":42}},"77":{"start":{"line":103,"column":20},"end":{"line":103,"column":94}},"78":{"start":{"line":104,"column":6},"end":{"line":104,"column":59}},"79":{"start":{"line":106,"column":4},"end":{"line":106,"column":58}},"80":{"start":{"line":106,"column":50},"end":{"line":106,"column":56}},"81":{"start":{"line":109,"column":4},"end":{"line":114,"column":7}},"82":{"start":{"line":110,"column":18},"end":{"line":110,"column":40}},"83":{"start":{"line":111,"column":18},"end":{"line":111,"column":40}},"84":{"start":{"line":112,"column":20},"end":{"line":112,"column":94}},"85":{"start":{"line":113,"column":6},"end":{"line":113,"column":88}},"86":{"start":{"line":115,"column":4},"end":{"line":115,"column":57}},"87":{"start":{"line":115,"column":51},"end":{"line":115,"column":55}},"88":{"start":{"line":124,"column":4},"end":{"line":126,"column":5}},"89":{"start":{"line":125,"column":6},"end":{"line":125,"column":16}},"90":{"start":{"line":128,"column":17},"end":{"line":128,"column":19}},"91":{"start":{"line":129,"column":4},"end":{"line":134,"column":5}},"92":{"start":{"line":130,"column":6},"end":{"line":132,"column":7}},"93":{"start":{"line":131,"column":8},"end":{"line":131,"column":17}},"94":{"start":{"line":133,"column":6},"end":{"line":133,"column":54}},"95":{"start":{"line":135,"column":4},"end":{"line":135,"column":18}},"96":{"start":{"line":144,"column":4},"end":{"line":149,"column":30}},"97":{"start":{"line":11,"column":0},"end":{"line":11,"column":13}}},"fnMap":{"0":{"name":"(anonymous_0)","decl":{"start":{"line":12,"column":2},"end":{"line":12,"column":null}},"loc":{"start":{"line":12,"column":2},"end":{"line":15,"column":3}}},"1":{"name":"(anonymous_1)","decl":{"start":{"line":20,"column":10},"end":{"line":20,"column":19}},"loc":{"start":{"line":20,"column":19},"end":{"line":116,"column":3}}},"2":{"name":"(anonymous_2)","decl":{"start":{"line":22,"column":48},"end":{"line":22,"column":49}},"loc":{"start":{"line":22,"column":59},"end":{"line":22,"column":90}}},"3":{"name":"(anonymous_3)","decl":{"start":{"line":23,"column":49},"end":{"line":23,"column":52}},"loc":{"start":{"line":23,"column":55},"end":{"line":23,"column":63}}},"4":{"name":"(anonymous_4)","decl":{"start":{"line":26,"column":46},"end":{"line":26,"column":47}},"loc":{"start":{"line":26,"column":56},"end":{"line":29,"column":5}}},"5":{"name":"(anonymous_5)","decl":{"start":{"line":30,"column":47},"end":{"line":30,"column":48}},"loc":{"start":{"line":30,"column":57},"end":{"line":33,"column":5}}},"6":{"name":"(anonymous_6)","decl":{"start":{"line":36,"column":38},"end":{"line":36,"column":39}},"loc":{"start":{"line":36,"column":49},"end":{"line":36,"column":85}}},"7":{"name":"(anonymous_7)","decl":{"start":{"line":39,"column":40},"end":{"line":39,"column":41}},"loc":{"start":{"line":39,"column":65},"end":{"line":47,"column":5}}},"8":{"name":"(anonymous_8)","decl":{"start":{"line":50,"column":41},"end":{"line":50,"column":44}},"loc":{"start":{"line":50,"column":47},"end":{"line":50,"column":53}}},"9":{"name":"(anonymous_9)","decl":{"start":{"line":51,"column":42},"end":{"line":51,"column":45}},"loc":{"start":{"line":51,"column":48},"end":{"line":51,"column":55}}},"10":{"name":"(anonymous_10)","decl":{"start":{"line":54,"column":45},"end":{"line":54,"column":48}},"loc":{"start":{"line":54,"column":51},"end":{"line":54,"column":61}}},"11":{"name":"(anonymous_11)","decl":{"start":{"line":55,"column":46},"end":{"line":55,"column":49}},"loc":{"start":{"line":55,"column":52},"end":{"line":55,"column":63}}},"12":{"name":"(anonymous_12)","decl":{"start":{"line":58,"column":42},"end":{"line":58,"column":45}},"loc":{"start":{"line":58,"column":48},"end":{"line":58,"column":55}}},"13":{"name":"(anonymous_13)","decl":{"start":{"line":59,"column":43},"end":{"line":59,"column":46}},"loc":{"start":{"line":59,"column":49},"end":{"line":59,"column":57}}},"14":{"name":"(anonymous_14)","decl":{"start":{"line":62,"column":43},"end":{"line":62,"column":44}},"loc":{"start":{"line":62,"column":53},"end":{"line":65,"column":5}}},"15":{"name":"(anonymous_15)","decl":{"start":{"line":66,"column":44},"end":{"line":66,"column":45}},"loc":{"start":{"line":66,"column":54},"end":{"line":69,"column":5}}},"16":{"name":"(anonymous_16)","decl":{"start":{"line":70,"column":48},"end":{"line":70,"column":51}},"loc":{"start":{"line":70,"column":54},"end":{"line":70,"column":60}}},"17":{"name":"(anonymous_17)","decl":{"start":{"line":71,"column":49},"end":{"line":71,"column":52}},"loc":{"start":{"line":71,"column":55},"end":{"line":71,"column":64}}},"18":{"name":"(anonymous_18)","decl":{"start":{"line":74,"column":49},"end":{"line":74,"column":52}},"loc":{"start":{"line":74,"column":55},"end":{"line":74,"column":71}}},"19":{"name":"(anonymous_19)","decl":{"start":{"line":75,"column":50},"end":{"line":75,"column":53}},"loc":{"start":{"line":75,"column":56},"end":{"line":75,"column":73}}},"20":{"name":"(anonymous_20)","decl":{"start":{"line":78,"column":49},"end":{"line":78,"column":52}},"loc":{"start":{"line":78,"column":55},"end":{"line":78,"column":63}}},"21":{"name":"(anonymous_21)","decl":{"start":{"line":81,"column":44},"end":{"line":81,"column":47}},"loc":{"start":{"line":81,"column":50},"end":{"line":81,"column":61}}},"22":{"name":"(anonymous_22)","decl":{"start":{"line":82,"column":45},"end":{"line":82,"column":48}},"loc":{"start":{"line":82,"column":51},"end":{"line":82,"column":63}}},"23":{"name":"(anonymous_23)","decl":{"start":{"line":83,"column":51},"end":{"line":83,"column":54}},"loc":{"start":{"line":83,"column":57},"end":{"line":83,"column":68}}},"24":{"name":"(anonymous_24)","decl":{"start":{"line":84,"column":52},"end":{"line":84,"column":55}},"loc":{"start":{"line":84,"column":58},"end":{"line":84,"column":70}}},"25":{"name":"(anonymous_25)","decl":{"start":{"line":85,"column":49},"end":{"line":85,"column":52}},"loc":{"start":{"line":85,"column":55},"end":{"line":85,"column":66}}},"26":{"name":"(anonymous_26)","decl":{"start":{"line":86,"column":50},"end":{"line":86,"column":53}},"loc":{"start":{"line":86,"column":56},"end":{"line":86,"column":68}}},"27":{"name":"(anonymous_27)","decl":{"start":{"line":87,"column":48},"end":{"line":87,"column":51}},"loc":{"start":{"line":87,"column":54},"end":{"line":87,"column":62}}},"28":{"name":"(anonymous_28)","decl":{"start":{"line":88,"column":49},"end":{"line":88,"column":52}},"loc":{"start":{"line":88,"column":55},"end":{"line":88,"column":64}}},"29":{"name":"(anonymous_29)","decl":{"start":{"line":89,"column":49},"end":{"line":89,"column":50}},"loc":{"start":{"line":89,"column":59},"end":{"line":93,"column":5}}},"30":{"name":"(anonymous_30)","decl":{"start":{"line":94,"column":50},"end":{"line":94,"column":51}},"loc":{"start":{"line":94,"column":60},"end":{"line":98,"column":5}}},"31":{"name":"(anonymous_31)","decl":{"start":{"line":101,"column":43},"end":{"line":101,"column":44}},"loc":{"start":{"line":101,"column":53},"end":{"line":105,"column":5}}},"32":{"name":"(anonymous_32)","decl":{"start":{"line":106,"column":44},"end":{"line":106,"column":47}},"loc":{"start":{"line":106,"column":50},"end":{"line":106,"column":56}}},"33":{"name":"(anonymous_33)","decl":{"start":{"line":109,"column":44},"end":{"line":109,"column":45}},"loc":{"start":{"line":109,"column":54},"end":{"line":114,"column":5}}},"34":{"name":"(anonymous_34)","decl":{"start":{"line":115,"column":45},"end":{"line":115,"column":48}},"loc":{"start":{"line":115,"column":51},"end":{"line":115,"column":55}}},"35":{"name":"(anonymous_35)","decl":{"start":{"line":123,"column":10},"end":{"line":123,"column":21}},"loc":{"start":{"line":123,"column":34},"end":{"line":136,"column":3}}},"36":{"name":"(anonymous_36)","decl":{"start":{"line":143,"column":10},"end":{"line":143,"column":20}},"loc":{"start":{"line":143,"column":32},"end":{"line":150,"column":3}}}},"branchMap":{"0":{"loc":{"start":{"line":27,"column":20},"end":{"line":27,"column":47}},"type":"binary-expr","locations":[{"start":{"line":27,"column":20},"end":{"line":27,"column":40}},{"start":{"line":27,"column":44},"end":{"line":27,"column":47}}]},"1":{"loc":{"start":{"line":31,"column":20},"end":{"line":31,"column":47}},"type":"binary-expr","locations":[{"start":{"line":31,"column":20},"end":{"line":31,"column":40}},{"start":{"line":31,"column":44},"end":{"line":31,"column":47}}]},"2":{"loc":{"start":{"line":36,"column":65},"end":{"line":36,"column":84}},"type":"binary-expr","locations":[{"start":{"line":36,"column":65},"end":{"line":36,"column":78}},{"start":{"line":36,"column":82},"end":{"line":36,"column":84}}]},"3":{"loc":{"start":{"line":41,"column":6},"end":{"line":45,"column":7}},"type":"if","locations":[{"start":{"line":41,"column":6},"end":{"line":45,"column":7}}]},"4":{"loc":{"start":{"line":41,"column":10},"end":{"line":41,"column":53}},"type":"binary-expr","locations":[{"start":{"line":41,"column":10},"end":{"line":41,"column":24}},{"start":{"line":41,"column":28},"end":{"line":41,"column":53}}]},"5":{"loc":{"start":{"line":64,"column":13},"end":{"line":64,"column":44}},"type":"cond-expr","locations":[{"start":{"line":64,"column":25},"end":{"line":64,"column":33}},{"start":{"line":64,"column":36},"end":{"line":64,"column":44}}]},"6":{"loc":{"start":{"line":68,"column":13},"end":{"line":68,"column":46}},"type":"cond-expr","locations":[{"start":{"line":68,"column":25},"end":{"line":68,"column":34}},{"start":{"line":68,"column":37},"end":{"line":68,"column":46}}]},"7":{"loc":{"start":{"line":91,"column":18},"end":{"line":91,"column":40}},"type":"cond-expr","locations":[{"start":{"line":91,"column":29},"end":{"line":91,"column":33}},{"start":{"line":91,"column":36},"end":{"line":91,"column":40}}]},"8":{"loc":{"start":{"line":96,"column":18},"end":{"line":96,"column":40}},"type":"cond-expr","locations":[{"start":{"line":96,"column":29},"end":{"line":96,"column":33}},{"start":{"line":96,"column":36},"end":{"line":96,"column":40}}]},"9":{"loc":{"start":{"line":102,"column":19},"end":{"line":102,"column":42}},"type":"binary-expr","locations":[{"start":{"line":102,"column":19},"end":{"line":102,"column":36}},{"start":{"line":102,"column":40},"end":{"line":102,"column":42}}]},"10":{"loc":{"start":{"line":103,"column":20},"end":{"line":103,"column":94}},"type":"cond-expr","locations":[{"start":{"line":103,"column":41},"end":{"line":103,"column":89}},{"start":{"line":103,"column":92},"end":{"line":103,"column":94}}]},"11":{"loc":{"start":{"line":110,"column":18},"end":{"line":110,"column":40}},"type":"binary-expr","locations":[{"start":{"line":110,"column":18},"end":{"line":110,"column":34}},{"start":{"line":110,"column":38},"end":{"line":110,"column":40}}]},"12":{"loc":{"start":{"line":111,"column":18},"end":{"line":111,"column":40}},"type":"binary-expr","locations":[{"start":{"line":111,"column":18},"end":{"line":111,"column":34}},{"start":{"line":111,"column":38},"end":{"line":111,"column":40}}]},"13":{"loc":{"start":{"line":112,"column":20},"end":{"line":112,"column":94}},"type":"cond-expr","locations":[{"start":{"line":112,"column":41},"end":{"line":112,"column":89}},{"start":{"line":112,"column":92},"end":{"line":112,"column":94}}]},"14":{"loc":{"start":{"line":124,"column":4},"end":{"line":126,"column":5}},"type":"if","locations":[{"start":{"line":124,"column":4},"end":{"line":126,"column":5}}]},"15":{"loc":{"start":{"line":124,"column":8},"end":{"line":124,"column":61}},"type":"binary-expr","locations":[{"start":{"line":124,"column":8},"end":{"line":124,"column":20}},{"start":{"line":124,"column":24},"end":{"line":124,"column":61}}]},"16":{"loc":{"start":{"line":130,"column":6},"end":{"line":132,"column":7}},"type":"if","locations":[{"start":{"line":130,"column":6},"end":{"line":132,"column":7}}]},"17":{"loc":{"start":{"line":130,"column":10},"end":{"line":130,"column":77}},"type":"binary-expr","locations":[{"start":{"line":130,"column":10},"end":{"line":130,"column":24}},{"start":{"line":130,"column":28},"end":{"line":130,"column":41}},{"start":{"line":130,"column":45},"end":{"line":130,"column":60}},{"start":{"line":130,"column":64},"end":{"line":130,"column":77}}]}},"s":{"0":1,"1":1,"2":1,"3":1,"4":1,"5":3,"6":1,"7":3,"8":1,"9":0,"10":0,"11":1,"12":0,"13":0,"14":1,"15":3,"16":1,"17":0,"18":0,"19":0,"20":0,"21":0,"22":0,"23":1,"24":0,"25":1,"26":0,"27":1,"28":0,"29":1,"30":0,"31":1,"32":0,"33":1,"34":0,"35":1,"36":0,"37":0,"38":1,"39":0,"40":0,"41":1,"42":0,"43":1,"44":0,"45":1,"46":0,"47":1,"48":0,"49":1,"50":0,"51":1,"52":0,"53":1,"54":0,"55":1,"56":0,"57":1,"58":0,"59":1,"60":0,"61":1,"62":0,"63":1,"64":0,"65":1,"66":0,"67":1,"68":0,"69":0,"70":0,"71":1,"72":0,"73":0,"74":0,"75":1,"76":0,"77":0,"78":0,"79":1,"80":0,"81":1,"82":0,"83":0,"84":0,"85":0,"86":1,"87":0,"88":3,"89":3,"90":0,"91":0,"92":0,"93":0,"94":0,"95":0,"96":3,"97":1},"f":{"0":1,"1":1,"2":3,"3":3,"4":0,"5":0,"6":3,"7":0,"8":0,"9":0,"10":0,"11":0,"12":0,"13":0,"14":0,"15":0,"16":0,"17":0,"18":0,"19":0,"20":0,"21":0,"22":0,"23":0,"24":0,"25":0,"26":0,"27":0,"28":0,"29":0,"30":0,"31":0,"32":0,"33":0,"34":0,"35":3,"36":3},"b":{"0":[0,0],"1":[0,0],"2":[3,0],"3":[0],"4":[0,0],"5":[0,0],"6":[0,0],"7":[0,0],"8":[0,0],"9":[0,0],"10":[0,0],"11":[0,0],"12":[0,0],"13":[0,0],"14":[3],"15":[3,0],"16":[0],"17":[0,0,0,0]}}
,"/Users/weixiaoxin/Desktop/AboutMe/MiniMarkDownEditor-/lib/core/renderer/rendererManager.ts": {"path":"/Users/weixiaoxin/Desktop/AboutMe/MiniMarkDownEditor-/lib/core/renderer/rendererManager.ts","statementMap":{"0":{"start":{"line":5,"column":0},"end":{"line":5,"column":44}},"1":{"start":{"line":6,"column":0},"end":{"line":6,"column":46}},"2":{"start":{"line":11,"column":0},"end":{"line":11,"column":null}},"3":{"start":{"line":12,"column":2},"end":{"line":12,"column":null}},"4":{"start":{"line":13,"column":2},"end":{"line":13,"column":null}},"5":{"start":{"line":22,"column":10},"end":{"line":22,"column":65}},"6":{"start":{"line":23,"column":10},"end":{"line":23,"column":60}},"7":{"start":{"line":27,"column":4},"end":{"line":27,"column":65}},"8":{"start":{"line":28,"column":4},"end":{"line":28,"column":65}},"9":{"start":{"line":37,"column":4},"end":{"line":37,"column":39}},"10":{"start":{"line":45,"column":4},"end":{"line":47,"column":5}},"11":{"start":{"line":46,"column":6},"end":{"line":46,"column":68}},"12":{"start":{"line":48,"column":4},"end":{"line":48,"column":32}},"13":{"start":{"line":57,"column":21},"end":{"line":57,"column":45}},"14":{"start":{"line":58,"column":4},"end":{"line":60,"column":5}},"15":{"start":{"line":59,"column":6},"end":{"line":59,"column":68}},"16":{"start":{"line":61,"column":4},"end":{"line":61,"column":20}},"17":{"start":{"line":70,"column":4},"end":{"line":70,"column":57}},"18":{"start":{"line":80,"column":21},"end":{"line":80,"column":43}},"19":{"start":{"line":81,"column":4},"end":{"line":81,"column":35}},"20":{"start":{"line":21,"column":0},"end":{"line":21,"column":13}}},"fnMap":{"0":{"name":"(anonymous_0)","decl":{"start":{"line":11,"column":0},"end":{"line":11,"column":12}},"loc":{"start":{"line":11,"column":24},"end":{"line":14,"column":1}}},"1":{"name":"(anonymous_1)","decl":{"start":{"line":25,"column":2},"end":{"line":25,"column":null}},"loc":{"start":{"line":25,"column":2},"end":{"line":29,"column":3}}},"2":{"name":"(anonymous_2)","decl":{"start":{"line":36,"column":9},"end":{"line":36,"column":25}},"loc":{"start":{"line":36,"column":68},"end":{"line":38,"column":3}}},"3":{"name":"(anonymous_3)","decl":{"start":{"line":44,"column":9},"end":{"line":44,"column":27}},"loc":{"start":{"line":44,"column":46},"end":{"line":49,"column":3}}},"4":{"name":"(anonymous_4)","decl":{"start":{"line":56,"column":9},"end":{"line":56,"column":20}},"loc":{"start":{"line":56,"column":39},"end":{"line":62,"column":3}}},"5":{"name":"(anonymous_5)","decl":{"start":{"line":69,"column":9},"end":{"line":69,"column":15}},"loc":{"start":{"line":69,"column":31},"end":{"line":71,"column":3}}},"6":{"name":"(anonymous_6)","decl":{"start":{"line":79,"column":9},"end":{"line":79,"column":19}},"loc":{"start":{"line":79,"column":55},"end":{"line":82,"column":3}}}},"branchMap":{"0":{"loc":{"start":{"line":11,"column":12},"end":{"line":11,"column":null}},"type":"binary-expr","locations":[{"start":{"line":11,"column":12},"end":{"line":11,"column":24}},{"start":{"line":11,"column":24},"end":{"line":11,"column":null}}]},"1":{"loc":{"start":{"line":45,"column":4},"end":{"line":47,"column":5}},"type":"if","locations":[{"start":{"line":45,"column":4},"end":{"line":47,"column":5}}]},"2":{"loc":{"start":{"line":58,"column":4},"end":{"line":60,"column":5}},"type":"if","locations":[{"start":{"line":58,"column":4},"end":{"line":60,"column":5}}]}},"s":{"0":1,"1":1,"2":1,"3":1,"4":1,"5":1,"6":1,"7":1,"8":1,"9":2,"10":0,"11":0,"12":0,"13":1,"14":1,"15":0,"16":1,"17":1,"18":1,"19":1,"20":1},"f":{"0":1,"1":1,"2":2,"3":0,"4":1,"5":1,"6":1},"b":{"0":[1,1],"1":[0],"2":[0]}}
,"/Users/weixiaoxin/Desktop/AboutMe/MiniMarkDownEditor-/lib/parser/block/index.ts": {"path":"/Users/weixiaoxin/Desktop/AboutMe/MiniMarkDownEditor-/lib/parser/block/index.ts","statementMap":{"0":{"start":{"line":8,"column":0},"end":{"line":8,"column":null}},"1":{"start":{"line":9,"column":2},"end":{"line":9,"column":null}},"2":{"start":{"line":10,"column":2},"end":{"line":10,"column":null}},"3":{"start":{"line":11,"column":2},"end":{"line":11,"column":null}},"4":{"start":{"line":21,"column":2},"end":{"line":21,"column":20}},"5":{"start":{"line":23,"column":2},"end":{"line":23,"column":20}},"6":{"start":{"line":25,"column":2},"end":{"line":25,"column":26}},"7":{"start":{"line":27,"column":2},"end":{"line":27,"column":25}},"8":{"start":{"line":31,"column":2},"end":{"line":31,"column":25}},"9":{"start":{"line":32,"column":2},"end":{"line":32,"column":26}},"10":{"start":{"line":55,"column":6},"end":{"line":55,"column":31}},"11":{"start":{"line":56,"column":6},"end":{"line":56,"column":29}},"12":{"start":{"line":57,"column":6},"end":{"line":57,"column":33}},"13":{"start":{"line":58,"column":6},"end":{"line":58,"column":47}},"14":{"start":{"line":59,"column":6},"end":{"line":59,"column":29}},"15":{"start":{"line":60,"column":6},"end":{"line":60,"column":53}},"16":{"start":{"line":61,"column":6},"end":{"line":61,"column":37}},"17":{"start":{"line":62,"column":6},"end":{"line":62,"column":56}},"18":{"start":{"line":63,"column":6},"end":{"line":63,"column":35}},"19":{"start":{"line":64,"column":6},"end":{"line":64,"column":31}},"20":{"start":{"line":65,"column":6},"end":{"line":65,"column":31}},"21":{"start":{"line":66,"column":6},"end":{"line":66,"column":47}},"22":{"start":{"line":67,"column":6},"end":{"line":67,"column":50}},"23":{"start":{"line":19,"column":0},"end":{"line":19,"column":13}},"24":{"start":{"line":73,"column":13},"end":{"line":73,"column":15}},"25":{"start":{"line":74,"column":2},"end":{"line":92,"column":3}},"26":{"start":{"line":75,"column":6},"end":{"line":91,"column":7}},"27":{"start":{"line":77,"column":14},"end":{"line":77,"column":46}},"28":{"start":{"line":78,"column":14},"end":{"line":78,"column":20}},"29":{"start":{"line":80,"column":14},"end":{"line":80,"column":42}},"30":{"start":{"line":81,"column":14},"end":{"line":81,"column":20}},"31":{"start":{"line":83,"column":14},"end":{"line":83,"column":46}},"32":{"start":{"line":84,"column":14},"end":{"line":84,"column":20}},"33":{"start":{"line":87,"column":14},"end":{"line":87,"column":46}},"34":{"start":{"line":88,"column":14},"end":{"line":88,"column":57}},"35":{"start":{"line":89,"column":14},"end":{"line":89,"column":46}},"36":{"start":{"line":90,"column":14},"end":{"line":90,"column":20}},"37":{"start":{"line":93,"column":2},"end":{"line":93,"column":14}},"38":{"start":{"line":98,"column":2},"end":{"line":98,"column":28}},"39":{"start":{"line":98,"column":18},"end":{"line":98,"column":28}},"40":{"start":{"line":99,"column":20},"end":{"line":99,"column":22}},"41":{"start":{"line":100,"column":2},"end":{"line":104,"column":3}},"42":{"start":{"line":101,"column":6},"end":{"line":103,"column":20}},"43":{"start":{"line":102,"column":32},"end":{"line":102,"column":51}},"44":{"start":{"line":105,"column":2},"end":{"line":105,"column":65}},"45":{"start":{"line":110,"column":2},"end":{"line":110,"column":28}},"46":{"start":{"line":110,"column":18},"end":{"line":110,"column":28}},"47":{"start":{"line":111,"column":2},"end":{"line":111,"column":27}},"48":{"start":{"line":115,"column":30},"end":{"line":122,"column":2}},"49":{"start":{"line":124,"column":19},"end":{"line":124,"column":51}},"50":{"start":{"line":125,"column":0},"end":{"line":125,"column":24}}},"fnMap":{"0":{"name":"(anonymous_0)","decl":{"start":{"line":8,"column":0},"end":{"line":8,"column":12}},"loc":{"start":{"line":8,"column":21},"end":{"line":12,"column":1}}},"1":{"name":"(anonymous_1)","decl":{"start":{"line":40,"column":2},"end":{"line":40,"column":14}},"loc":{"start":{"line":54,"column":3},"end":{"line":68,"column":3}}},"2":{"name":"renderTokensToHTML","decl":{"start":{"line":72,"column":9},"end":{"line":72,"column":27}},"loc":{"start":{"line":72,"column":43},"end":{"line":94,"column":1}}},"3":{"name":"renderOpeningTag","decl":{"start":{"line":97,"column":9},"end":{"line":97,"column":25}},"loc":{"start":{"line":97,"column":38},"end":{"line":106,"column":1}}},"4":{"name":"(anonymous_4)","decl":{"start":{"line":102,"column":14},"end":{"line":102,"column":15}},"loc":{"start":{"line":102,"column":32},"end":{"line":102,"column":51}}},"5":{"name":"renderClosingTag","decl":{"start":{"line":109,"column":9},"end":{"line":109,"column":25}},"loc":{"start":{"line":109,"column":38},"end":{"line":112,"column":1}}}},"branchMap":{"0":{"loc":{"start":{"line":8,"column":12},"end":{"line":8,"column":null}},"type":"binary-expr","locations":[{"start":{"line":8,"column":12},"end":{"line":8,"column":21}},{"start":{"line":8,"column":21},"end":{"line":8,"column":null}}]},"1":{"loc":{"start":{"line":58,"column":19},"end":{"line":58,"column":46}},"type":"binary-expr","locations":[{"start":{"line":58,"column":19},"end":{"line":58,"column":32}},{"start":{"line":58,"column":36},"end":{"line":58,"column":46}}]},"2":{"loc":{"start":{"line":60,"column":21},"end":{"line":60,"column":52}},"type":"binary-expr","locations":[{"start":{"line":60,"column":21},"end":{"line":60,"column":36}},{"start":{"line":60,"column":40},"end":{"line":60,"column":52}}]},"3":{"loc":{"start":{"line":62,"column":22},"end":{"line":62,"column":55}},"type":"binary-expr","locations":[{"start":{"line":62,"column":22},"end":{"line":62,"column":38}},{"start":{"line":62,"column":42},"end":{"line":62,"column":55}}]},"4":{"loc":{"start":{"line":66,"column":19},"end":{"line":66,"column":46}},"type":"binary-expr","locations":[{"start":{"line":66,"column":19},"end":{"line":66,"column":32}},{"start":{"line":66,"column":36},"end":{"line":66,"column":46}}]},"5":{"loc":{"start":{"line":67,"column":20},"end":{"line":67,"column":49}},"type":"binary-expr","locations":[{"start":{"line":67,"column":20},"end":{"line":67,"column":34}},{"start":{"line":67,"column":38},"end":{"line":67,"column":49}}]},"6":{"loc":{"start":{"line":75,"column":6},"end":{"line":91,"column":7}},"type":"switch","locations":[{"start":{"line":76,"column":10},"end":{"line":78,"column":20}},{"start":{"line":79,"column":10},"end":{"line":81,"column":20}},{"start":{"line":82,"column":10},"end":{"line":84,"column":20}},{"start":{"line":85,"column":10},"end":{"line":90,"column":20}}]},"7":{"loc":{"start":{"line":80,"column":22},"end":{"line":80,"column":41}},"type":"binary-expr","locations":[{"start":{"line":80,"column":22},"end":{"line":80,"column":35}},{"start":{"line":80,"column":39},"end":{"line":80,"column":41}}]},"8":{"loc":{"start":{"line":98,"column":2},"end":{"line":98,"column":28}},"type":"if","locations":[{"start":{"line":98,"column":2},"end":{"line":98,"column":28}}]},"9":{"loc":{"start":{"line":100,"column":2},"end":{"line":104,"column":3}},"type":"if","locations":[{"start":{"line":100,"column":2},"end":{"line":104,"column":3}}]},"10":{"loc":{"start":{"line":105,"column":25},"end":{"line":105,"column":61}},"type":"cond-expr","locations":[{"start":{"line":105,"column":39},"end":{"line":105,"column":56}},{"start":{"line":105,"column":59},"end":{"line":105,"column":61}}]},"11":{"loc":{"start":{"line":110,"column":2},"end":{"line":110,"column":28}},"type":"if","locations":[{"start":{"line":110,"column":2},"end":{"line":110,"column":28}}]}},"s":{"0":1,"1":1,"2":1,"3":1,"4":6,"5":6,"6":6,"7":6,"8":6,"9":6,"10":6,"11":6,"12":6,"13":6,"14":6,"15":6,"16":6,"17":6,"18":6,"19":6,"20":6,"21":6,"22":6,"23":1,"24":1,"25":1,"26":6,"27":2,"28":2,"29":2,"30":2,"31":2,"32":2,"33":0,"34":0,"35":0,"36":0,"37":1,"38":2,"39":0,"40":2,"41":2,"42":0,"43":0,"44":2,"45":2,"46":0,"47":2,"48":1,"49":1,"50":1},"f":{"0":1,"1":6,"2":1,"3":2,"4":0,"5":2},"b":{"0":[1,1],"1":[6,6],"2":[6,6],"3":[6,6],"4":[6,6],"5":[6,6],"6":[2,2,2,0],"7":[2,0],"8":[0],"9":[0],"10":[0,2],"11":[0]}}
,"/Users/weixiaoxin/Desktop/AboutMe/MiniMarkDownEditor-/lib/parser/block/state.ts": {"path":"/Users/weixiaoxin/Desktop/AboutMe/MiniMarkDownEditor-/lib/parser/block/state.ts","statementMap":{"0":{"start":{"line":3,"column":0},"end":{"line":3,"column":50}},"1":{"start":{"line":5,"column":0},"end":{"line":5,"column":64}},"2":{"start":{"line":6,"column":0},"end":{"line":6,"column":41}},"3":{"start":{"line":13,"column":2},"end":{"line":13,"column":24}},"4":{"start":{"line":21,"column":4},"end":{"line":21,"column":55}},"5":{"start":{"line":11,"column":0},"end":{"line":11,"column":22}},"6":{"start":{"line":31,"column":10},"end":{"line":31,"column":34}},"7":{"start":{"line":36,"column":4},"end":{"line":36,"column":44}},"8":{"start":{"line":37,"column":4},"end":{"line":37,"column":40}},"9":{"start":{"line":42,"column":4},"end":{"line":42,"column":26}},"10":{"start":{"line":43,"column":4},"end":{"line":43,"column":81}},"11":{"start":{"line":43,"column":47},"end":{"line":43,"column":65}},"12":{"start":{"line":44,"column":4},"end":{"line":44,"column":55}},"13":{"start":{"line":44,"column":30},"end":{"line":44,"column":53}},"14":{"start":{"line":45,"column":4},"end":{"line":45,"column":84}},"15":{"start":{"line":45,"column":50},"end":{"line":45,"column":68}},"16":{"start":{"line":51,"column":16},"end":{"line":51,"column":41}},"17":{"start":{"line":55,"column":4},"end":{"line":69,"column":5}},"18":{"start":{"line":56,"column":6},"end":{"line":68,"column":7}},"19":{"start":{"line":57,"column":8},"end":{"line":57,"column":56}},"20":{"start":{"line":58,"column":23},"end":{"line":58,"column":46}},"21":{"start":{"line":61,"column":8},"end":{"line":65,"column":9}},"22":{"start":{"line":62,"column":10},"end":{"line":62,"column":36}},"23":{"start":{"line":63,"column":10},"end":{"line":63,"column":35}},"24":{"start":{"line":64,"column":10},"end":{"line":64,"column":38}},"25":{"start":{"line":67,"column":8},"end":{"line":67,"column":22}},"26":{"start":{"line":70,"column":4},"end":{"line":70,"column":14}},"27":{"start":{"line":75,"column":4},"end":{"line":75,"column":52}},"28":{"start":{"line":75,"column":22},"end":{"line":75,"column":52}},"29":{"start":{"line":76,"column":4},"end":{"line":76,"column":64}},"30":{"start":{"line":76,"column":30},"end":{"line":76,"column":64}},"31":{"start":{"line":77,"column":4},"end":{"line":79,"column":5}},"32":{"start":{"line":78,"column":6},"end":{"line":78,"column":38}},"33":{"start":{"line":80,"column":4},"end":{"line":82,"column":5}},"34":{"start":{"line":81,"column":6},"end":{"line":81,"column":37}},"35":{"start":{"line":83,"column":4},"end":{"line":83,"column":62}},"36":{"start":{"line":83,"column":30},"end":{"line":83,"column":62}},"37":{"start":{"line":84,"column":4},"end":{"line":84,"column":63}},"38":{"start":{"line":84,"column":32},"end":{"line":84,"column":63}},"39":{"start":{"line":85,"column":4},"end":{"line":85,"column":28}},"40":{"start":{"line":30,"column":0},"end":{"line":30,"column":13}}},"fnMap":{"0":{"name":"(anonymous_0)","decl":{"start":{"line":20,"column":2},"end":{"line":20,"column":14}},"loc":{"start":{"line":20,"column":45},"end":{"line":22,"column":3}}},"1":{"name":"(anonymous_1)","decl":{"start":{"line":35,"column":2},"end":{"line":35,"column":null}},"loc":{"start":{"line":35,"column":2},"end":{"line":38,"column":3}}},"2":{"name":"(anonymous_2)","decl":{"start":{"line":40,"column":2},"end":{"line":40,"column":14}},"loc":{"start":{"line":40,"column":30},"end":{"line":46,"column":3}}},"3":{"name":"(anonymous_3)","decl":{"start":{"line":43,"column":42},"end":{"line":43,"column":43}},"loc":{"start":{"line":43,"column":47},"end":{"line":43,"column":65}}},"4":{"name":"(anonymous_4)","decl":{"start":{"line":44,"column":20},"end":{"line":44,"column":21}},"loc":{"start":{"line":44,"column":30},"end":{"line":44,"column":53}}},"5":{"name":"(anonymous_5)","decl":{"start":{"line":45,"column":45},"end":{"line":45,"column":46}},"loc":{"start":{"line":45,"column":50},"end":{"line":45,"column":68}}},"6":{"name":"(anonymous_6)","decl":{"start":{"line":49,"column":2},"end":{"line":49,"column":11}},"loc":{"start":{"line":49,"column":45},"end":{"line":71,"column":3}}},"7":{"name":"(anonymous_7)","decl":{"start":{"line":74,"column":10},"end":{"line":74,"column":24}},"loc":{"start":{"line":74,"column":37},"end":{"line":86,"column":3}}}},"branchMap":{"0":{"loc":{"start":{"line":21,"column":20},"end":{"line":21,"column":54}},"type":"binary-expr","locations":[{"start":{"line":21,"column":20},"end":{"line":21,"column":37}},{"start":{"line":21,"column":41},"end":{"line":21,"column":54}}]},"1":{"loc":{"start":{"line":56,"column":6},"end":{"line":68,"column":7}},"type":"if","locations":[{"start":{"line":56,"column":6},"end":{"line":68,"column":7}}]},"2":{"loc":{"start":{"line":61,"column":8},"end":{"line":65,"column":9}},"type":"if","locations":[{"start":{"line":61,"column":8},"end":{"line":65,"column":9}}]},"3":{"loc":{"start":{"line":61,"column":12},"end":{"line":61,"column":67}},"type":"binary-expr","locations":[{"start":{"line":61,"column":12},"end":{"line":61,"column":31}},{"start":{"line":61,"column":35},"end":{"line":61,"column":67}}]},"4":{"loc":{"start":{"line":75,"column":4},"end":{"line":75,"column":52}},"type":"if","locations":[{"start":{"line":75,"column":4},"end":{"line":75,"column":52}}]},"5":{"loc":{"start":{"line":76,"column":4},"end":{"line":76,"column":64}},"type":"if","locations":[{"start":{"line":76,"column":4},"end":{"line":76,"column":64}}]},"6":{"loc":{"start":{"line":77,"column":4},"end":{"line":79,"column":5}},"type":"if","locations":[{"start":{"line":77,"column":4},"end":{"line":79,"column":5}}]},"7":{"loc":{"start":{"line":77,"column":8},"end":{"line":77,"column":52}},"type":"binary-expr","locations":[{"start":{"line":77,"column":8},"end":{"line":77,"column":26}},{"start":{"line":77,"column":30},"end":{"line":77,"column":52}}]},"8":{"loc":{"start":{"line":80,"column":4},"end":{"line":82,"column":5}},"type":"if","locations":[{"start":{"line":8
[...]
nd":{"line":4,"column":60}},"4":{"start":{"line":11,"column":4},"end":{"line":11,"column":35}},"5":{"start":{"line":12,"column":4},"end":{"line":12,"column":30}},"6":{"start":{"line":15,"column":8},"end":{"line":15,"column":68}},"7":{"start":{"line":20,"column":23},"end":{"line":20,"column":39}},"8":{"start":{"line":21,"column":28},"end":{"line":21,"column":51}},"9":{"start":{"line":23,"column":22},"end":{"line":23,"column":30}},"10":{"start":{"line":24,"column":8},"end":{"line":24,"column":31}},"11":{"start":{"line":26,"column":8},"end":{"line":32,"column":9}},"12":{"start":{"line":27,"column":12},"end":{"line":27,"column":55}},"13":{"start":{"line":28,"column":12},"end":{"line":28,"column":67}},"14":{"start":{"line":30,"column":12},"end":{"line":30,"column":53}},"15":{"start":{"line":31,"column":12},"end":{"line":31,"column":66}},"16":{"start":{"line":37,"column":8},"end":{"line":42,"column":11}},"17":{"start":{"line":10,"column":0},"end":{"line":10,"column":13}}},"fnMap":{"0":{"name":"(anonymous_0)","decl":{"start":{"line":10,"column":0},"end":{"line":10,"column":13}},"loc":{"start":{"line":10,"column":0},"end":{"line":44,"column":1}}},"1":{"name":"(anonymous_1)","decl":{"start":{"line":14,"column":4},"end":{"line":14,"column":9}},"loc":{"start":{"line":14,"column":57},"end":{"line":16,"column":5}}},"2":{"name":"(anonymous_2)","decl":{"start":{"line":18,"column":4},"end":{"line":18,"column":11}},"loc":{"start":{"line":18,"column":59},"end":{"line":34,"column":5}}},"3":{"name":"(anonymous_3)","decl":{"start":{"line":36,"column":4},"end":{"line":36,"column":18}},"loc":{"start":{"line":36,"column":66},"end":{"line":43,"column":5}}}},"branchMap":{"0":{"loc":{"start":{"line":15,"column":15},"end":{"line":15,"column":67}},"type":"binary-expr","locations":[{"start":{"line":15,"column":15},"end":{"line":15,"column":37}},{"start":{"line":15,"column":41},"end":{"line":15,"column":67}}]},"1":{"loc":{"start":{"line":26,"column":8},"end":{"line":32,"column":9}},"type":"if","locations":[{"start":{"line":26,"column":8},"end":{"line":32,"column":9}},{"start":{"line":29,"column":15},"end":{"line":32,"column":9}}]},"2":{"loc":{"start":{"line":38,"column":18},"end":{"line":38,"column":75}},"type":"cond-expr","locations":[{"start":{"line":38,"column":35},"end":{"line":38,"column":54}},{"start":{"line":38,"column":57},"end":{"line":38,"column":75}}]}},"s":{"0":1,"1":1,"2":1,"3":1,"4":1,"5":1,"6":35,"7":0,"8":0,"9":0,"10":0,"11":0,"12":0,"13":0,"14":0,"15":0,"16":0,"17":1},"f":{"0":1,"1":35,"2":0,"3":0},"b":{"0":[35,0],"1":[0,0],"2":[0,0]}}
,"/Users/weixiaoxin/Desktop/AboutMe/MiniMarkDownEditor-/lib/parser/inline/rules/em.ts": {"path":"/Users/weixiaoxin/Desktop/AboutMe/MiniMarkDownEditor-/lib/parser/inline/rules/em.ts","statementMap":{"0":{"start":{"line":1,"column":0},"end":{"line":1,"column":36}},"1":{"start":{"line":2,"column":0},"end":{"line":2,"column":55}},"2":{"start":{"line":3,"column":0},"end":{"line":3,"column":50}},"3":{"start":{"line":4,"column":0},"end":{"line":4,"column":60}},"4":{"start":{"line":11,"column":4},"end":{"line":11,"column":34}},"5":{"start":{"line":12,"column":4},"end":{"line":12,"column":29}},"6":{"start":{"line":16,"column":8},"end":{"line":18,"column":9}},"7":{"start":{"line":17,"column":12},"end":{"line":17,"column":25}},"8":{"start":{"line":20,"column":8},"end":{"line":20,"column":101}},"9":{"start":{"line":25,"column":23},"end":{"line":25,"column":39}},"10":{"start":{"line":26,"column":28},"end":{"line":26,"column":51}},"11":{"start":{"line":28,"column":22},"end":{"line":28,"column":30}},"12":{"start":{"line":29,"column":8},"end":{"line":29,"column":31}},"13":{"start":{"line":31,"column":8},"end":{"line":39,"column":9}},"14":{"start":{"line":32,"column":12},"end":{"line":32,"column":54}},"15":{"start":{"line":33,"column":12},"end":{"line":33,"column":67}},"16":{"start":{"line":36,"column":12},"end":{"line":36,"column":42}},"17":{"start":{"line":37,"column":12},"end":{"line":37,"column":52}},"18":{"start":{"line":38,"column":12},"end":{"line":38,"column":66}},"19":{"start":{"line":43,"column":8},"end":{"line":49,"column":11}},"20":{"start":{"line":10,"column":0},"end":{"line":10,"column":13}}},"fnMap":{"0":{"name":"(anonymous_0)","decl":{"start":{"line":10,"column":0},"end":{"line":10,"column":13}},"loc":{"start":{"line":10,"column":0},"end":{"line":51,"column":1}}},"1":{"name":"(anonymous_1)","decl":{"start":{"line":14,"column":4},"end":{"line":14,"column":9}},"loc":{"start":{"line":14,"column":57},"end":{"line":21,"column":5}}},"2":{"name":"(anonymous_2)","decl":{"start":{"line":23,"column":4},"end":{"line":23,"column":11}},"loc":{"start":{"line":23,"column":59},"end":{"line":40,"column":5}}},"3":{"name":"(anonymous_3)","decl":{"start":{"line":42,"column":4},"end":{"line":42,"column":18}},"loc":{"start":{"line":42,"column":66},"end":{"line":50,"column":5}}}},"branchMap":{"0":{"loc":{"start":{"line":16,"column":8},"end":{"line":18,"column":9}},"type":"if","locations":[{"start":{"line":16,"column":8},"end":{"line":18,"column":9}}]},"1":{"loc":{"start":{"line":16,"column":12},"end":{"line":16,"column":55}},"type":"binary-expr","locations":[{"start":{"line":16,"column":12},"end":{"line":16,"column":24}},{"start":{"line":16,"column":28},"end":{"line":16,"column":55}}]},"2":{"loc":{"start":{"line":20,"column":15},"end":{"line":20,"column":100}},"type":"binary-expr","locations":[{"start":{"line":20,"column":15},"end":{"line":20,"column":37}},{"start":{"line":20,"column":42},"end":{"line":20,"column":69}},{"start":{"line":20,"column":73},"end":{"line":20,"column":99}}]},"3":{"loc":{"start":{"line":31,"column":8},"end":{"line":39,"column":9}},"type":"if","locations":[{"start":{"line":31,"column":8},"end":{"line":39,"column":9}},{"start":{"line":34,"column":15},"end":{"line":39,"column":9}}]},"4":{"loc":{"start":{"line":44,"column":18},"end":{"line":44,"column":73}},"type":"cond-expr","locations":[{"start":{"line":44,"column":35},"end":{"line":44,"column":53}},{"start":{"line":44,"column":56},"end":{"line":44,"column":73}}]}},"s":{"0":1,"1":1,"2":1,"3":1,"4":1,"5":1,"6":35,"7":0,"8":35,"9":0,"10":0,"11":0,"12":0,"13":0,"14":0,"15":0,"16":0,"17":0,"18":0,"19":0,"20":1},"f":{"0":1,"1":35,"2":0,"3":0},"b":{"0":[0],"1":[35,32],"2":[35,0,0],"3":[0,0],"4":[0,0]}}
,"/Users/weixiaoxin/Desktop/AboutMe/MiniMarkDownEditor-/lib/parser/inline/rules/escape.ts": {"path":"/Users/weixiaoxin/Desktop/AboutMe/MiniMarkDownEditor-/lib/parser/inline/rules/escape.ts","statementMap":{"0":{"start":{"line":1,"column":0},"end":{"line":1,"column":57}},"1":{"start":{"line":2,"column":0},"end":{"line":2,"column":38}},"2":{"start":{"line":3,"column":0},"end":{"line":3,"column":52}},"3":{"start":{"line":4,"column":0},"end":{"line":4,"column":60}},"4":{"start":{"line":11,"column":4},"end":{"line":11,"column":46}},"5":{"start":{"line":12,"column":4},"end":{"line":12,"column":31}},"6":{"start":{"line":15,"column":8},"end":{"line":15,"column":69}},"7":{"start":{"line":20,"column":23},"end":{"line":20,"column":39}},"8":{"start":{"line":21,"column":28},"end":{"line":21,"column":51}},"9":{"start":{"line":24,"column":8},"end":{"line":24,"column":31}},"10":{"start":{"line":27,"column":8},"end":{"line":40,"column":9}},"11":{"start":{"line":29,"column":33},"end":{"line":29,"column":109}},"12":{"start":{"line":30,"column":29},"end":{"line":30,"column":47}},"13":{"start":{"line":33,"column":12},"end":{"line":38,"column":13}},"14":{"start":{"line":34,"column":16},"end":{"line":34,"column":50}},"15":{"start":{"line":37,"column":16},"end":{"line":37,"column":57}},"16":{"start":{"line":39,"column":12},"end":{"line":39,"column":35}},"17":{"start":{"line":45,"column":8},"end":{"line":49,"column":11}},"18":{"start":{"line":10,"column":0},"end":{"line":10,"column":13}}},"fnMap":{"0":{"name":"(anonymous_0)","decl":{"start":{"line":10,"column":0},"end":{"line":10,"column":13}},"loc":{"start":{"line":10,"column":0},"end":{"line":51,"column":1}}},"1":{"name":"(anonymous_1)","decl":{"start":{"line":14,"column":4},"end":{"line":14,"column":9}},"loc":{"start":{"line":14,"column":57},"end":{"line":16,"column":5}}},"2":{"name":"(anonymous_2)","decl":{"start":{"line":18,"column":4},"end":{"line":18,"column":11}},"loc":{"start":{"line":18,"column":59},"end":{"line":41,"column":5}}},"3":{"name":"(anonymous_3)","decl":{"start":{"line":43,"column":4},"end":{"line":43,"column":18}},"loc":{"start":{"line":43,"column":66},"end":{"line":50,"column":5}}}},"branchMap":{"0":{"loc":{"start":{"line":11,"column":15},"end":{"line":11,"column":45}},"type":"binary-expr","locations":[{"start":{"line":11,"column":15},"end":{"line":11,"column":37}},{"start":{"line":11,"column":41},"end":{"line":11,"column":45}}]},"1":{"loc":{"start":{"line":15,"column":15},"end":{"line":15,"column":68}},"type":"binary-expr","locations":[{"start":{"line":15,"column":15},"end":{"line":15,"column":38}},{"start":{"line":15,"column":42},"end":{"line":15,"column":68}}]},"2":{"loc":{"start":{"line":27,"column":8},"end":{"line":40,"column":9}},"type":"if","locations":[{"start":{"line":27,"column":8},"end":{"line":40,"column":9}}]},"3":{"loc":{"start":{"line":33,"column":12},"end":{"line":38,"column":13}},"type":"if","locations":[{"start":{"line":33,"column":12},"end":{"line":38,"column":13}},{"start":{"line":35,"column":19},"end":{"line":38,"column":13}}]}},"s":{"0":1,"1":1,"2":1,"3":1,"4":1,"5":1,"6":35,"7":0,"8":0,"9":0,"10":0,"11":0,"12":0,"13":0,"14":0,"15":0,"16":0,"17":0,"18":1},"f":{"0":1,"1":35,"2":0,"3":0},"b":{"0":[1,0],"1":[35,0],"2":[0],"3":[0,0]}}
,"/Users/weixiaoxin/Desktop/AboutMe/MiniMarkDownEditor-/lib/parser/inline/rules/strong.ts": {"path":"/Users/weixiaoxin/Desktop/AboutMe/MiniMarkDownEditor-/lib/parser/inline/rules/strong.ts","statementMap":{"0":{"start":{"line":1,"column":0},"end":{"line":1,"column":57}},"1":{"start":{"line":2,"column":0},"end":{"line":2,"column":38}},"2":{"start":{"line":3,"column":0},"end":{"line":3,"column":52}},"3":{"start":{"line":4,"column":0},"end":{"line":4,"column":60}},"4":{"start":{"line":11,"column":2},"end":{"line":11,"column":36}},"5":{"start":{"line":12,"column":2},"end":{"line":12,"column":31}},"6":{"start":{"line":17,"column":4},"end":{"line":19,"column":5}},"7":{"start":{"line":18,"column":6},"end":{"line":18,"column":19}},"8":{"start":{"line":20,"column":4},"end":{"line":20,"column":35}},"9":{"start":{"line":21,"column":4},"end":{"line":21,"column":84}},"10":{"start":{"line":22,"column":4},"end":{"line":22,"column":64}},"11":{"start":{"line":27,"column":19},"end":{"line":27,"column":35}},"12":{"start":{"line":28,"column":24},"end":{"line":28,"column":47}},"13":{"start":{"line":30,"column":18},"end":{"line":30,"column":26}},"14":{"start":{"line":31,"column":4},"end":{"line":31,"column":27}},"15":{"start":{"line":35,"column":4},"end":{"line":44,"column":5}},"16":{"start":{"line":36,"column":6},"end":{"line":36,"column":52}},"17":{"start":{"line":37,"column":6},"end":{"line":37,"column":61}},"18":{"start":{"line":40,"column":6},"end":{"line":40,"column":36}},"19":{"start":{"line":41,"column":6},"end":{"line":41,"column":50}},"20":{"start":{"line":42,"column":6},"end":{"line":42,"column":59}},"21":{"start":{"line":43,"column":6},"end":{"line":43,"column":60}},"22":{"start":{"line":48,"column":4},"end":{"line":54,"column":7}},"23":{"start":{"line":10,"column":0},"end":{"line":10,"column":13}}},"fnMap":{"0":{"name":"(anonymous_0)","decl":{"start":{"line":10,"column":0},"end":{"line":10,"column":13}},"loc":{"start":{"line":10,"column":0},"end":{"line":56,"column":1}}},"1":{"name":"(anonymous_1)","decl":{"start":{"line":15,"column":2},"end":{"line":15,"column":7}},"loc":{"start":{"line":15,"column":55},"end":{"line":23,"column":3}}},"2":{"name":"(anonymous_2)","decl":{"start":{"line":25,"column":2},"end":{"line":25,"column":9}},"loc":{"start":{"line":25,"column":57},"end":{"line":45,"column":3}}},"3":{"name":"(anonymous_3)","decl":{"start":{"line":47,"column":2},"end":{"line":47,"column":16}},"loc":{"start":{"line":47,"column":64},"end":{"line":55,"column":3}}}},"branchMap":{"0":{"loc":{"start":{"line":17,"column":4},"end":{"line":19,"column":5}},"type":"if","locations":[{"start":{"line":17,"column":4},"end":{"line":19,"column":5}}]},"1":{"loc":{"start":{"line":17,"column":8},"end":{"line":17,"column":51}},"type":"binary-expr","locations":[{"start":{"line":17,"column":8},"end":{"line":17,"column":20}},{"start":{"line":17,"column":24},"end":{"line":17,"column":51}}]},"2":{"loc":{"start":{"line":21,"column":30},"end":{"line":21,"column":82}},"type":"binary-expr","locations":[{"start":{"line":21,"column":30},"end":{"line":21,"column":52}},{"start":{"line":21,"column":56},"end":{"line":21,"column":82}}]},"3":{"loc":{"start":{"line":22,"column":11},"end":{"line":22,"column":63}},"type":"binary-expr","locations":[{"start":{"line":22,"column":11},"end":{"line":22,"column":33}},{"start":{"line":22,"column":37},"end":{"line":22,"column":63}}]},"4":{"loc":{"start":{"line":35,"column":4},"end":{"line":44,"column":5}},"type":"if","locations":[{"start":{"line":35,"column":4},"end":{"line":44,"column":5}},{"start":{"line":38,"column":11},"end":{"line":44,"column":5}}]},"5":{"loc":{"start":{"line":49,"column":12},"end":{"line":49,"column":75}},"type":"cond-expr","locations":[{"start":{"line":49,"column":29},"end":{"line":49,"column":51}},{"start":{"line":49,"column":54},"end":{"line":49,"column":75}}]}},"s":{"0":1,"1":1,"2":1,"3":1,"4":1,"5":1,"6":35,"7":0,"8":35,"9":35,"10":35,"11":0,"12":0,"13":0,"14":0,"15":0,"16":0,"17":0,"18":0,"19":0,"20":0,"21":0,"22":0,"23":1},"f":{"0":1,"1":35,"2":0,"3":0},"b":{"0":[0],"1":[35,32],"2":[35,0],"3":[35,0],"4":[0,0],"5":[0,0]}}
,"/Users/weixiaoxin/Desktop/AboutMe/MiniMarkDownEditor-/lib/tokens/token.ts": {"path":"/Users/weixiaoxin/Desktop/AboutMe/MiniMarkDownEditor-/lib/tokens/token.ts","statementMap":{"0":{"start":{"line":8,"column":0},"end":{"line":8,"column":null}},"1":{"start":{"line":9,"column":4},"end":{"line":9,"column":null}},"2":{"start":{"line":10,"column":4},"end":{"line":10,"column":null}},"3":{"start":{"line":11,"column":4},"end":{"line":11,"column":null}},"4":{"start":{"line":12,"column":4},"end":{"line":12,"column":null}},"5":{"start":{"line":13,"column":4},"end":{"line":13,"column":null}},"6":{"start":{"line":14,"column":4},"end":{"line":14,"column":null}},"7":{"start":{"line":15,"column":4},"end":{"line":15,"column":null}},"8":{"start":{"line":16,"column":4},"end":{"line":16,"column":null}},"9":{"start":{"line":17,"column":4},"end":{"line":17,"column":null}},"10":{"start":{"line":18,"column":4},"end":{"line":18,"column":null}},"11":{"start":{"line":19,"column":4},"end":{"line":19,"column":null}},"12":{"start":{"line":20,"column":4},"end":{"line":20,"column":null}},"13":{"start":{"line":21,"column":4},"end":{"line":21,"column":null}},"14":{"start":{"line":22,"column":4},"end":{"line":22,"column":null}},"15":{"start":{"line":23,"column":4},"end":{"line":23,"column":null}},"16":{"start":{"line":24,"column":4},"end":{"line":24,"column":null}},"17":{"start":{"line":25,"column":4},"end":{"line":25,"column":null}},"18":{"start":{"line":26,"column":4},"end":{"line":26,"column":null}},"19":{"start":{"line":27,"column":4},"end":{"line":27,"column":null}},"20":{"start":{"line":28,"column":4},"end":{"line":28,"column":null}},"21":{"start":{"line":29,"column":4},"end":{"line":29,"column":null}},"22":{"start":{"line":30,"column":4},"end":{"line":30,"column":null}},"23":{"start":{"line":31,"column":4},"end":{"line":31,"column":null}},"24":{"start":{"line":32,"column":4},"end":{"line":32,"column":null}},"25":{"start":{"line":33,"column":4},"end":{"line":33,"column":null}},"26":{"start":{"line":34,"column":4},"end":{"line":34,"column":null}},"27":{"start":{"line":35,"column":4},"end":{"line":35,"column":null}},"28":{"start":{"line":36,"column":4},"end":{"line":36,"column":null}},"29":{"start":{"line":37,"column":4},"end":{"line":37,"column":null}},"30":{"start":{"line":38,"column":4},"end":{"line":38,"column":null}},"31":{"start":{"line":39,"column":4},"end":{"line":39,"column":null}},"32":{"start":{"line":40,"column":4},"end":{"line":40,"column":null}},"33":{"start":{"line":41,"column":4},"end":{"line":41,"column":null}},"34":{"start":{"line":42,"column":4},"end":{"line":42,"column":null}},"35":{"start":{"line":43,"column":4},"end":{"line":43,"column":null}},"36":{"start":{"line":53,"column":4},"end":{"line":53,"column":22}},"37":{"start":{"line":55,"column":4},"end":{"line":55,"column":22}},"38":{"start":{"line":57,"column":4},"end":{"line":57,"column":28}},"39":{"start":{"line":59,"column":4},"end":{"line":59,"column":27}},"40":{"start":{"line":63,"column":4},"end":{"line":63,"column":27}},"41":{"start":{"line":64,"column":4},"end":{"line":64,"column":28}},"42":{"start":{"line":87,"column":8},"end":{"line":87,"column":33}},"43":{"start":{"line":88,"column":8},"end":{"line":88,"column":31}},"44":{"start":{"line":89,"column":8},"end":{"line":89,"column":35}},"45":{"start":{"line":90,"column":8},"end":{"line":90,"column":49}},"46":{"start":{"line":91,"column":8},"end":{"line":91,"column":31}},"47":{"start":{"line":92,"column":8},"end":{"line":92,"column":55}},"48":{"start":{"line":93,"column":8},"end":{"line":93,"column":39}},"49":{"start":{"line":94,"column":8},"end":{"line":94,"column":58}},"50":{"start":{"line":95,"column":8},"end":{"line":95,"column":37}},"51":{"start":{"line":96,"column":8},"end":{"line":96,"column":33}},"52":{"start":{"line":97,"column":8},"end":{"line":97,"column":33}},"53":{"start":{"line":98,"column":8},"end":{"line":98,"column":49}},"54":{"start":{"line":99,"column":8},"end":{"line":99,"column":52}},"55":{"start":{"line":51,"column":0},"end":{"line":51,"column":13}}},"fnMap":{"0":{"name":"(anonymous_0)","decl":{"start":{"line":8,"column":0},"end":{"line":8,"column":12}},"loc":{"start":{"line":8,"column":21},"end":{"line":44,"column":1}}},"1":{"name":"(anonymous_1)","decl":{"start":{"line":72,"column":4},"end":{"line":72,"column":16}},"loc":{"start":{"line":86,"column":5},"end":{"line":100,"column":5}}}},"branchMap":{"0":{"loc":{"start":{"line":8,"column":12},"end":{"line":8,"column":null}},"type":"binary-expr","locations":[{"start":{"line":8,"column":12},"end":{"line":8,"column":21}},{"start":{"line":8,"column":21},"end":{"line":8,"column":null}}]},"1":{"loc":{"start":{"line":90,"column":21},"end":{"line":90,"column":48}},"type":"binary-expr","locations":[{"start":{"line":90,"column":21},"end":{"line":90,"column":34}},{"start":{"line":90,"column":38},"end":{"line":90,"column":48}}]},"2":{"loc":{"start":{"line":92,"column":23},"end":{"line":92,"column":54}},"type":"binary-expr","locations":[{"start":{"line":92,"column":23},"end":{"line":92,"column":38}},{"start":{"line":92,"column":42},"end":{"line":92,"column":54}}]},"3":{"loc":{"start":{"line":94,"column":24},"end":{"line":94,"column":57}},"type":"binary-expr","locations":[{"start":{"line":94,"column":24},"end":{"line":94,"column":40}},{"start":{"line":94,"column":44},"end":{"line":94,"column":57}}]},"4":{"loc":{"start":{"line":98,"column":21},"end":{"line":98,"column":48}},"type":"binary-expr","locations":[{"start":{"line":98,"column":21},"end":{"line":98,"column":34}},{"start":{"line":98,"column":38},"end":{"line":98,"column":48}}]},"5":{"loc":{"start":{"line":99,"column":22},"end":{"line":99,"column":51}},"type":"binary-expr","locations":[{"start":{"line":99,"column":22},"end":{"line":99,"column":36}},{"start":{"line":99,"column":40},"end":{"line":99,"column":51}}]}},"s":{"0":1,"1":1,"2":1,"3":1,"4":1,"5":1,"6":1,"7":1,"8":1,"9":1,"10":1,"11":1,"12":1,"13":1,"14":1,"15":1,"16":1,"17":1,"18":1,"19":1,"20":1,"21":1,"22":1,"23":1,"24":1,"25":1,"26":1,"27":1,"28":1,"29":1,"30":1,"31":1,"32":1,"33":1,"34":1,"35":1,"36":18,"37":18,"38":18,"39":18,"40":18,"41":18,"42":18,"43":18,"44":18,"45":18,"46":18,"47":18,"48":18,"49":18,"50":18,"51":18,"52":18,"53":18,"54":18,"55":1},"f":{"0":1,"1":18},"b":{"0":[1,1],"1":[18,18],"2":[18,6],"3":[18,18],"4":[18,6],"5":[18,18]}}
}
