TN:
SF:command/priority.ts
FNF:0
FNH:0
DA:5,1
LF:1
LH:1
BRF:0
BRH:0
end_of_record
TN:
SF:core/parser.ts
FN:32,(anonymous_0)
FN:49,(anonymous_1)
FN:72,(anonymous_2)
FN:76,(anonymous_3)
FN:97,(anonymous_4)
FNF:5
FNH:4
FNDA:1,(anonymous_0)
FNDA:1,(anonymous_1)
FNDA:6,(anonymous_2)
FNDA:9,(anonymous_3)
FNDA:0,(anonymous_4)
DA:3,1
DA:4,1
DA:5,1
DA:6,1
DA:7,1
DA:8,1
DA:9,1
DA:10,1
DA:11,1
DA:12,1
DA:13,1
DA:14,1
DA:15,1
DA:16,1
DA:17,1
DA:24,1
DA:28,1
DA:29,1
DA:30,1
DA:33,1
DA:35,1
DA:36,1
DA:37,1
DA:38,1
DA:39,1
DA:40,1
DA:41,1
DA:43,1
DA:44,1
DA:45,1
DA:46,1
DA:50,1
DA:51,1
DA:52,1
DA:53,1
DA:54,6
DA:55,6
DA:59,1
DA:60,0
DA:68,1
DA:74,6
DA:76,6
DA:77,9
DA:79,3
DA:86,6
DA:87,0
DA:94,6
DA:98,0
LF:48
LH:45
BRDA:32,0,0,1
BRDA:33,1,0,1
BRDA:33,1,1,1
BRDA:59,2,0,0
BRDA:77,3,0,3
BRDA:77,4,0,9
BRDA:77,4,1,6
BRDA:79,5,0,3
BRDA:79,5,1,0
BRDA:86,6,0,0
BRF:10
BRH:7
end_of_record
TN:
SF:core/state.ts
FN:5,(anonymous_0)
FN:38,(anonymous_1)
FN:43,(anonymous_2)
FN:48,(anonymous_3)
FN:53,(anonymous_4)
FN:58,(anonymous_5)
FN:63,(anonymous_6)
FN:68,(anonymous_7)
FN:73,(anonymous_8)
FN:78,(anonymous_9)
FN:83,(anonymous_10)
FN:88,(anonymous_11)
FN:98,(anonymous_12)
FN:103,(anonymous_13)
FN:109,(anonymous_14)
FN:118,(anonymous_15)
FN:126,(anonymous_16)
FN:131,(anonymous_17)
FN:148,(anonymous_18)
FN:155,(anonymous_19)
FN:160,(anonymous_20)
FN:165,(anonymous_21)
FN:170,(anonymous_22)
FN:175,(anonymous_23)
FN:180,(anonymous_24)
FN:199,(anonymous_25)
FN:203,(anonymous_26)
FN:209,(anonymous_27)
FN:213,(anonymous_28)
FN:217,(anonymous_29)
FN:222,(anonymous_30)
FNF:31
FNH:12
FNDA:2,(anonymous_0)
FNDA:31,(anonymous_1)
FNDA:3,(anonymous_2)
FNDA:10,(anonymous_3)
FNDA:3,(anonymous_4)
FNDA:3,(anonymous_5)
FNDA:3,(anonymous_6)
FNDA:0,(anonymous_7)
FNDA:0,(anonymous_8)
FNDA:0,(anonymous_9)
FNDA:0,(anonymous_10)
FNDA:0,(anonymous_11)
FNDA:3,(anonymous_12)
FNDA:0,(anonymous_13)
FNDA:0,(anonymous_14)
FNDA:0,(anonymous_15)
FNDA:0,(anonymous_16)
FNDA:0,(anonymous_17)
FNDA:0,(anonymous_18)
FNDA:0,(anonymous_19)
FNDA:6,(anonymous_20)
FNDA:0,(anonymous_21)
FNDA:0,(anonymous_22)
FNDA:0,(anonymous_23)
FNDA:0,(anonymous_24)
FNDA:0,(anonymous_25)
FNDA:0,(anonymous_26)
FNDA:1,(anonymous_27)
FNDA:3,(anonymous_28)
FNDA:3,(anonymous_29)
FNDA:0,(anonymous_30)
DA:5,1
DA:6,2
DA:7,2
DA:8,2
DA:39,31
DA:44,3
DA:49,10
DA:54,3
DA:59,3
DA:64,3
DA:69,0
DA:74,0
DA:79,0
DA:84,0
DA:89,0
DA:90,0
DA:91,0
DA:92,0
DA:93,0
DA:99,3
DA:104,0
DA:105,0
DA:110,0
DA:111,0
DA:113,0
DA:114,0
DA:119,0
DA:120,0
DA:121,0
DA:127,0
DA:132,0
DA:149,0
DA:150,0
DA:156,0
DA:161,6
DA:166,0
DA:171,0
DA:176,0
DA:181,0
DA:200,0
DA:204,0
DA:208,2
DA:210,1
DA:214,3
DA:218,3
DA:223,0
DA:224,0
DA:225,0
DA:226,0
DA:229,0
DA:230,0
DA:233,0
DA:236,0
DA:237,0
LF:54
LH:16
BRDA:90,0,0,0
BRDA:105,1,0,0
BRDA:105,1,1,0
BRDA:110,2,0,0
BRDA:119,3,0,0
BRDA:149,4,0,0
BRDA:181,5,0,0
BRDA:181,5,1,0
BRF:8
BRH:0
end_of_record
TN:
SF:core/fsm/fsm-manager.ts
FN:14,(anonymous_0)
FN:18,(anonymous_1)
FN:25,(anonymous_2)
FN:29,(anonymous_3)
FN:35,(anonymous_4)
FNF:5
FNH:0
FNDA:0,(anonymous_0)
FNDA:0,(anonymous_1)
FNDA:0,(anonymous_2)
FNDA:0,(anonymous_3)
FNDA:0,(anonymous_4)
DA:15,0
DA:19,0
DA:20,0
DA:22,0
DA:26,0
DA:31,0
DA:32,0
DA:37,0
LF:8
LH:0
BRDA:14,0,0,0
BRDA:19,1,0,0
BRDA:20,2,0,0
BRDA:20,2,1,0
BRF:4
BRH:0
end_of_record
TN:
SF:core/fsm/fsm.ts
FN:10,(anonymous_0)
FN:16,(anonymous_1)
FN:91,(anonymous_2)
FN:109,(anonymous_3)
FN:123,(anonymous_4)
FN:128,(anonymous_5)
FNF:6
FNH:4
FNDA:2,(anonymous_0)
FNDA:2,(anonymous_1)
FNDA:2,(anonymous_2)
FNDA:0,(anonymous_3)
FNDA:3,(anonymous_4)
FNDA:0,(anonymous_5)
DA:2,1
DA:5,1
DA:6,2
DA:11,2
DA:12,2
DA:18,2
DA:27,2
DA:38,2
DA:50,2
DA:63,2
DA:70,2
DA:76,2
DA:83,2
DA:92,2
DA:94,2
DA:95,0
DA:96,0
DA:100,2
DA:101,0
DA:104,2
DA:105,2
DA:106,2
DA:114,0
DA:117,0
DA:119,0
DA:124,3
DA:129,0
LF:27
LH:20
BRDA:94,0,0,0
BRDA:100,1,0,0
BRDA:100,2,0,2
BRDA:100,2,1,0
BRDA:114,3,0,0
BRDA:114,4,0,0
BRDA:114,4,1,0
BRDA:114,4,2,0
BRF:8
BRH:1
end_of_record
TN:
SF:core/fsm/manager.ts
FN:26,(anonymous_0)
FN:34,(anonymous_1)
FN:39,(anonymous_2)
FN:44,(anonymous_3)
FN:45,(anonymous_4)
FN:59,(anonymous_5)
FN:63,(anonymous_6)
FN:69,(anonymous_7)
FN:77,(anonymous_8)
FN:88,(anonymous_9)
FN:89,(anonymous_10)
FN:97,(anonymous_11)
FN:101,(anonymous_12)
FN:109,(anonymous_13)
FN:114,(anonymous_14)
FN:122,(anonymous_15)
FN:123,(anonymous_16)
FNF:17
FNH:0
FNDA:0,(anonymous_0)
FNDA:0,(anonymous_1)
FNDA:0,(anonymous_2)
FNDA:0,(anonymous_3)
FNDA:0,(anonymous_4)
FNDA:0,(anonymous_5)
FNDA:0,(anonymous_6)
FNDA:0,(anonymous_7)
FNDA:0,(anonymous_8)
FNDA:0,(anonymous_9)
FNDA:0,(anonymous_10)
FNDA:0,(anonymous_11)
FNDA:0,(anonymous_12)
FNDA:0,(anonymous_13)
FNDA:0,(anonymous_14)
FNDA:0,(anonymous_15)
FNDA:0,(anonymous_16)
DA:27,0
DA:28,0
DA:29,0
DA:30,0
DA:35,0
DA:40,0
DA:45,0
DA:46,0
DA:49,0
DA:50,0
DA:51,0
DA:52,0
DA:55,0
DA:60,0
DA:61,0
DA:63,0
DA:64,0
DA:65,0
DA:69,0
DA:70,0
DA:71,0
DA:78,0
DA:79,0
DA:81,0
DA:82,0
DA:83,0
DA:84,0
DA:86,0
DA:87,0
DA:88,0
DA:89,0
DA:92,0
DA:98,0
DA:102,0
DA:103,0
DA:105,0
DA:110,0
DA:115,0
DA:116,0
DA:117,0
DA:123,0
LF:41
LH:0
BRDA:46,0,0,0
BRDA:46,0,1,0
BRDA:49,1,0,0
BRDA:70,2,0,0
BRDA:70,3,0,0
BRDA:70,3,1,0
BRDA:83,4,0,0
BRDA:84,5,0,0
BRDA:102,6,0,0
BRDA:110,7,0,0
BRDA:110,7,1,0
BRDA:116,8,0,0
BRF:12
BRH:0
end_of_record
TN:
SF:core/fsm/state.ts
FN:8,(anonymous_0)
FN:45,(anonymous_1)
FNF:2
FNH:2
FNDA:1,(anonymous_0)
FNDA:1,(anonymous_1)
DA:8,1
DA:10,1
DA:13,1
DA:14,1
DA:15,1
DA:16,1
DA:17,1
DA:18,1
DA:19,1
DA:20,1
DA:21,1
DA:22,1
DA:23,1
DA:25,1
DA:28,1
DA:29,1
DA:30,1
DA:33,1
DA:36,1
DA:37,1
DA:38,1
DA:39,1
DA:40,1
DA:45,1
DA:47,1
DA:48,1
DA:49,1
DA:50,1
DA:51,1
DA:52,1
DA:53,1
DA:54,1
DA:55,1
DA:58,1
DA:59,1
DA:60,1
DA:61,1
DA:62,1
DA:63,1
DA:64,1
DA:65,1
DA:66,1
DA:67,1
DA:68,1
DA:69,1
DA:70,1
DA:73,1
DA:74,1
LF:48
LH:48
BRDA:8,0,0,1
BRDA:8,0,1,1
BRDA:45,1,0,1
BRDA:45,1,1,1
BRF:4
BRH:4
end_of_record
TN:
SF:core/renderer/baseRenderer.ts
FN:33,(anonymous_0)
FN:45,(anonymous_1)
FN:60,(anonymous_2)
FN:90,(anonymous_3)
FNF:4
FNH:4
FNDA:2,(anonymous_0)
FNDA:1,(anonymous_1)
FNDA:9,(anonymous_2)
FNDA:36,(anonymous_3)
DA:33,1
DA:38,2
DA:46,1
DA:47,1
DA:48,9
DA:50,1
DA:62,9
DA:63,0
DA:67,9
DA:68,9
DA:69,9
DA:73,0
DA:74,0
DA:75,0
DA:76,0
DA:78,0
DA:82,0
DA:91,36
LF:18
LH:11
BRDA:62,0,0,0
BRDA:68,1,0,9
BRDA:73,2,0,0
BRDA:73,3,0,0
BRDA:73,3,1,0
BRDA:82,4,0,0
BRDA:82,4,1,0
BRF:7
BRH:1
end_of_record
TN:
SF:core/renderer/codeRenderer.ts
FN:12,(anonymous_0)
FN:20,(anonymous_1)
FN:22,(anonymous_2)
FN:28,(anonymous_3)
FN:31,(anonymous_4)
FN:41,(anonymous_5)
FNF:6
FNH:2
FNDA:1,(anonymous_0)
FNDA:1,(anonymous_1)
FNDA:0,(anonymous_2)
FNDA:0,(anonymous_3)
FNDA:0,(anonymous_4)
FNDA:0,(anonymous_5)
DA:3,1
DA:4,1
DA:11,1
DA:13,1
DA:14,1
DA:22,1
DA:23,0
DA:24,0
DA:28,1
DA:31,1
DA:32,0
DA:42,0
LF:12
LH:8
BRDA:23,0,0,0
BRDA:23,0,1,0
BRDA:24,1,0,0
BRDA:24,1,1,0
BRDA:32,2,0,0
BRDA:32,2,1,0
BRF:6
BRH:0
end_of_record
TN:
SF:core/renderer/htmlRender.ts
FN:12,(anonymous_0)
FN:20,(anonymous_1)
FN:22,(anonymous_2)
FN:23,(anonymous_3)
FN:26,(anonymous_4)
FN:30,(anonymous_5)
FN:36,(anonymous_6)
FN:39,(anonymous_7)
FN:50,(anonymous_8)
FN:51,(anonymous_9)
FN:54,(anonymous_10)
FN:55,(anonymous_11)
FN:58,(anonymous_12)
FN:59,(anonymous_13)
FN:62,(anonymous_14)
FN:66,(anonymous_15)
FN:70,(anonymous_16)
FN:71,(anonymous_17)
FN:74,(anonymous_18)
FN:75,(anonymous_19)
FN:78,(anonymous_20)
FN:81,(anonymous_21)
FN:82,(anonymous_22)
FN:83,(anonymous_23)
FN:84,(anonymous_24)
FN:85,(anonymous_25)
FN:86,(anonymous_26)
FN:87,(anonymous_27)
FN:88,(anonymous_28)
FN:89,(anonymous_29)
FN:94,(anonymous_30)
FN:101,(anonymous_31)
FN:106,(anonymous_32)
FN:109,(anonymous_33)
FN:115,(anonymous_34)
FN:123,(anonymous_35)
FN:143,(anonymous_36)
FNF:37
FNH:7
FNDA:1,(anonymous_0)
FNDA:1,(anonymous_1)
FNDA:3,(anonymous_2)
FNDA:3,(anonymous_3)
FNDA:0,(anonymous_4)
FNDA:0,(anonymous_5)
FNDA:3,(anonymous_6)
FNDA:0,(anonymous_7)
FNDA:0,(anonymous_8)
FNDA:0,(anonymous_9)
FNDA:0,(anonymous_10)
FNDA:0,(anonymous_11)
FNDA:0,(anonymous_12)
FNDA:0,(anonymous_13)
FNDA:0,(anonymous_14)
FNDA:0,(anonymous_15)
FNDA:0,(anonymous_16)
FNDA:0,(anonymous_17)
FNDA:0,(anonymous_18)
FNDA:0,(anonymous_19)
FNDA:0,(anonymous_20)
FNDA:0,(anonymous_21)
FNDA:0,(anonymous_22)
FNDA:0,(anonymous_23)
FNDA:0,(anonymous_24)
FNDA:0,(anonymous_25)
FNDA:0,(anonymous_26)
FNDA:0,(anonymous_27)
FNDA:0,(anonymous_28)
FNDA:0,(anonymous_29)
FNDA:0,(anonymous_30)
FNDA:0,(anonymous_31)
FNDA:0,(anonymous_32)
FNDA:0,(anonymous_33)
FNDA:0,(anonymous_34)
FNDA:3,(anonymous_35)
FNDA:3,(anonymous_36)
DA:3,1
DA:4,1
DA:11,1
DA:13,1
DA:14,1
DA:22,3
DA:23,3
DA:26,1
DA:27,0
DA:28,0
DA:30,1
DA:31,0
DA:32,0
DA:36,3
DA:39,1
DA:40,0
DA:41,0
DA:42,0
DA:43,0
DA:46,0
DA:50,1
DA:51,1
DA:54,1
DA:55,1
DA:58,1
DA:59,1
DA:62,1
DA:63,0
DA:64,0
DA:66,1
DA:67,0
DA:68,0
DA:70,1
DA:71,1
DA:74,1
DA:75,1
DA:78,1
DA:81,1
DA:82,1
DA:83,1
DA:84,1
DA:85,1
DA:86,1
DA:87,1
DA:88,1
DA:89,1
DA:90,0
DA:91,0
DA:92,0
DA:94,1
DA:95,0
DA:96,0
DA:97,0
DA:101,1
DA:102,0
DA:103,0
DA:104,0
DA:106,1
DA:109,1
DA:110,0
DA:111,0
DA:112,0
DA:113,0
DA:115,1
DA:124,3
DA:125,3
DA:128,0
DA:129,0
DA:130,0
DA:131,0
DA:133,0
DA:135,0
DA:144,3
LF:73
LH:41
BRDA:27,0,0,0
BRDA:27,0,1,0
BRDA:31,1,0,0
BRDA:31,1,1,0
BRDA:36,2,0,3
BRDA:36,2,1,0
BRDA:41,3,0,0
BRDA:41,4,0,0
BRDA:41,4,1,0
BRDA:64,5,0,0
BRDA:64,5,1,0
BRDA:68,6,0,0
BRDA:68,6,1,0
BRDA:91,7,0,0
BRDA:91,7,1,0
BRDA:96,8,0,0
BRDA:96,8,1,0
BRDA:102,9,0,0
BRDA:102,9,1,0
BRDA:103,10,0,0
BRDA:103,10,1,0
BRDA:110,11,0,0
BRDA:110,11,1,0
BRDA:111,12,0,0
BRDA:111,12,1,0
BRDA:112,13,0,0
BRDA:112,13,1,0
BRDA:124,14,0,3
BRDA:124,15,0,3
BRDA:124,15,1,0
BRDA:130,16,0,0
BRDA:130,17,0,0
BRDA:130,17,1,0
BRDA:130,17,2,0
BRDA:130,17,3,0
BRF:35
BRH:3
end_of_record
TN:
SF:core/renderer/rendererManager.ts
FN:11,(anonymous_0)
FN:25,(anonymous_1)
FN:36,(anonymous_2)
FN:44,(anonymous_3)
FN:56,(anonymous_4)
FN:69,(anonymous_5)
FN:79,(anonymous_6)
FNF:7
FNH:6
FNDA:1,(anonymous_0)
FNDA:1,(anonymous_1)
FNDA:2,(anonymous_2)
FNDA:0,(anonymous_3)
FNDA:1,(anonymous_4)
FNDA:1,(anonymous_5)
FNDA:1,(anonymous_6)
DA:5,1
DA:6,1
DA:11,1
DA:12,1
DA:13,1
DA:21,1
DA:22,1
DA:23,1
DA:27,1
DA:28,1
DA:37,2
DA:45,0
DA:46,0
DA:48,0
DA:57,1
DA:58,1
DA:59,0
DA:61,1
DA:70,1
DA:80,1
DA:81,1
LF:21
LH:17
BRDA:11,0,0,1
BRDA:11,0,1,1
BRDA:45,1,0,0
BRDA:58,2,0,0
BRF:4
BRH:2
end_of_record
TN:
SF:parser/block/index.ts
FN:8,(anonymous_0)
FN:40,(anonymous_1)
FN:72,renderTokensToHTML
FN:97,renderOpeningTag
FN:102,(anonymous_4)
FN:109,renderClosingTag
FNF:6
FNH:5
FNDA:1,(anonymous_0)
FNDA:6,(anonymous_1)
FNDA:1,renderTokensToHTML
FNDA:2,renderOpeningTag
FNDA:0,(anonymous_4)
FNDA:2,renderClosingTag
DA:8,1
DA:9,1
DA:10,1
DA:11,1
DA:19,1
DA:21,6
DA:23,6
DA:25,6
DA:27,6
DA:31,6
DA:32,6
DA:55,6
DA:56,6
DA:57,6
DA:58,6
DA:59,6
DA:60,6
DA:61,6
DA:62,6
DA:63,6
DA:64,6
DA:65,6
DA:66,6
DA:67,6
DA:73,1
DA:74,1
DA:75,6
DA:77,2
DA:78,2
DA:80,2
DA:81,2
DA:83,2
DA:84,2
DA:87,0
DA:88,0
DA:89,0
DA:90,0
DA:93,1
DA:98,2
DA:99,2
DA:100,2
DA:101,0
DA:102,0
DA:105,2
DA:110,2
DA:111,2
DA:115,1
DA:124,1
DA:125,1
LF:49
LH:43
BRDA:8,0,0,1
BRDA:8,0,1,1
BRDA:58,1,0,6
BRDA:58,1,1,6
BRDA:60,2,0,6
BRDA:60,2,1,6
BRDA:62,3,0,6
BRDA:62,3,1,6
BRDA:66,4,0,6
BRDA:66,4,1,6
BRDA:67,5,0,6
BRDA:67,5,1,6
BRDA:75,6,0,2
BRDA:75,6,1,2
BRDA:75,6,2,2
BRDA:75,6,3,0
BRDA:80,7,0,2
BRDA:80,7,1,0
BRDA:98,8,0,0
BRDA:100,9,0,0
BRDA:105,10,0,0
BRDA:105,10,1,2
BRDA:110,11,0,0
BRF:23
BRH:17
end_of_record
TN:
SF:parser/block/state.ts
FN:20,(anonymous_0)
FN:35,(anonymous_1)
FN:40,(anonymous_2)
FN:43,(anonymous_3)
FN:44,(anonymous_4)
FN:45,(anonymous_5)
FN:49,(anonymous_6)
FN:74,(anonymous_7)
FNF:8
FNH:8
FNDA:6,(anonymous_0)
FNDA:1,(anonymous_1)
FNDA:7,(anonymous_2)
FNDA:28,(anonymous_3)
FNDA:26,(anonymous_4)
FNDA:28,(anonymous_5)
FNDA:6,(anonymous_6)
FNDA:6,(anonymous_7)
DA:3,1
DA:5,1
DA:6,1
DA:11,1
DA:13,6
DA:21,6
DA:30,1
DA:31,1
DA:36,1
DA:37,1
DA:42,7
DA:43,28
DA:44,26
DA:45,28
DA:51,6
DA:55,6
DA:56,24
DA:57,6
DA:58,6
DA:61,6
DA:62,0
DA:63,0
DA:64,0
DA:67,6
DA:70,0
DA:75,6
DA:76,3
DA:77,3
DA:78,0
DA:80,3
DA:81,0
DA:83,3
DA:84,3
DA:85,3
LF:34
LH:28
BRDA:21,0,0,6
BRDA:21,0,1,0
BRDA:56,1,0,6
BRDA:61,2,0,0
BRDA:61,3,0,6
BRDA:61,3,1,0
BRDA:75,4,0,3
BRDA:76,5,0,0
BRDA:77,6,0,0
BRDA:77,7,0,3
BRDA:77,7,1,0
BRDA:80,8,0,0
BRDA:83,9,0,0
BRDA:84,10,0,0
BRF:14
BRH:5
end_of_record
TN:
SF:parser/block/rules/base.ts
FN:16,(anonymous_0)
FN:22,(anonymous_1)
FNF:2
FNH:1
FNDA:6,(anonymous_0)
FNDA:0,(anonymous_1)
DA:8,1
DA:9,1
DA:10,1
DA:11,1
DA:12,1
DA:13,1
DA:15,1
DA:17,6
DA:19,6
DA:24,0
DA:25,0
DA:26,0
DA:27,0
DA:28,0
DA:29,0
DA:31,0
LF:16
LH:9
BRDA:24,0,0,0
BRF:1
BRH:0
end_of_record
TN:
SF:parser/block/rules/empty.ts
FN:12,(anonymous_0)
FN:15,(anonymous_1)
FN:18,(anonymous_2)
FNF:3
FNH:3
FNDA:1,(anonymous_0)
FNDA:6,(anonymous_1)
FNDA:3,(anonymous_2)
DA:2,1
DA:4,1
DA:12,1
DA:13,1
DA:16,6
DA:20,3
DA:21,3
DA:22,3
DA:24,0
DA:25,0
LF:10
LH:8
BRDA:20,0,0,3
BRF:1
BRH:1
end_of_record
TN:
SF:parser/block/rules/heading.ts
FN:16,(anonymous_0)
FN:20,(anonymous_1)
FN:28,(anonymous_2)
FNF:3
FNH:2
FNDA:1,(anonymous_0)
FNDA:3,(anonymous_1)
FNDA:0,(anonymous_2)
DA:1,1
DA:2,1
DA:4,1
DA:12,1
DA:14,1
DA:17,1
DA:24,3
DA:29,0
DA:30,0
DA:31,0
DA:32,0
DA:33,0
DA:35,0
LF:13
LH:7
BRF:0
BRH:0
end_of_record
TN:
SF:parser/block/rules/horizontal.ts
FN:9,(anonymous_0)
FN:13,(anonymous_1)
FN:17,(anonymous_2)
FNF:3
FNH:2
FNDA:1,(anonymous_0)
FNDA:3,(anonymous_1)
FNDA:0,(anonymous_2)
DA:1,1
DA:3,1
DA:4,1
DA:6,1
DA:7,1
DA:10,1
DA:14,3
DA:19,0
DA:20,0
DA:21,0
DA:23,0
LF:11
LH:7
BRF:0
BRH:0
end_of_record
TN:
SF:parser/block/rules/list.ts
FN:19,(anonymous_0)
FN:24,(anonymous_1)
FN:33,(anonymous_2)
FNF:3
FNH:2
FNDA:1,(anonymous_0)
FNDA:3,(anonymous_1)
FNDA:0,(anonymous_2)
DA:8,1
DA:10,1
DA:11,1
DA:13,1
DA:14,1
DA:15,1
DA:16,1
DA:17,1
DA:20,1
DA:26,3
DA:27,0
DA:29,3
DA:34,0
DA:39,0
DA:40,0
DA:41,0
DA:42,0
DA:43,0
DA:44,0
DA:46,0
DA:49,0
DA:50,0
DA:53,0
DA:55,0
DA:56,0
DA:57,0
DA:70,0
DA:72,0
DA:73,0
DA:85,0
DA:91,0
LF:31
LH:11
BRDA:26,0,0,0
BRDA:29,1,0,3
BRDA:29,1,1,3
BRDA:39,2,0,0
BRDA:39,2,1,0
BRDA:42,3,0,0
BRDA:42,3,1,0
BRDA:53,4,0,0
BRDA:55,5,0,0
BRDA:55,5,1,0
BRDA:55,5,2,0
BRDA:60,6,0,0
BRDA:60,6,1,0
BRDA:70,7,0,0
BRDA:70,8,0,0
BRDA:70,8,1,0
BRDA:70,8,2,0
BRDA:76,9,0,0
BRDA:76,9,1,0
BRF:19
BRH:2
end_of_record
TN:
SF:parser/block/rules/paragraph.ts
FN:16,(anonymous_0)
FN:19,(anonymous_1)
FN:33,(anonymous_2)
FNF:3
FNH:3
FNDA:1,(anonymous_0)
FNDA:3,(anonymous_1)
FNDA:3,(anonymous_2)
DA:2,1
DA:3,1
DA:5,1
DA:6,1
DA:14,1
DA:17,1
DA:21,3
DA:22,0
DA:26,3
DA:27,0
DA:31,3
DA:34,3
DA:35,3
DA:38,3
DA:39,0
DA:40,0
DA:46,0
DA:50,3
DA:51,3
DA:52,3
DA:61,3
DA:67,3
LF:22
LH:17
BRDA:21,0,0,0
BRDA:26,1,0,0
BRDA:31,2,0,3
BRDA:31,2,1,3
BRDA:31,2,2,3
BRDA:31,2,3,3
BRDA:38,3,0,0
BRDA:38,4,0,3
BRDA:38,4,1,0
BRDA:50,5,0,3
BRF:10
BRH:6
end_of_record
TN:
SF:parser/block/rules/quote.ts
FN:14,(anonymous_0)
FN:18,(anonymous_1)
FN:23,(anonymous_2)
FN:59,(anonymous_3)
FN:70,(anonymous_4)
FNF:5
FNH:2
FNDA:1,(anonymous_0)
FNDA:3,(anonymous_1)
FNDA:0,(anonymous_2)
FNDA:0,(anonymous_3)
FNDA:0,(anonymous_4)
DA:1,1
DA:3,1
DA:4,1
DA:11,1
DA:12,1
DA:15,1
DA:19,3
DA:20,3
DA:24,0
DA:25,0
DA:26,0
DA:29,0
DA:31,0
DA:34,0
DA:35,0
DA:36,0
DA:40,0
DA:41,0
DA:42,0
DA:46,0
DA:55,0
DA:60,0
DA:71,0
LF:23
LH:8
BRF:0
BRH:0
end_of_record
TN:
SF:parser/block/rules/table.ts
FN:17,(anonymous_0)
FN:21,(anonymous_1)
FN:49,(anonymous_2)
FN:55,(anonymous_3)
FN:66,(anonymous_4)
FN:72,(anonymous_5)
FN:76,(anonymous_6)
FN:133,(anonymous_7)
FN:138,(anonymous_8)
FN:154,(anonymous_9)
FN:156,(anonymous_10)
FN:171,(anonymous_11)
FN:176,(anonymous_12)
FN:197,(anonymous_13)
FN:239,(anonymous_14)
FNF:15
FNH:2
FNDA:1,(anonymous_0)
FNDA:3,(anonymous_1)
FNDA:0,(anonymous_2)
FNDA:0,(anonymous_3)
FNDA:0,(anonymous_4)
FNDA:0,(anonymous_5)
FNDA:0,(anonymous_6)
FNDA:0,(anonymous_7)
FNDA:0,(anonymous_8)
FNDA:0,(anonymous_9)
FNDA:0,(anonymous_10)
FNDA:0,(anonymous_11)
FNDA:0,(anonymous_12)
FNDA:0,(anonymous_13)
FNDA:0,(anonymous_14)
DA:5,1
DA:7,1
DA:8,1
DA:10,1
DA:11,1
DA:13,1
DA:14,1
DA:15,1
DA:18,1
DA:22,3
DA:25,3
DA:26,0
DA:30,3
DA:31,3
DA:34,0
DA:35,0
DA:39,0
DA:41,0
DA:50,0
DA:51,0
DA:55,0
DA:56,0
DA:57,0
DA:68,0
DA:70,0
DA:72,0
DA:77,0
DA:80,0
DA:81,0
DA:82,0
DA:85,0
DA:86,0
DA:87,0
DA:88,0
DA:90,0
DA:91,0
DA:92,0
DA:95,0
DA:96,0
DA:97,0
DA:98,0
DA:99,0
DA:100,0
DA:101,0
DA:102,0
DA:104,0
DA:106,0
DA:109,0
DA:111,0
DA:115,0
DA:116,0
DA:123,0
DA:125,0
DA:134,0
DA:135,0
DA:136,0
DA:137,0
DA:138,0
DA:139,0
DA:145,0
DA:146,0
DA:149,0
DA:150,0
DA:155,0
DA:156,0
DA:157,0
DA:158,0
DA:159,0
DA:172,0
DA:173,0
DA:175,0
DA:176,0
DA:177,0
DA:178,0
DA:184,0
DA:185,0
DA:188,0
DA:198,0
DA:200,0
DA:203,0
DA:204,0
DA:207,0
DA:208,0
DA:209,0
DA:210,0
DA:211,0
DA:212,0
DA:213,0
DA:214,0
DA:216,0
DA:217,0
DA:219,0
DA:220,0
DA:222,0
DA:224,0
DA:226,0
DA:227,0
DA:228,0
DA:234,0
DA:236,0
DA:240,0
LF:101
LH:13
BRDA:25,0,0,0
BRDA:31,1,0,3
BRDA:34,2,0,0
BRDA:34,3,0,0
BRDA:34,3,1,0
BRDA:39,4,0,0
BRDA:57,5,0,0
BRDA:57,5,1,0
BRDA:80,6,0,0
BRDA:80,6,1,0
BRDA:82,7,0,0
BRDA:82,8,0,0
BRDA:82,8,1,0
BRDA:100,9,0,0
BRDA:100,9,1,0
BRDA:123,10,0,0
BRDA:123,10,1,0
BRDA:157,11,0,0
BRDA:157,11,1,0
BRDA:158,12,0,0
BRDA:158,12,1,0
BRDA:159,13,0,0
BRDA:159,13,1,0
BRDA:177,14,0,0
BRDA:177,14,1,0
BRDA:200,15,0,0
BRDA:203,16,0,0
BRDA:203,17,0,0
BRDA:203,17,1,0
BRDA:214,18,0,0
BRDA:219,19,0,0
BRDA:219,19,1,0
BRDA:220,20,0,0
BRDA:227,21,0,0
BRDA:234,22,0,0
BRDA:240,23,0,0
BRDA:240,23,1,0
BRDA:240,23,2,0
BRDA:240,23,3,0
BRF:39
BRH:1
end_of_record
TN:
SF:parser/inline/index.ts
FN:11,(anonymous_0)
FN:26,(anonymous_1)
FN:34,(anonymous_2)
FN:43,(anonymous_3)
FN:52,(anonymous_4)
FN:55,(anonymous_5)
FN:63,(anonymous_6)
FN:74,(anonymous_7)
FN:100,(anonymous_8)
FN:108,(anonymous_9)
FNF:10
FNH:6
FNDA:1,(anonymous_0)
FNDA:7,(anonymous_1)
FNDA:0,(anonymous_2)
FNDA:0,(anonymous_3)
FNDA:4,(anonymous_4)
FNDA:6,(anonymous_5)
FNDA:3,(anonymous_6)
FNDA:3,(anonymous_7)
FNDA:0,(anonymous_8)
FNDA:0,(anonymous_9)
DA:4,1
DA:11,1
DA:12,1
DA:13,1
DA:14,1
DA:15,1
DA:16,1
DA:17,1
DA:22,1
DA:23,7
DA:27,7
DA:35,0
DA:44,0
DA:53,4
DA:54,4
DA:55,6
DA:65,3
DA:66,3
DA:75,3
DA:76,35
DA:77,35
DA:78,140
DA:79,0
DA:80,0
DA:81,0
DA:82,0
DA:85,35
DA:86,35
DA:87,35
DA:92,3
DA:93,3
DA:101,0
DA:109,0
LF:33
LH:25
BRDA:11,0,0,1
BRDA:11,0,1,1
BRDA:78,1,0,0
BRDA:85,2,0,35
BRF:4
BRH:3
end_of_record
TN:
SF:parser/inline/parserState.ts
FN:11,(anonymous_0)
FN:28,(anonymous_1)
FN:38,(anonymous_2)
FN:47,(anonymous_3)
FN:60,(anonymous_4)
FN:67,(anonymous_5)
FN:81,(anonymous_6)
FN:89,(anonymous_7)
FN:97,(anonymous_8)
FN:105,(anonymous_9)
FN:113,(anonymous_10)
FN:120,(anonymous_11)
FN:131,(anonymous_12)
FN:150,(anonymous_13)
FNF:14
FNH:8
FNDA:7,(anonymous_0)
FNDA:0,(anonymous_1)
FNDA:0,(anonymous_2)
FNDA:0,(anonymous_3)
FNDA:35,(anonymous_4)
FNDA:0,(anonymous_5)
FNDA:0,(anonymous_6)
FNDA:213,(anonymous_7)
FNDA:0,(anonymous_8)
FNDA:35,(anonymous_9)
FNDA:143,(anonymous_10)
FNDA:3,(anonymous_11)
FNDA:3,(anonymous_12)
FNDA:3,(anonymous_13)
DA:3,1
DA:4,1
DA:11,1
DA:13,7
DA:16,7
DA:19,7
DA:22,7
DA:29,0
DA:39,0
DA:49,0
DA:50,0
DA:51,0
DA:53,0
DA:61,35
DA:68,0
DA:69,0
DA:73,0
DA:82,0
DA:90,213
DA:98,0
DA:106,35
DA:114,143
DA:121,3
DA:122,3
DA:123,3
DA:124,3
DA:133,3
DA:134,0
DA:138,3
DA:139,0
DA:140,0
DA:144,3
DA:151,3
DA:152,3
DA:153,0
DA:154,0
DA:155,0
DA:156,0
DA:159,0
DA:160,0
DA:161,0
DA:162,0
DA:165,0
DA:166,0
DA:168,0
DA:169,0
DA:170,0
DA:171,0
DA:172,0
DA:176,0
LF:50
LH:20
BRDA:29,0,0,0
BRDA:29,0,1,0
BRDA:49,1,0,0
BRDA:49,2,0,0
BRDA:49,2,1,0
BRDA:68,3,0,0
BRDA:105,4,0,35
BRDA:133,5,0,3
BRDA:133,5,1,0
BRDA:139,6,0,0
BRDA:154,7,0,0
BRDA:161,8,0,0
BRDA:168,9,0,0
BRDA:176,10,0,0
BRDA:176,10,1,0
BRF:15
BRH:2
end_of_record
TN:
SF:parser/inline/state.ts
FN:10,(anonymous_0)
FN:19,(anonymous_1)
FN:27,(anonymous_2)
FN:39,(anonymous_3)
FNF:4
FNH:3
FNDA:4,(anonymous_0)
FNDA:4,(anonymous_1)
FNDA:0,(anonymous_2)
FNDA:1,(anonymous_3)
DA:4,1
DA:10,1
DA:11,4
DA:12,4
DA:20,4
DA:28,0
DA:39,1
DA:40,1
DA:41,1
DA:42,1
DA:43,1
DA:44,1
DA:45,1
DA:46,1
LF:14
LH:13
BRDA:39,0,0,1
BRDA:39,0,1,1
BRF:2
BRH:2
end_of_record
TN:
SF:parser/inline/tokenizer.ts
FN:20,(anonymous_0)
FN:27,(anonymous_1)
FN:44,(anonymous_2)
FN:59,(anonymous_3)
FN:73,(anonymous_4)
FN:81,(anonymous_5)
FN:94,(anonymous_6)
FNF:7
FNH:0
FNDA:0,(anonymous_0)
FNDA:0,(anonymous_1)
FNDA:0,(anonymous_2)
FNDA:0,(anonymous_3)
FNDA:0,(anonymous_4)
FNDA:0,(anonymous_5)
FNDA:0,(anonymous_6)
DA:13,0
DA:21,0
DA:28,0
DA:30,0
DA:31,0
DA:32,0
DA:33,0
DA:36,0
DA:37,0
DA:38,0
DA:45,0
DA:47,0
DA:48,0
DA:50,0
DA:51,0
DA:60,0
DA:61,0
DA:62,0
DA:63,0
DA:66,0
DA:74,0
DA:75,0
DA:82,0
DA:83,0
DA:86,0
DA:95,0
LF:26
LH:0
BRDA:45,0,0,0
BRDA:45,0,1,0
BRDA:60,1,0,0
BRDA:60,1,1,0
BRDA:62,2,0,0
BRDA:62,2,1,0
BRDA:82,3,0,0
BRF:7
BRH:0
end_of_record
TN:
SF:parser/inline/rules/del.ts
FN:10,(anonymous_0)
FN:14,(anonymous_1)
FN:18,(anonymous_2)
FN:36,(anonymous_3)
FNF:4
FNH:2
FNDA:1,(anonymous_0)
FNDA:35,(anonymous_1)
FNDA:0,(anonymous_2)
FNDA:0,(anonymous_3)
DA:1,1
DA:2,1
DA:3,1
DA:4,1
DA:10,1
DA:11,1
DA:12,1
DA:15,35
DA:20,0
DA:21,0
DA:23,0
DA:24,0
DA:26,0
DA:27,0
DA:28,0
DA:30,0
DA:31,0
DA:37,0
LF:18
LH:8
BRDA:15,0,0,35
BRDA:15,0,1,0
BRDA:26,1,0,0
BRDA:26,1,1,0
BRDA:38,2,0,0
BRDA:38,2,1,0
BRF:6
BRH:1
end_of_record
TN:
SF:parser/inline/rules/em.ts
FN:10,(anonymous_0)
FN:14,(anonymous_1)
FN:23,(anonymous_2)
FN:42,(anonymous_3)
FNF:4
FNH:2
FNDA:1,(anonymous_0)
FNDA:35,(anonymous_1)
FNDA:0,(anonymous_2)
FNDA:0,(anonymous_3)
DA:1,1
DA:2,1
DA:3,1
DA:4,1
DA:10,1
DA:11,1
DA:12,1
DA:16,35
DA:17,0
DA:20,35
DA:25,0
DA:26,0
DA:28,0
DA:29,0
DA:31,0
DA:32,0
DA:33,0
DA:36,0
DA:37,0
DA:38,0
DA:43,0
LF:21
LH:9
BRDA:16,0,0,0
BRDA:16,1,0,35
BRDA:16,1,1,32
BRDA:20,2,0,35
BRDA:20,2,1,0
BRDA:20,2,2,0
BRDA:31,3,0,0
BRDA:31,3,1,0
BRDA:44,4,0,0
BRDA:44,4,1,0
BRF:10
BRH:3
end_of_record
TN:
SF:parser/inline/rules/escape.ts
FN:10,(anonymous_0)
FN:14,(anonymous_1)
FN:18,(anonymous_2)
FN:43,(anonymous_3)
FNF:4
FNH:2
FNDA:1,(anonymous_0)
FNDA:35,(anonymous_1)
FNDA:0,(anonymous_2)
FNDA:0,(anonymous_3)
DA:1,1
DA:2,1
DA:3,1
DA:4,1
DA:10,1
DA:11,1
DA:12,1
DA:15,35
DA:20,0
DA:21,0
DA:24,0
DA:27,0
DA:29,0
DA:30,0
DA:33,0
DA:34,0
DA:37,0
DA:39,0
DA:45,0
LF:19
LH:8
BRDA:11,0,0,1
BRDA:11,0,1,0
BRDA:15,1,0,35
BRDA:15,1,1,0
BRDA:27,2,0,0
BRDA:33,3,0,0
BRDA:33,3,1,0
BRF:7
BRH:2
end_of_record
TN:
SF:parser/inline/rules/strong.ts
FN:10,(anonymous_0)
FN:15,(anonymous_1)
FN:25,(anonymous_2)
FN:47,(anonymous_3)
FNF:4
FNH:2
FNDA:1,(anonymous_0)
FNDA:35,(anonymous_1)
FNDA:0,(anonymous_2)
FNDA:0,(anonymous_3)
DA:1,1
DA:2,1
DA:3,1
DA:4,1
DA:10,1
DA:11,1
DA:12,1
DA:17,35
DA:18,0
DA:20,35
DA:21,35
DA:22,35
DA:27,0
DA:28,0
DA:30,0
DA:31,0
DA:35,0
DA:36,0
DA:37,0
DA:40,0
DA:41,0
DA:42,0
DA:43,0
DA:48,0
LF:24
LH:11
BRDA:17,0,0,0
BRDA:17,1,0,35
BRDA:17,1,1,32
BRDA:21,2,0,35
BRDA:21,2,1,0
BRDA:22,3,0,35
BRDA:22,3,1,0
BRDA:35,4,0,0
BRDA:35,4,1,0
BRDA:49,5,0,0
BRDA:49,5,1,0
BRF:11
BRH:4
end_of_record
TN:
SF:tokens/token.ts
FN:8,(anonymous_0)
FN:72,(anonymous_1)
FNF:2
FNH:2
FNDA:1,(anonymous_0)
FNDA:18,(anonymous_1)
DA:8,1
DA:9,1
DA:10,1
DA:11,1
DA:12,1
DA:13,1
DA:14,1
DA:15,1
DA:16,1
DA:17,1
DA:18,1
DA:19,1
DA:20,1
DA:21,1
DA:22,1
DA:23,1
DA:24,1
DA:25,1
DA:26,1
DA:27,1
DA:28,1
DA:29,1
DA:30,1
DA:31,1
DA:32,1
DA:33,1
DA:34,1
DA:35,1
DA:36,1
DA:37,1
DA:38,1
DA:39,1
DA:40,1
DA:41,1
DA:42,1
DA:43,1
DA:51,1
DA:53,18
DA:55,18
DA:57,18
DA:59,18
DA:63,18
DA:64,18
DA:87,18
DA:88,18
DA:89,18
DA:90,18
DA:91,18
DA:92,18
DA:93,18
DA:94,18
DA:95,18
DA:96,18
DA:97,18
DA:98,18
DA:99,18
LF:56
LH:56
BRDA:8,0,0,1
BRDA:8,0,1,1
BRDA:90,1,0,18
BRDA:90,1,1,18
BRDA:92,2,0,18
BRDA:92,2,1,6
BRDA:94,3,0,18
BRDA:94,3,1,18
BRDA:98,4,0,18
BRDA:98,4,1,6
BRDA:99,5,0,18
BRDA:99,5,1,18
BRF:12
BRH:12
end_of_record
