TN:
SF:index.ts
FN:31,(anonymous_0)
FN:35,(anonymous_1)
FNF:2
FNH:0
FNDA:0,(anonymous_0)
FNDA:0,(anonymous_1)
DA:26,0
DA:27,0
DA:29,0
DA:31,0
DA:32,0
DA:35,0
DA:36,0
DA:37,0
DA:38,0
LF:9
LH:0
BRDA:26,0,0,0
BRDA:26,1,0,0
BRDA:26,1,1,0
BRDA:26,1,2,0
BRF:4
BRH:0
end_of_record
TN:
SF:command/priority.ts
FNF:0
FNH:0
DA:5,1
LF:1
LH:1
BRF:0
BRH:0
end_of_record
TN:
SF:core/parser.ts
FN:32,(anonymous_0)
FN:50,(anonymous_1)
FN:80,(anonymous_2)
FN:93,(anonymous_3)
FN:97,(anonymous_4)
FN:121,(anonymous_5)
FNF:6
FNH:5
FNDA:1,(anonymous_0)
FNDA:1,(anonymous_1)
FNDA:1,(anonymous_2)
FNDA:5,(anonymous_3)
FNDA:55,(anonymous_4)
FNDA:0,(anonymous_5)
DA:3,1
DA:4,1
DA:5,1
DA:6,1
DA:7,1
DA:8,1
DA:9,1
DA:10,1
DA:11,1
DA:12,1
DA:13,1
DA:14,1
DA:15,1
DA:16,1
DA:17,1
DA:18,1
DA:25,1
DA:28,1
DA:29,1
DA:30,1
DA:33,1
DA:35,1
DA:36,1
DA:37,1
DA:38,1
DA:39,1
DA:40,1
DA:41,1
DA:43,1
DA:44,1
DA:45,1
DA:46,1
DA:47,1
DA:52,1
DA:54,1
DA:55,1
DA:56,1
DA:57,1
DA:58,5
DA:59,5
DA:63,1
DA:64,1
DA:72,1
DA:73,0
DA:76,1
DA:82,1
DA:85,1
DA:87,1
DA:88,0
DA:95,5
DA:97,5
DA:98,55
DA:100,0
DA:104,55
DA:110,5
DA:111,0
DA:118,5
DA:122,0
LF:58
LH:53
BRDA:32,0,0,1
BRDA:33,1,0,1
BRDA:33,1,1,1
BRDA:63,2,0,1
BRDA:72,3,0,0
BRDA:87,4,0,0
BRDA:98,5,0,0
BRDA:100,6,0,0
BRDA:100,6,1,0
BRDA:104,7,0,16
BRDA:110,8,0,0
BRF:11
BRH:5
end_of_record
TN:
SF:core/state.ts
FN:4,(anonymous_0)
FN:37,(anonymous_1)
FN:42,(anonymous_2)
FN:47,(anonymous_3)
FN:52,(anonymous_4)
FN:57,(anonymous_5)
FN:62,(anonymous_6)
FN:67,(anonymous_7)
FN:72,(anonymous_8)
FN:77,(anonymous_9)
FN:82,(anonymous_10)
FN:87,(anonymous_11)
FN:98,(anonymous_12)
FN:103,(anonymous_13)
FN:108,(anonymous_14)
FN:112,(anonymous_15)
FN:124,(anonymous_16)
FN:132,(anonymous_17)
FN:137,(anonymous_18)
FN:154,(anonymous_19)
FN:162,(anonymous_20)
FN:170,(anonymous_21)
FN:176,(anonymous_22)
FN:182,(anonymous_23)
FN:187,(anonymous_24)
FN:192,(anonymous_25)
FN:211,(anonymous_26)
FN:217,(anonymous_27)
FN:223,(anonymous_28)
FN:227,(anonymous_29)
FN:231,(anonymous_30)
FN:236,(anonymous_31)
FN:266,(anonymous_32)
FN:271,(anonymous_33)
FNF:34
FNH:15
FNDA:3,(anonymous_0)
FNDA:47,(anonymous_1)
FNDA:1,(anonymous_2)
FNDA:9,(anonymous_3)
FNDA:1,(anonymous_4)
FNDA:1,(anonymous_5)
FNDA:6,(anonymous_6)
FNDA:0,(anonymous_7)
FNDA:0,(anonymous_8)
FNDA:0,(anonymous_9)
FNDA:0,(anonymous_10)
FNDA:1,(anonymous_11)
FNDA:4,(anonymous_12)
FNDA:0,(anonymous_13)
FNDA:0,(anonymous_14)
FNDA:0,(anonymous_15)
FNDA:0,(anonymous_16)
FNDA:0,(anonymous_17)
FNDA:2,(anonymous_18)
FNDA:0,(anonymous_19)
FNDA:0,(anonymous_20)
FNDA:1,(anonymous_21)
FNDA:0,(anonymous_22)
FNDA:3,(anonymous_23)
FNDA:0,(anonymous_24)
FNDA:0,(anonymous_25)
FNDA:0,(anonymous_26)
FNDA:0,(anonymous_27)
FNDA:1,(anonymous_28)
FNDA:15,(anonymous_29)
FNDA:8,(anonymous_30)
FNDA:0,(anonymous_31)
FNDA:0,(anonymous_32)
FNDA:0,(anonymous_33)
DA:4,1
DA:5,3
DA:6,3
DA:7,3
DA:38,47
DA:43,1
DA:48,9
DA:53,1
DA:58,1
DA:63,6
DA:68,0
DA:73,0
DA:78,0
DA:83,0
DA:88,1
DA:89,1
DA:90,0
DA:91,0
DA:92,0
DA:94,1
DA:99,4
DA:104,0
DA:105,0
DA:109,0
DA:113,0
DA:114,0
DA:116,0
DA:117,0
DA:118,0
DA:119,0
DA:125,0
DA:126,0
DA:127,0
DA:133,0
DA:138,2
DA:155,0
DA:156,0
DA:163,0
DA:164,0
DA:165,0
DA:171,1
DA:172,1
DA:177,0
DA:178,0
DA:183,3
DA:188,0
DA:193,0
DA:212,0
DA:213,0
DA:214,0
DA:218,0
DA:222,3
DA:224,1
DA:228,15
DA:232,8
DA:238,0
DA:253,0
DA:254,0
DA:257,0
DA:260,0
DA:263,3
DA:267,0
DA:272,0
DA:273,0
DA:274,0
DA:276,0
DA:278,0
LF:67
LH:23
BRDA:89,0,0,0
BRDA:105,1,0,0
BRDA:105,1,1,0
BRDA:113,2,0,0
BRDA:118,3,0,0
BRDA:125,4,0,0
BRDA:155,5,0,0
BRDA:164,6,0,0
BRDA:193,7,0,0
BRDA:193,7,1,0
BRDA:272,8,0,0
BRDA:272,8,1,0
BRF:12
BRH:0
end_of_record
TN:
SF:core/fsm/fsm-manager.ts
FN:14,(anonymous_0)
FN:18,(anonymous_1)
FN:25,(anonymous_2)
FN:29,(anonymous_3)
FN:35,(anonymous_4)
FNF:5
FNH:0
FNDA:0,(anonymous_0)
FNDA:0,(anonymous_1)
FNDA:0,(anonymous_2)
FNDA:0,(anonymous_3)
FNDA:0,(anonymous_4)
DA:15,0
DA:19,0
DA:20,0
DA:22,0
DA:26,0
DA:31,0
DA:32,0
DA:37,0
LF:8
LH:0
BRDA:14,0,0,0
BRDA:19,1,0,0
BRDA:20,2,0,0
BRDA:20,2,1,0
BRF:4
BRH:0
end_of_record
TN:
SF:core/fsm/fsm.ts
FN:10,(anonymous_0)
FN:16,(anonymous_1)
FN:91,(anonymous_2)
FN:109,(anonymous_3)
FN:123,(anonymous_4)
FN:128,(anonymous_5)
FNF:6
FNH:4
FNDA:2,(anonymous_0)
FNDA:2,(anonymous_1)
FNDA:2,(anonymous_2)
FNDA:0,(anonymous_3)
FNDA:3,(anonymous_4)
FNDA:0,(anonymous_5)
DA:2,1
DA:5,1
DA:6,2
DA:11,2
DA:12,2
DA:18,2
DA:27,2
DA:38,2
DA:50,2
DA:63,2
DA:70,2
DA:76,2
DA:83,2
DA:92,2
DA:94,2
DA:95,0
DA:96,0
DA:100,2
DA:101,0
DA:104,2
DA:105,2
DA:106,2
DA:114,0
DA:117,0
DA:119,0
DA:124,3
DA:129,0
LF:27
LH:20
BRDA:94,0,0,0
BRDA:100,1,0,0
BRDA:100,2,0,2
BRDA:100,2,1,0
BRDA:114,3,0,0
BRDA:114,4,0,0
BRDA:114,4,1,0
BRDA:114,4,2,0
BRF:8
BRH:1
end_of_record
TN:
SF:core/fsm/manager.ts
FN:26,(anonymous_0)
FN:34,(anonymous_1)
FN:39,(anonymous_2)
FN:44,(anonymous_3)
FN:45,(anonymous_4)
FN:59,(anonymous_5)
FN:63,(anonymous_6)
FN:69,(anonymous_7)
FN:77,(anonymous_8)
FN:88,(anonymous_9)
FN:89,(anonymous_10)
FN:97,(anonymous_11)
FN:101,(anonymous_12)
FN:109,(anonymous_13)
FN:114,(anonymous_14)
FN:122,(anonymous_15)
FN:123,(anonymous_16)
FNF:17
FNH:0
FNDA:0,(anonymous_0)
FNDA:0,(anonymous_1)
FNDA:0,(anonymous_2)
FNDA:0,(anonymous_3)
FNDA:0,(anonymous_4)
FNDA:0,(anonymous_5)
FNDA:0,(anonymous_6)
FNDA:0,(anonymous_7)
FNDA:0,(anonymous_8)
FNDA:0,(anonymous_9)
FNDA:0,(anonymous_10)
FNDA:0,(anonymous_11)
FNDA:0,(anonymous_12)
FNDA:0,(anonymous_13)
FNDA:0,(anonymous_14)
FNDA:0,(anonymous_15)
FNDA:0,(anonymous_16)
DA:27,0
DA:28,0
DA:29,0
DA:30,0
DA:35,0
DA:40,0
DA:45,0
DA:46,0
DA:49,0
DA:50,0
DA:51,0
DA:52,0
DA:55,0
DA:60,0
DA:61,0
DA:63,0
DA:64,0
DA:65,0
DA:69,0
DA:70,0
DA:71,0
DA:78,0
DA:79,0
DA:81,0
DA:82,0
DA:83,0
DA:84,0
DA:86,0
DA:87,0
DA:88,0
DA:89,0
DA:92,0
DA:98,0
DA:102,0
DA:103,0
DA:105,0
DA:110,0
DA:115,0
DA:116,0
DA:117,0
DA:123,0
LF:41
LH:0
BRDA:46,0,0,0
BRDA:46,0,1,0
BRDA:49,1,0,0
BRDA:70,2,0,0
BRDA:70,3,0,0
BRDA:70,3,1,0
BRDA:83,4,0,0
BRDA:84,5,0,0
BRDA:102,6,0,0
BRDA:110,7,0,0
BRDA:110,7,1,0
BRDA:116,8,0,0
BRF:12
BRH:0
end_of_record
TN:
SF:core/fsm/state.ts
FN:8,(anonymous_0)
FN:45,(anonymous_1)
FNF:2
FNH:2
FNDA:1,(anonymous_0)
FNDA:1,(anonymous_1)
DA:8,1
DA:10,1
DA:13,1
DA:14,1
DA:15,1
DA:16,1
DA:17,1
DA:18,1
DA:19,1
DA:20,1
DA:21,1
DA:22,1
DA:23,1
DA:25,1
DA:28,1
DA:29,1
DA:30,1
DA:33,1
DA:36,1
DA:37,1
DA:38,1
DA:39,1
DA:40,1
DA:45,1
DA:47,1
DA:48,1
DA:49,1
DA:50,1
DA:51,1
DA:52,1
DA:53,1
DA:54,1
DA:55,1
DA:58,1
DA:59,1
DA:60,1
DA:61,1
DA:62,1
DA:63,1
DA:64,1
DA:65,1
DA:66,1
DA:67,1
DA:68,1
DA:69,1
DA:70,1
DA:73,1
DA:74,1
LF:48
LH:48
BRDA:8,0,0,1
BRDA:8,0,1,1
BRDA:45,1,0,1
BRDA:45,1,1,1
BRF:4
BRH:4
end_of_record
TN:
SF:core/renderer/baseRenderer.ts
FN:33,(anonymous_0)
FN:45,(anonymous_1)
FN:60,(anonymous_2)
FN:90,(anonymous_3)
FNF:4
FNH:4
FNDA:2,(anonymous_0)
FNDA:1,(anonymous_1)
FNDA:56,(anonymous_2)
FNDA:36,(anonymous_3)
DA:33,1
DA:38,2
DA:46,1
DA:47,1
DA:48,56
DA:50,1
DA:62,56
DA:63,0
DA:67,56
DA:68,56
DA:69,56
DA:73,0
DA:74,0
DA:75,0
DA:76,0
DA:78,0
DA:82,0
DA:91,36
LF:18
LH:11
BRDA:62,0,0,0
BRDA:68,1,0,56
BRDA:73,2,0,0
BRDA:73,3,0,0
BRDA:73,3,1,0
BRDA:82,4,0,0
BRDA:82,4,1,0
BRF:7
BRH:1
end_of_record
TN:
SF:core/renderer/codeRenderer.ts
FN:12,(anonymous_0)
FN:20,(anonymous_1)
FN:22,(anonymous_2)
FN:28,(anonymous_3)
FN:31,(anonymous_4)
FN:41,(anonymous_5)
FNF:6
FNH:2
FNDA:1,(anonymous_0)
FNDA:1,(anonymous_1)
FNDA:0,(anonymous_2)
FNDA:0,(anonymous_3)
FNDA:0,(anonymous_4)
FNDA:0,(anonymous_5)
DA:3,1
DA:4,1
DA:11,1
DA:13,1
DA:14,1
DA:22,1
DA:23,0
DA:24,0
DA:28,1
DA:31,1
DA:32,0
DA:42,0
LF:12
LH:8
BRDA:23,0,0,0
BRDA:23,0,1,0
BRDA:24,1,0,0
BRDA:24,1,1,0
BRDA:32,2,0,0
BRDA:32,2,1,0
BRF:6
BRH:0
end_of_record
TN:
SF:core/renderer/htmlRender.ts
FN:12,(anonymous_0)
FN:20,(anonymous_1)
FN:22,(anonymous_2)
FN:23,(anonymous_3)
FN:26,(anonymous_4)
FN:30,(anonymous_5)
FN:36,(anonymous_6)
FN:39,(anonymous_7)
FN:50,(anonymous_8)
FN:51,(anonymous_9)
FN:54,(anonymous_10)
FN:55,(anonymous_11)
FN:58,(anonymous_12)
FN:59,(anonymous_13)
FN:62,(anonymous_14)
FN:66,(anonymous_15)
FN:70,(anonymous_16)
FN:71,(anonymous_17)
FN:74,(anonymous_18)
FN:75,(anonymous_19)
FN:78,(anonymous_20)
FN:81,(anonymous_21)
FN:82,(anonymous_22)
FN:83,(anonymous_23)
FN:84,(anonymous_24)
FN:85,(anonymous_25)
FN:86,(anonymous_26)
FN:87,(anonymous_27)
FN:88,(anonymous_28)
FN:89,(anonymous_29)
FN:94,(anonymous_30)
FN:101,(anonymous_31)
FN:106,(anonymous_32)
FN:109,(anonymous_33)
FN:115,(anonymous_34)
FN:123,(anonymous_35)
FN:143,(anonymous_36)
FNF:37
FNH:17
FNDA:1,(anonymous_0)
FNDA:1,(anonymous_1)
FNDA:1,(anonymous_2)
FNDA:1,(anonymous_3)
FNDA:0,(anonymous_4)
FNDA:0,(anonymous_5)
FNDA:16,(anonymous_6)
FNDA:0,(anonymous_7)
FNDA:0,(anonymous_8)
FNDA:0,(anonymous_9)
FNDA:0,(anonymous_10)
FNDA:0,(anonymous_11)
FNDA:0,(anonymous_12)
FNDA:0,(anonymous_13)
FNDA:0,(anonymous_14)
FNDA:0,(anonymous_15)
FNDA:0,(anonymous_16)
FNDA:0,(anonymous_17)
FNDA:0,(anonymous_18)
FNDA:0,(anonymous_19)
FNDA:0,(anonymous_20)
FNDA:1,(anonymous_21)
FNDA:1,(anonymous_22)
FNDA:1,(anonymous_23)
FNDA:1,(anonymous_24)
FNDA:1,(anonymous_25)
FNDA:1,(anonymous_26)
FNDA:4,(anonymous_27)
FNDA:4,(anonymous_28)
FNDA:12,(anonymous_29)
FNDA:12,(anonymous_30)
FNDA:0,(anonymous_31)
FNDA:0,(anonymous_32)
FNDA:0,(anonymous_33)
FNDA:0,(anonymous_34)
FNDA:13,(anonymous_35)
FNDA:25,(anonymous_36)
DA:3,1
DA:4,1
DA:11,1
DA:13,1
DA:14,1
DA:22,1
DA:23,1
DA:26,1
DA:27,0
DA:28,0
DA:30,1
DA:31,0
DA:32,0
DA:36,16
DA:39,1
DA:40,0
DA:41,0
DA:42,0
DA:43,0
DA:46,0
DA:50,1
DA:51,1
DA:54,1
DA:55,1
DA:58,1
DA:59,1
DA:62,1
DA:63,0
DA:64,0
DA:66,1
DA:67,0
DA:68,0
DA:70,1
DA:71,1
DA:74,1
DA:75,1
DA:78,1
DA:81,1
DA:82,1
DA:83,1
DA:84,1
DA:85,1
DA:86,1
DA:87,4
DA:88,4
DA:89,1
DA:90,12
DA:91,12
DA:92,12
DA:94,1
DA:95,12
DA:96,12
DA:97,12
DA:101,1
DA:102,0
DA:103,0
DA:104,0
DA:106,1
DA:109,1
DA:110,0
DA:111,0
DA:112,0
DA:113,0
DA:115,1
DA:124,13
DA:125,4
DA:128,9
DA:129,9
DA:130,9
DA:131,0
DA:133,9
DA:135,9
DA:144,25
LF:73
LH:52
BRDA:27,0,0,0
BRDA:27,0,1,0
BRDA:31,1,0,0
BRDA:31,1,1,0
BRDA:36,2,0,16
BRDA:36,2,1,0
BRDA:41,3,0,0
BRDA:41,4,0,0
BRDA:41,4,1,0
BRDA:64,5,0,0
BRDA:64,5,1,0
BRDA:68,6,0,0
BRDA:68,6,1,0
BRDA:91,7,0,3
BRDA:91,7,1,9
BRDA:96,8,0,3
BRDA:96,8,1,9
BRDA:102,9,0,0
BRDA:102,9,1,0
BRDA:103,10,0,0
BRDA:103,10,1,0
BRDA:110,11,0,0
BRDA:110,11,1,0
BRDA:111,12,0,0
BRDA:111,12,1,0
BRDA:112,13,0,0
BRDA:112,13,1,0
BRDA:124,14,0,4
BRDA:124,15,0,13
BRDA:124,15,1,9
BRDA:130,16,0,0
BRDA:130,17,0,9
BRDA:130,17,1,9
BRDA:130,17,2,9
BRDA:130,17,3,9
BRF:35
BRH:12
end_of_record
TN:
SF:core/renderer/rendererManager.ts
FN:11,(anonymous_0)
FN:25,(anonymous_1)
FN:36,(anonymous_2)
FN:44,(anonymous_3)
FN:56,(anonymous_4)
FN:69,(anonymous_5)
FN:79,(anonymous_6)
FNF:7
FNH:6
FNDA:1,(anonymous_0)
FNDA:1,(anonymous_1)
FNDA:2,(anonymous_2)
FNDA:0,(anonymous_3)
FNDA:1,(anonymous_4)
FNDA:1,(anonymous_5)
FNDA:1,(anonymous_6)
DA:5,1
DA:6,1
DA:11,1
DA:12,1
DA:13,1
DA:21,1
DA:22,1
DA:23,1
DA:27,1
DA:28,1
DA:37,2
DA:45,0
DA:46,0
DA:48,0
DA:57,1
DA:58,1
DA:59,0
DA:61,1
DA:70,1
DA:80,1
DA:81,1
LF:21
LH:17
BRDA:11,0,0,1
BRDA:11,0,1,1
BRDA:45,1,0,0
BRDA:58,2,0,0
BRF:4
BRH:2
end_of_record
TN:
SF:parser/block/index.ts
FN:8,(anonymous_0)
FN:40,(anonymous_1)
FN:72,renderTokensToHTML
FN:97,renderOpeningTag
FN:102,(anonymous_4)
FN:109,renderClosingTag
FNF:6
FNH:5
FNDA:1,(anonymous_0)
FNDA:6,(anonymous_1)
FNDA:1,renderTokensToHTML
FNDA:2,renderOpeningTag
FNDA:0,(anonymous_4)
FNDA:2,renderClosingTag
DA:8,1
DA:9,1
DA:10,1
DA:11,1
DA:19,1
DA:21,6
DA:23,6
DA:25,6
DA:27,6
DA:31,6
DA:32,6
DA:55,6
DA:56,6
DA:57,6
DA:58,6
DA:59,6
DA:60,6
DA:61,6
DA:62,6
DA:63,6
DA:64,6
DA:65,6
DA:66,6
DA:67,6
DA:73,1
DA:74,1
DA:75,6
DA:77,2
DA:78,2
DA:80,2
DA:81,2
DA:83,2
DA:84,2
DA:87,0
DA:88,0
DA:89,0
DA:90,0
DA:93,1
DA:98,2
DA:99,2
DA:100,2
DA:101,0
DA:102,0
DA:105,2
DA:110,2
DA:111,2
DA:115,1
DA:124,1
DA:125,1
LF:49
LH:43
BRDA:8,0,0,1
BRDA:8,0,1,1
BRDA:58,1,0,6
BRDA:58,1,1,6
BRDA:60,2,0,6
BRDA:60,2,1,6
BRDA:62,3,0,6
BRDA:62,3,1,6
BRDA:66,4,0,6
BRDA:66,4,1,6
BRDA:67,5,0,6
BRDA:67,5,1,6
BRDA:75,6,0,2
BRDA:75,6,1,2
BRDA:75,6,2,2
BRDA:75,6,3,0
BRDA:80,7,0,2
BRDA:80,7,1,0
BRDA:98,8,0,0
BRDA:100,9,0,0
BRDA:105,10,0,0
BRDA:105,10,1,2
BRDA:110,11,0,0
BRF:23
BRH:17
end_of_record
TN:
SF:parser/block/state.ts
FN:20,(anonymous_0)
FN:35,(anonymous_1)
FN:40,(anonymous_2)
FN:43,(anonymous_3)
FN:44,(anonymous_4)
FN:45,(anonymous_5)
FN:49,(anonymous_6)
FN:74,(anonymous_7)
FNF:8
FNH:8
FNDA:6,(anonymous_0)
FNDA:1,(anonymous_1)
FNDA:7,(anonymous_2)
FNDA:28,(anonymous_3)
FNDA:26,(anonymous_4)
FNDA:28,(anonymous_5)
FNDA:5,(anonymous_6)
FNDA:5,(anonymous_7)
DA:3,1
DA:5,1
DA:6,1
DA:11,1
DA:13,6
DA:21,6
DA:30,1
DA:31,1
DA:36,1
DA:37,1
DA:42,7
DA:43,28
DA:44,26
DA:45,28
DA:51,5
DA:55,5
DA:56,30
DA:57,5
DA:58,5
DA:67,5
DA:70,0
DA:75,5
DA:76,5
DA:77,5
DA:78,5
DA:80,0
DA:81,0
DA:83,0
DA:84,0
DA:85,0
LF:30
LH:24
BRDA:21,0,0,6
BRDA:21,0,1,0
BRDA:56,1,0,5
BRDA:75,2,0,0
BRDA:76,3,0,0
BRDA:77,4,0,5
BRDA:77,5,0,5
BRDA:77,5,1,5
BRDA:80,6,0,0
BRDA:83,7,0,0
BRDA:84,8,0,0
BRF:11
BRH:5
end_of_record
TN:
SF:parser/block/rules/base.ts
FN:17,(anonymous_0)
FN:23,(anonymous_1)
FNF:2
FNH:2
FNDA:6,(anonymous_0)
FNDA:4,(anonymous_1)
DA:8,1
DA:9,1
DA:10,1
DA:11,1
DA:12,1
DA:13,1
DA:14,1
DA:16,1
DA:18,6
DA:20,6
DA:25,4
DA:26,0
DA:27,0
DA:28,0
DA:29,0
DA:30,0
DA:31,0
DA:33,4
LF:18
LH:12
BRDA:25,0,0,0
BRF:1
BRH:0
end_of_record
TN:
SF:parser/block/rules/empty.ts
FN:12,(anonymous_0)
FN:15,(anonymous_1)
FN:18,(anonymous_2)
FNF:3
FNH:2
FNDA:1,(anonymous_0)
FNDA:5,(anonymous_1)
FNDA:0,(anonymous_2)
DA:2,1
DA:4,1
DA:12,1
DA:13,1
DA:16,5
DA:20,0
DA:21,0
DA:22,0
DA:24,0
DA:25,0
DA:26,0
DA:27,0
DA:28,0
DA:29,0
DA:37,0
DA:38,0
DA:39,0
DA:41,0
DA:42,0
LF:19
LH:5
BRDA:20,0,0,0
BRDA:24,1,0,0
BRDA:31,2,0,0
BRDA:31,2,1,0
BRF:4
BRH:0
end_of_record
TN:
SF:parser/block/rules/heading.ts
FN:16,(anonymous_0)
FN:20,(anonymous_1)
FN:28,(anonymous_2)
FNF:3
FNH:2
FNDA:1,(anonymous_0)
FNDA:4,(anonymous_1)
FNDA:0,(anonymous_2)
DA:1,1
DA:2,1
DA:4,1
DA:12,1
DA:14,1
DA:17,1
DA:24,4
DA:29,0
DA:31,0
DA:32,0
DA:33,0
DA:34,0
DA:35,0
DA:49,0
LF:14
LH:7
BRF:0
BRH:0
end_of_record
TN:
SF:parser/block/rules/horizontal.ts
FN:9,(anonymous_0)
FN:13,(anonymous_1)
FN:17,(anonymous_2)
FNF:3
FNH:2
FNDA:1,(anonymous_0)
FNDA:4,(anonymous_1)
FNDA:0,(anonymous_2)
DA:1,1
DA:3,1
DA:4,1
DA:6,1
DA:7,1
DA:10,1
DA:14,4
DA:19,0
DA:20,0
DA:21,0
DA:24,0
LF:11
LH:7
BRF:0
BRH:0
end_of_record
TN:
SF:parser/block/rules/list.ts
FN:19,(anonymous_0)
FN:24,(anonymous_1)
FN:33,(anonymous_2)
FNF:3
FNH:2
FNDA:1,(anonymous_0)
FNDA:4,(anonymous_1)
FNDA:0,(anonymous_2)
DA:8,1
DA:10,1
DA:11,1
DA:13,1
DA:14,1
DA:15,1
DA:16,1
DA:17,1
DA:20,1
DA:26,4
DA:27,0
DA:29,4
DA:34,0
DA:35,0
DA:42,0
DA:43,0
DA:44,0
DA:45,0
DA:46,0
DA:47,0
DA:49,0
DA:52,0
DA:53,0
DA:54,0
DA:57,0
DA:58,0
DA:59,0
DA:67,0
DA:71,0
DA:73,0
DA:74,0
DA:75,0
DA:88,0
DA:90,0
DA:91,0
DA:103,0
DA:109,0
LF:37
LH:11
BRDA:26,0,0,0
BRDA:29,1,0,4
BRDA:29,1,1,4
BRDA:42,2,0,0
BRDA:42,2,1,0
BRDA:45,3,0,0
BRDA:45,3,1,0
BRDA:57,4,0,0
BRDA:57,5,0,0
BRDA:57,5,1,0
BRDA:62,6,0,0
BRDA:62,6,1,0
BRDA:71,7,0,0
BRDA:73,8,0,0
BRDA:73,8,1,0
BRDA:73,8,2,0
BRDA:78,9,0,0
BRDA:78,9,1,0
BRDA:88,10,0,0
BRDA:88,11,0,0
BRDA:88,11,1,0
BRDA:88,11,2,0
BRDA:94,12,0,0
BRDA:94,12,1,0
BRF:24
BRH:2
end_of_record
TN:
SF:parser/block/rules/paragraph.ts
FN:15,(anonymous_0)
FN:18,(anonymous_1)
FN:36,(anonymous_2)
FNF:3
FNH:3
FNDA:1,(anonymous_0)
FNDA:4,(anonymous_1)
FNDA:4,(anonymous_2)
DA:1,1
DA:2,1
DA:4,1
DA:5,1
DA:13,1
DA:16,1
DA:20,4
DA:22,0
DA:23,0
DA:25,0
DA:29,4
DA:30,3
DA:34,1
DA:37,4
DA:38,4
DA:41,4
DA:43,0
DA:44,0
DA:45,0
DA:52,0
DA:56,4
DA:57,1
DA:58,1
DA:70,4
DA:71,4
DA:72,4
DA:73,4
DA:74,4
LF:28
LH:21
BRDA:20,0,0,0
BRDA:22,1,0,0
BRDA:29,2,0,3
BRDA:34,3,0,1
BRDA:34,3,1,1
BRDA:34,3,2,1
BRDA:34,3,3,1
BRDA:41,4,0,0
BRDA:43,5,0,0
BRDA:56,6,0,1
BRF:10
BRH:6
end_of_record
TN:
SF:parser/block/rules/quote.ts
FN:14,(anonymous_0)
FN:18,(anonymous_1)
FN:23,(anonymous_2)
FN:58,(anonymous_3)
FN:69,(anonymous_4)
FNF:5
FNH:2
FNDA:1,(anonymous_0)
FNDA:4,(anonymous_1)
FNDA:0,(anonymous_2)
FNDA:0,(anonymous_3)
FNDA:0,(anonymous_4)
DA:1,1
DA:3,1
DA:4,1
DA:11,1
DA:12,1
DA:15,1
DA:19,4
DA:20,4
DA:24,0
DA:25,0
DA:26,0
DA:29,0
DA:30,0
DA:33,0
DA:34,0
DA:35,0
DA:39,0
DA:40,0
DA:41,0
DA:45,0
DA:54,0
DA:59,0
DA:70,0
LF:23
LH:8
BRF:0
BRH:0
end_of_record
TN:
SF:parser/block/rules/table.ts
FN:17,(anonymous_0)
FN:21,(anonymous_1)
FN:49,(anonymous_2)
FN:55,(anonymous_3)
FN:66,(anonymous_4)
FN:72,(anonymous_5)
FN:76,(anonymous_6)
FN:132,(anonymous_7)
FN:137,(anonymous_8)
FN:153,(anonymous_9)
FN:155,(anonymous_10)
FN:170,(anonymous_11)
FN:175,(anonymous_12)
FN:196,(anonymous_13)
FN:238,(anonymous_14)
FNF:15
FNH:15
FNDA:1,(anonymous_0)
FNDA:5,(anonymous_1)
FNDA:2,(anonymous_2)
FNDA:6,(anonymous_3)
FNDA:7,(anonymous_4)
FNDA:21,(anonymous_5)
FNDA:1,(anonymous_6)
FNDA:1,(anonymous_7)
FNDA:3,(anonymous_8)
FNDA:1,(anonymous_9)
FNDA:3,(anonymous_10)
FNDA:3,(anonymous_11)
FNDA:9,(anonymous_12)
FNDA:6,(anonymous_13)
FNDA:88,(anonymous_14)
DA:5,1
DA:7,1
DA:8,1
DA:10,1
DA:11,1
DA:13,1
DA:14,1
DA:15,1
DA:18,1
DA:22,5
DA:25,5
DA:26,4
DA:30,1
DA:31,1
DA:34,1
DA:35,1
DA:39,0
DA:41,0
DA:50,2
DA:51,2
DA:55,2
DA:56,6
DA:57,6
DA:68,7
DA:70,7
DA:72,21
DA:77,1
DA:80,1
DA:81,1
DA:82,1
DA:84,1
DA:85,1
DA:86,1
DA:87,1
DA:89,1
DA:90,1
DA:91,1
DA:94,1
DA:95,1
DA:96,3
DA:97,3
DA:98,3
DA:99,3
DA:100,3
DA:101,3
DA:103,0
DA:105,3
DA:108,1
DA:110,1
DA:114,1
DA:115,1
DA:122,0
DA:124,1
DA:133,1
DA:134,1
DA:135,1
DA:136,1
DA:137,1
DA:138,3
DA:144,3
DA:145,3
DA:148,1
DA:149,1
DA:154,1
DA:155,1
DA:156,3
DA:157,3
DA:158,3
DA:171,3
DA:172,3
DA:174,3
DA:175,3
DA:176,9
DA:177,9
DA:183,9
DA:184,9
DA:187,3
DA:197,6
DA:199,6
DA:202,6
DA:203,0
DA:206,6
DA:207,6
DA:208,6
DA:209,6
DA:210,6
DA:211,6
DA:212,100
DA:213,100
DA:215,0
DA:216,0
DA:218,100
DA:219,12
DA:221,0
DA:223,12
DA:225,88
DA:226,88
DA:227,40
DA:233,6
DA:235,6
DA:239,88
LF:101
LH:93
BRDA:25,0,0,4
BRDA:31,1,0,0
BRDA:34,2,0,1
BRDA:34,3,0,1
BRDA:34,3,1,1
BRDA:39,4,0,0
BRDA:57,5,0,6
BRDA:57,5,1,6
BRDA:80,6,0,1
BRDA:80,6,1,0
BRDA:82,7,0,1
BRDA:82,8,0,1
BRDA:82,8,1,1
BRDA:99,9,0,3
BRDA:99,9,1,0
BRDA:122,10,0,0
BRDA:122,10,1,0
BRDA:156,11,0,0
BRDA:156,11,1,3
BRDA:157,12,0,0
BRDA:157,12,1,3
BRDA:158,13,0,3
BRDA:158,13,1,0
BRDA:176,14,0,9
BRDA:176,14,1,0
BRDA:199,15,0,0
BRDA:202,16,0,0
BRDA:202,17,0,6
BRDA:202,17,1,6
BRDA:213,18,0,0
BRDA:218,19,0,12
BRDA:218,19,1,88
BRDA:219,20,0,0
BRDA:226,21,0,40
BRDA:233,22,0,0
BRDA:239,23,0,88
BRDA:239,23,1,40
BRDA:239,23,2,40
BRDA:239,23,3,40
BRF:39
BRH:24
end_of_record
TN:
SF:parser/inline/index.ts
FN:11,(anonymous_0)
FN:26,(anonymous_1)
FN:34,(anonymous_2)
FN:43,(anonymous_3)
FN:52,(anonymous_4)
FN:55,(anonymous_5)
FN:63,(anonymous_6)
FN:74,(anonymous_7)
FN:108,(anonymous_8)
FN:116,(anonymous_9)
FNF:10
FNH:7
FNDA:1,(anonymous_0)
FNDA:7,(anonymous_1)
FNDA:0,(anonymous_2)
FNDA:0,(anonymous_3)
FNDA:5,(anonymous_4)
FNDA:10,(anonymous_5)
FNDA:4,(anonymous_6)
FNDA:4,(anonymous_7)
FNDA:1,(anonymous_8)
FNDA:0,(anonymous_9)
DA:4,1
DA:11,1
DA:12,1
DA:13,1
DA:14,1
DA:15,1
DA:16,1
DA:17,1
DA:22,1
DA:23,7
DA:27,7
DA:35,0
DA:44,0
DA:53,5
DA:54,5
DA:55,10
DA:65,4
DA:66,4
DA:75,4
DA:79,4
DA:80,78
DA:81,78
DA:82,0
DA:83,0
DA:84,0
DA:85,0
DA:86,0
DA:89,78
DA:90,78
DA:91,78
DA:96,4
DA:99,4
DA:100,4
DA:101,4
DA:109,1
DA:117,0
LF:36
LH:28
BRDA:11,0,0,1
BRDA:11,0,1,1
BRDA:82,1,0,0
BRDA:89,2,0,78
BRF:4
BRH:3
end_of_record
TN:
SF:parser/inline/parserState.ts
FN:11,(anonymous_0)
FN:28,(anonymous_1)
FN:38,(anonymous_2)
FN:47,(anonymous_3)
FN:60,(anonymous_4)
FN:67,(anonymous_5)
FN:81,(anonymous_6)
FN:89,(anonymous_7)
FN:97,(anonymous_8)
FN:105,(anonymous_9)
FN:113,(anonymous_10)
FN:120,(anonymous_11)
FN:131,(anonymous_12)
FN:150,(anonymous_13)
FNF:14
FNH:9
FNDA:7,(anonymous_0)
FNDA:0,(anonymous_1)
FNDA:0,(anonymous_2)
FNDA:0,(anonymous_3)
FNDA:78,(anonymous_4)
FNDA:4,(anonymous_5)
FNDA:0,(anonymous_6)
FNDA:160,(anonymous_7)
FNDA:0,(anonymous_8)
FNDA:78,(anonymous_9)
FNDA:8,(anonymous_10)
FNDA:5,(anonymous_11)
FNDA:4,(anonymous_12)
FNDA:4,(anonymous_13)
DA:3,1
DA:4,1
DA:11,1
DA:13,7
DA:16,7
DA:19,7
DA:22,7
DA:29,0
DA:39,0
DA:49,0
DA:50,0
DA:51,0
DA:53,0
DA:61,78
DA:68,4
DA:69,4
DA:73,4
DA:82,0
DA:90,160
DA:98,0
DA:106,78
DA:114,8
DA:121,5
DA:122,5
DA:123,5
DA:124,5
DA:133,4
DA:134,0
DA:138,4
DA:139,0
DA:140,0
DA:144,4
DA:151,4
DA:152,4
DA:153,0
DA:154,0
DA:155,0
DA:156,0
DA:159,0
DA:160,0
DA:161,0
DA:162,0
DA:165,0
DA:166,0
DA:168,0
DA:169,0
DA:170,0
DA:171,0
DA:172,0
DA:176,0
LF:50
LH:23
BRDA:29,0,0,0
BRDA:29,0,1,0
BRDA:49,1,0,0
BRDA:49,2,0,0
BRDA:49,2,1,0
BRDA:68,3,0,4
BRDA:105,4,0,78
BRDA:133,5,0,4
BRDA:133,5,1,0
BRDA:139,6,0,0
BRDA:154,7,0,0
BRDA:161,8,0,0
BRDA:168,9,0,0
BRDA:176,10,0,0
BRDA:176,10,1,0
BRF:15
BRH:3
end_of_record
TN:
SF:parser/inline/state.ts
FN:10,(anonymous_0)
FN:19,(anonymous_1)
FN:27,(anonymous_2)
FN:39,(anonymous_3)
FNF:4
FNH:3
FNDA:5,(anonymous_0)
FNDA:5,(anonymous_1)
FNDA:0,(anonymous_2)
FNDA:1,(anonymous_3)
DA:4,1
DA:10,1
DA:11,5
DA:12,5
DA:20,5
DA:28,0
DA:39,1
DA:40,1
DA:41,1
DA:42,1
DA:43,1
DA:44,1
DA:45,1
DA:46,1
LF:14
LH:13
BRDA:39,0,0,1
BRDA:39,0,1,1
BRF:2
BRH:2
end_of_record
TN:
SF:parser/inline/tokenizer.ts
FN:20,(anonymous_0)
FN:27,(anonymous_1)
FN:44,(anonymous_2)
FN:59,(anonymous_3)
FN:73,(anonymous_4)
FN:81,(anonymous_5)
FN:94,(anonymous_6)
FNF:7
FNH:0
FNDA:0,(anonymous_0)
FNDA:0,(anonymous_1)
FNDA:0,(anonymous_2)
FNDA:0,(anonymous_3)
FNDA:0,(anonymous_4)
FNDA:0,(anonymous_5)
FNDA:0,(anonymous_6)
DA:13,0
DA:21,0
DA:28,0
DA:30,0
DA:31,0
DA:32,0
DA:33,0
DA:36,0
DA:37,0
DA:38,0
DA:45,0
DA:47,0
DA:48,0
DA:50,0
DA:51,0
DA:60,0
DA:61,0
DA:62,0
DA:63,0
DA:66,0
DA:74,0
DA:75,0
DA:82,0
DA:83,0
DA:86,0
DA:95,0
LF:26
LH:0
BRDA:45,0,0,0
BRDA:45,0,1,0
BRDA:60,1,0,0
BRDA:60,1,1,0
BRDA:62,2,0,0
BRDA:62,2,1,0
BRDA:82,3,0,0
BRF:7
BRH:0
end_of_record
TN:
SF:parser/inline/rules/del.ts
FN:10,(anonymous_0)
FN:14,(anonymous_1)
FN:18,(anonymous_2)
FN:36,(anonymous_3)
FNF:4
FNH:1
FNDA:1,(anonymous_0)
FNDA:0,(anonymous_1)
FNDA:0,(anonymous_2)
FNDA:0,(anonymous_3)
DA:1,1
DA:2,1
DA:3,1
DA:4,1
DA:10,1
DA:11,1
DA:12,1
DA:15,0
DA:20,0
DA:21,0
DA:23,0
DA:24,0
DA:26,0
DA:27,0
DA:28,0
DA:30,0
DA:31,0
DA:37,0
LF:18
LH:7
BRDA:15,0,0,0
BRDA:15,0,1,0
BRDA:26,1,0,0
BRDA:26,1,1,0
BRDA:38,2,0,0
BRDA:38,2,1,0
BRF:6
BRH:0
end_of_record
TN:
SF:parser/inline/rules/em.ts
FN:10,(anonymous_0)
FN:14,(anonymous_1)
FN:23,(anonymous_2)
FN:42,(anonymous_3)
FNF:4
FNH:1
FNDA:1,(anonymous_0)
FNDA:0,(anonymous_1)
FNDA:0,(anonymous_2)
FNDA:0,(anonymous_3)
DA:1,1
DA:2,1
DA:3,1
DA:4,1
DA:10,1
DA:11,1
DA:12,1
DA:16,0
DA:17,0
DA:20,0
DA:25,0
DA:26,0
DA:28,0
DA:29,0
DA:31,0
DA:32,0
DA:33,0
DA:36,0
DA:37,0
DA:38,0
DA:43,0
LF:21
LH:7
BRDA:16,0,0,0
BRDA:16,1,0,0
BRDA:16,1,1,0
BRDA:20,2,0,0
BRDA:20,2,1,0
BRDA:20,2,2,0
BRDA:31,3,0,0
BRDA:31,3,1,0
BRDA:44,4,0,0
BRDA:44,4,1,0
BRF:10
BRH:0
end_of_record
TN:
SF:parser/inline/rules/escape.ts
FN:10,(anonymous_0)
FN:14,(anonymous_1)
FN:18,(anonymous_2)
FN:43,(anonymous_3)
FNF:4
FNH:1
FNDA:1,(anonymous_0)
FNDA:0,(anonymous_1)
FNDA:0,(anonymous_2)
FNDA:0,(anonymous_3)
DA:1,1
DA:2,1
DA:3,1
DA:4,1
DA:10,1
DA:11,1
DA:12,1
DA:15,0
DA:20,0
DA:21,0
DA:24,0
DA:27,0
DA:29,0
DA:30,0
DA:33,0
DA:34,0
DA:37,0
DA:39,0
DA:45,0
LF:19
LH:7
BRDA:11,0,0,1
BRDA:11,0,1,0
BRDA:15,1,0,0
BRDA:15,1,1,0
BRDA:27,2,0,0
BRDA:33,3,0,0
BRDA:33,3,1,0
BRF:7
BRH:1
end_of_record
TN:
SF:parser/inline/rules/strong.ts
FN:10,(anonymous_0)
FN:15,(anonymous_1)
FN:25,(anonymous_2)
FN:47,(anonymous_3)
FNF:4
FNH:1
FNDA:1,(anonymous_0)
FNDA:0,(anonymous_1)
FNDA:0,(anonymous_2)
FNDA:0,(anonymous_3)
DA:1,1
DA:2,1
DA:3,1
DA:4,1
DA:10,1
DA:11,1
DA:12,1
DA:17,0
DA:18,0
DA:20,0
DA:21,0
DA:22,0
DA:27,0
DA:28,0
DA:30,0
DA:31,0
DA:35,0
DA:36,0
DA:37,0
DA:40,0
DA:41,0
DA:42,0
DA:43,0
DA:48,0
LF:24
LH:7
BRDA:17,0,0,0
BRDA:17,1,0,0
BRDA:17,1,1,0
BRDA:21,2,0,0
BRDA:21,2,1,0
BRDA:22,3,0,0
BRDA:22,3,1,0
BRDA:35,4,0,0
BRDA:35,4,1,0
BRDA:49,5,0,0
BRDA:49,5,1,0
BRF:11
BRH:0
end_of_record
TN:
SF:parser/inline/rules/text.ts
FN:8,(anonymous_0)
FN:12,(anonymous_1)
FN:17,(anonymous_2)
FN:41,(anonymous_3)
FNF:4
FNH:1
FNDA:1,(anonymous_0)
FNDA:0,(anonymous_1)
FNDA:0,(anonymous_2)
FNDA:0,(anonymous_3)
DA:2,1
DA:3,1
DA:4,1
DA:5,1
DA:8,1
DA:9,1
DA:10,1
DA:14,0
DA:18,0
DA:19,0
DA:20,0
DA:23,0
DA:24,0
DA:25,0
DA:26,0
DA:28,0
DA:29,0
DA:30,0
DA:31,0
DA:37,0
DA:38,0
DA:42,0
LF:22
LH:7
BRDA:9,0,0,1
BRDA:9,0,1,0
BRDA:23,1,0,0
BRDA:24,2,0,0
BRDA:28,3,0,0
BRF:5
BRH:1
end_of_record
TN:
SF:tokens/token.ts
FN:8,(anonymous_0)
FN:72,(anonymous_1)
FNF:2
FNH:2
FNDA:1,(anonymous_0)
FNDA:56,(anonymous_1)
DA:8,1
DA:9,1
DA:10,1
DA:11,1
DA:12,1
DA:13,1
DA:14,1
DA:15,1
DA:16,1
DA:17,1
DA:18,1
DA:19,1
DA:20,1
DA:21,1
DA:22,1
DA:23,1
DA:24,1
DA:25,1
DA:26,1
DA:27,1
DA:28,1
DA:29,1
DA:30,1
DA:31,1
DA:32,1
DA:33,1
DA:34,1
DA:35,1
DA:36,1
DA:37,1
DA:38,1
DA:39,1
DA:40,1
DA:41,1
DA:42,1
DA:43,1
DA:51,1
DA:53,56
DA:55,56
DA:57,56
DA:59,56
DA:63,56
DA:64,56
DA:87,56
DA:88,56
DA:89,56
DA:90,56
DA:91,56
DA:92,56
DA:93,56
DA:94,56
DA:95,56
DA:96,56
DA:97,56
DA:98,56
DA:99,56
LF:56
LH:56
BRDA:8,0,0,1
BRDA:8,0,1,1
BRDA:90,1,0,56
BRDA:90,1,1,56
BRDA:92,2,0,56
BRDA:92,2,1,16
BRDA:94,3,0,56
BRDA:94,3,1,56
BRDA:98,4,0,56
BRDA:98,4,1,53
BRDA:99,5,0,56
BRDA:99,5,1,56
BRF:12
BRH:12
end_of_record
